2025-07-14 23:04:26,578 - WARNING - autocutoff - [AUTO-CUTOFF] User 4 margin level 1.212348655430967164767515030% below cutoff threshold 10.0%. Initiating auto-cutoff.
2025-07-14 23:04:26,579 - WARNING - autocutoff - [AUTO-CUTOFF] Starting margin cutoff process for user 4 (type: live) with margin level 1.212348655430967164767515030%
2025-07-14 23:04:26,593 - INFO - autocutoff - [AUTO-CUTOFF] User 4 identified as Barclays live user
2025-07-14 23:04:26,611 - WARNING - autocutoff - [AUTO-CUTOFF] Found 1 open orders for user 4
2025-07-14 23:04:26,612 - WARNING - autocutoff - [AUTO-CUTOFF] Processing Barclays live user 4 - sending close requests to Firebase
2025-07-14 23:04:26,657 - WARNING - autocutoff - [AUTO-CUTOFF] SENDING TO FIREBASE: User 4, Order 1000057-001, Symbol BTCUSD, Close ID 1000058-003, Margin Level 1.212348655430967164767515030%
2025-07-14 23:04:26,657 - INFO - autocutoff - [AUTO-CUTOFF] Firebase payload: {'action': 'close_order', 'close_id': '1000058-003', 'order_id': '1000057-001', 'user_id': 4, 'order_company_name': 'BTCUSD', 'order_type': 'BUY', 'order_status': 'OPEN', 'status': 'CLOSED', 'order_quantity': '0.26000000', 'contract_value': '0.26000000', 'timestamp': '2025-07-15T06:04:26.657232+00:00'}
2025-07-14 23:04:26,996 - WARNING - autocutoff - [AUTO-CUTOFF] SUCCESSFULLY SENT TO FIREBASE: User 4, Order 1000057-001, Close ID 1000058-003
2025-07-14 23:04:27,114 - WARNING - autocutoff - [AUTO-CUTOFF] ORDER STATUS UPDATED: User 4, Order 1000057-001, Status: AUTO_CUTOFF_REQUESTED, Close ID: 1000058-003
2025-07-14 23:04:27,114 - WARNING - autocutoff - [AUTO-CUTOFF] Completed Firebase requests for user 4, publishing updates
2025-07-14 23:04:27,394 - WARNING - autocutoff - [AUTO-CUTOFF] COMPLETED: User 4 auto-cutoff process finished, waiting for Firebase confirmation
2025-07-14 23:05:26,574 - WARNING - autocutoff - [AUTO-CUTOFF] User 4 margin level 1.513281425715751460059691233% below cutoff threshold 10.0%. Initiating auto-cutoff.
2025-07-14 23:05:26,574 - WARNING - autocutoff - [AUTO-CUTOFF] Starting margin cutoff process for user 4 (type: live) with margin level 1.513281425715751460059691233%
2025-07-14 23:05:26,578 - INFO - autocutoff - [AUTO-CUTOFF] User 4 identified as Barclays live user
2025-07-14 23:05:26,585 - WARNING - autocutoff - [AUTO-CUTOFF] Found 1 open orders for user 4
2025-07-14 23:05:26,585 - WARNING - autocutoff - [AUTO-CUTOFF] Processing Barclays live user 4 - sending close requests to Firebase
2025-07-14 23:05:26,614 - WARNING - autocutoff - [AUTO-CUTOFF] SENDING TO FIREBASE: User 4, Order 1000057-001, Symbol BTCUSD, Close ID 1000059-003, Margin Level 1.513281425715751460059691233%
2025-07-14 23:05:26,614 - INFO - autocutoff - [AUTO-CUTOFF] Firebase payload: {'action': 'close_order', 'close_id': '1000059-003', 'order_id': '1000057-001', 'user_id': 4, 'order_company_name': 'BTCUSD', 'order_type': 'BUY', 'order_status': 'OPEN', 'status': 'CLOSED', 'order_quantity': '0.26000000', 'contract_value': '0.26000000', 'timestamp': '2025-07-15T06:05:26.614684+00:00'}
2025-07-14 23:05:26,964 - WARNING - autocutoff - [AUTO-CUTOFF] SUCCESSFULLY SENT TO FIREBASE: User 4, Order 1000057-001, Close ID 1000059-003
2025-07-14 23:05:27,018 - WARNING - autocutoff - [AUTO-CUTOFF] ORDER STATUS UPDATED: User 4, Order 1000057-001, Status: AUTO_CUTOFF_REQUESTED, Close ID: 1000059-003
2025-07-14 23:05:27,018 - WARNING - autocutoff - [AUTO-CUTOFF] Completed Firebase requests for user 4, publishing updates
2025-07-14 23:05:27,038 - WARNING - autocutoff - [AUTO-CUTOFF] COMPLETED: User 4 auto-cutoff process finished, waiting for Firebase confirmation
2025-07-14 23:08:27,412 - WARNING - autocutoff - [AUTO-CUTOFF] User 4 margin level 1.471229684889930073817989755% below cutoff threshold 10.0%. Initiating auto-cutoff.
2025-07-14 23:08:27,414 - WARNING - autocutoff - [AUTO-CUTOFF] Starting margin cutoff process for user 4 (type: live) with margin level 1.471229684889930073817989755%
2025-07-14 23:08:27,422 - INFO - autocutoff - [AUTO-CUTOFF] User 4 identified as Barclays live user
2025-07-14 23:08:27,424 - WARNING - autocutoff - [AUTO-CUTOFF] Found 1 open orders for user 4
2025-07-14 23:08:27,425 - WARNING - autocutoff - [AUTO-CUTOFF] Processing Barclays live user 4 - sending close requests to Firebase
2025-07-14 23:08:27,467 - WARNING - autocutoff - [AUTO-CUTOFF] SENDING TO FIREBASE: User 4, Order 1000057-001, Symbol BTCUSD, Close ID 1000060-003, Margin Level 1.471229684889930073817989755%
2025-07-14 23:08:27,468 - INFO - autocutoff - [AUTO-CUTOFF] Firebase payload: {'action': 'close_order', 'close_id': '1000060-003', 'order_id': '1000057-001', 'user_id': 4, 'order_company_name': 'BTCUSD', 'order_type': 'BUY', 'order_status': 'OPEN', 'status': 'CLOSED', 'order_quantity': '0.26000000', 'contract_value': '0.26000000', 'timestamp': '2025-07-15T06:08:27.467211+00:00'}
2025-07-14 23:08:27,845 - WARNING - autocutoff - [AUTO-CUTOFF] SUCCESSFULLY SENT TO FIREBASE: User 4, Order 1000057-001, Close ID 1000060-003
2025-07-14 23:08:27,918 - WARNING - autocutoff - [AUTO-CUTOFF] ORDER STATUS UPDATED: User 4, Order 1000057-001, Status: AUTO_CUTOFF_REQUESTED, Close ID: 1000060-003
2025-07-14 23:08:27,918 - WARNING - autocutoff - [AUTO-CUTOFF] Completed Firebase requests for user 4, publishing updates
2025-07-14 23:08:27,949 - WARNING - autocutoff - [AUTO-CUTOFF] COMPLETED: User 4 auto-cutoff process finished, waiting for Firebase confirmation
