2025-06-16 21:36:16,874 - DEBUG - cache - Last known price cached for symbol USDSEK
2025-06-16 21:36:16,881 - DEBUG - cache - Setting cache key: adjusted_market_price:Group B:USDSEK
2025-06-16 21:36:16,881 - DEBUG - cache - Successfully cached adjusted market price for key adjusted_market_price:Group B:USDSEK: {'buy': '9.4842500000', 'sell': '9.4810500000', 'spread_value': '0.00030000'}
2025-06-16 21:36:16,882 - DEBUG - cache - Successfully cached adjusted market price for key adjusted_market_price:Group B:USDSEK: {'buy': '9.4842500000', 'sell': '9.4810500000', 'spread_value': '0.00030000'}
2025-06-16 21:36:16,883 - DEBUG - cache - Last known price cached for symbol US30
2025-06-16 21:36:16,883 - DEBUG - cache - Setting cache key: adjusted_market_price:Group B:US30
2025-06-16 21:36:16,885 - DEBUG - cache - Last known price cached for symbol US30
2025-06-16 21:36:16,885 - DEBUG - cache - Setting cache key: adjusted_market_price:Group B:US30
2025-06-16 21:36:16,886 - DEBUG - cache - Successfully cached adjusted market price for key adjusted_market_price:Group B:US30: {'buy': '42367.1500000000', 'sell': '42366.1500000000', 'spread_value': '1.00000000'}
2025-06-16 21:36:16,886 - DEBUG - cache - Successfully cached adjusted market price for key adjusted_market_price:Group B:US30: {'buy': '42367.1500000000', 'sell': '42366.1500000000', 'spread_value': '1.00000000'}
2025-06-16 21:36:16,888 - DEBUG - cache - Last known price cached for symbol EURAUD
2025-06-16 21:36:16,888 - DEBUG - cache - Setting cache key: adjusted_market_price:Group B:EURAUD
2025-06-16 21:36:16,888 - DEBUG - cache - Last known price cached for symbol EURAUD
2025-06-16 21:36:16,888 - DEBUG - cache - Setting cache key: adjusted_market_price:Group B:EURAUD
2025-06-16 21:36:16,889 - DEBUG - cache - Successfully cached adjusted market price for key adjusted_market_price:Group B:EURAUD: {'buy': '1.7706300000', 'sell': '1.7702300000', 'spread_value': '0.00030000'}
2025-06-16 21:36:16,890 - DEBUG - cache - Successfully cached adjusted market price for key adjusted_market_price:Group B:EURAUD: {'buy': '1.7706300000', 'sell': '1.7702300000', 'spread_value': '0.00030000'}
2025-06-16 21:36:16,891 - DEBUG - cache - Last known price cached for symbol CHFSGD
2025-06-16 21:36:16,892 - DEBUG - cache - Setting cache key: adjusted_market_price:Group B:CHFSGD
2025-06-16 21:36:16,892 - DEBUG - cache - Last known price cached for symbol CHFSGD
2025-06-16 21:36:16,892 - DEBUG - cache - Setting cache key: adjusted_market_price:Group B:CHFSGD
2025-06-16 21:36:16,893 - DEBUG - cache - Successfully cached adjusted market price for key adjusted_market_price:Group B:CHFSGD: {'buy': '1.5757050000', 'sell': '1.5751150000', 'spread_value': '0.00025000'}
2025-06-16 21:36:16,894 - DEBUG - cache - Successfully cached adjusted market price for key adjusted_market_price:Group B:CHFSGD: {'buy': '1.5757050000', 'sell': '1.5751150000', 'spread_value': '0.00025000'}
2025-06-16 21:36:16,895 - DEBUG - cache - Last known price cached for symbol NZDUSD
2025-06-16 21:36:16,895 - DEBUG - cache - Setting cache key: adjusted_market_price:Group B:NZDUSD
2025-06-16 21:36:16,895 - DEBUG - cache - Last known price cached for symbol NZDUSD
2025-06-16 21:36:16,896 - DEBUG - cache - Setting cache key: adjusted_market_price:Group B:NZDUSD
2025-06-16 21:36:16,896 - DEBUG - cache - Successfully cached adjusted market price for key adjusted_market_price:Group B:NZDUSD: {'buy': '0.6070000000', 'sell': '0.6066800000', 'spread_value': '0.00030000'}
2025-06-16 21:36:16,897 - DEBUG - cache - Successfully cached adjusted market price for key adjusted_market_price:Group B:NZDUSD: {'buy': '0.6070000000', 'sell': '0.6066800000', 'spread_value': '0.00030000'}
2025-06-16 21:36:16,899 - DEBUG - cache - Last known price cached for symbol AUDUSD
2025-06-16 21:36:16,899 - DEBUG - cache - Setting cache key: adjusted_market_price:Group B:AUDUSD
2025-06-16 21:36:16,900 - DEBUG - cache - Last known price cached for symbol AUDUSD
2025-06-16 21:36:16,900 - DEBUG - cache - Setting cache key: adjusted_market_price:Group B:AUDUSD
2025-06-16 21:36:16,901 - DEBUG - cache - Successfully cached adjusted market price for key adjusted_market_price:Group B:AUDUSD: {'buy': '0.6532900000', 'sell': '0.6529700000', 'spread_value': '0.00030000'}
2025-06-16 21:36:16,901 - DEBUG - cache - Successfully cached adjusted market price for key adjusted_market_price:Group B:AUDUSD: {'buy': '0.6532900000', 'sell': '0.6529700000', 'spread_value': '0.00030000'}
2025-06-16 21:36:16,902 - DEBUG - cache - Last known price cached for symbol AUDCAD
2025-06-16 21:36:16,903 - DEBUG - cache - Setting cache key: adjusted_market_price:Group B:AUDCAD
2025-06-16 21:36:16,903 - DEBUG - cache - Last known price cached for symbol AUDCAD
2025-06-16 21:36:16,903 - DEBUG - cache - Setting cache key: adjusted_market_price:Group B:AUDCAD
2025-06-16 21:36:16,903 - DEBUG - cache - Successfully cached adjusted market price for key adjusted_market_price:Group B:AUDCAD: {'buy': '0.8865400000', 'sell': '0.8865300000', 'spread_value': '0E-8'}
2025-06-16 21:36:16,905 - DEBUG - cache - Successfully cached adjusted market price for key adjusted_market_price:Group B:AUDCAD: {'buy': '0.8865400000', 'sell': '0.8865300000', 'spread_value': '0E-8'}
2025-06-16 21:36:16,906 - DEBUG - cache - Last known price cached for symbol EURCHF
2025-06-16 21:36:16,906 - DEBUG - cache - Setting cache key: adjusted_market_price:Group B:EURCHF
2025-06-16 21:36:16,907 - DEBUG - cache - Last known price cached for symbol EURCHF
2025-06-16 21:36:16,907 - DEBUG - cache - Setting cache key: adjusted_market_price:Group B:EURCHF
2025-06-16 21:36:16,907 - DEBUG - cache - Successfully cached adjusted market price for key adjusted_market_price:Group B:EURCHF: {'buy': '0.9404100000', 'sell': '0.9400000000', 'spread_value': '0.00030000'}
2025-06-16 21:36:16,909 - DEBUG - cache - Successfully cached adjusted market price for key adjusted_market_price:Group B:EURCHF: {'buy': '0.9404100000', 'sell': '0.9400000000', 'spread_value': '0.00030000'}
2025-06-16 21:36:16,910 - DEBUG - cache - Last known price cached for symbol NZDCAD
2025-06-16 21:36:16,910 - DEBUG - cache - Setting cache key: adjusted_market_price:Group B:NZDCAD
2025-06-16 21:36:16,911 - DEBUG - cache - Last known price cached for symbol NZDCAD
2025-06-16 21:36:16,911 - DEBUG - cache - Setting cache key: adjusted_market_price:Group B:NZDCAD
2025-06-16 21:36:16,912 - DEBUG - cache - Successfully cached adjusted market price for key adjusted_market_price:Group B:NZDCAD: {'buy': '0.8237000000', 'sell': '0.8234000000', 'spread_value': '0.00030000'}
2025-06-16 21:36:16,914 - DEBUG - cache - Successfully cached adjusted market price for key adjusted_market_price:Group B:NZDCAD: {'buy': '0.8237000000', 'sell': '0.8234000000', 'spread_value': '0.00030000'}
2025-06-16 21:36:16,915 - DEBUG - cache - Last known price cached for symbol CHFJPY
2025-06-16 21:36:16,915 - DEBUG - cache - Setting cache key: adjusted_market_price:Group B:CHFJPY
2025-06-16 21:36:16,916 - DEBUG - cache - Successfully cached adjusted market price for key adjusted_market_price:Group B:CHFJPY: {'buy': '177.7450000000', 'sell': '177.6950000000', 'spread_value': '0.03000000'}
2025-06-16 21:36:16,917 - DEBUG - cache - Last known price cached for symbol CHFJPY
2025-06-16 21:36:16,917 - DEBUG - cache - Setting cache key: adjusted_market_price:Group B:CHFJPY
2025-06-16 21:36:16,919 - DEBUG - cache - Last known price cached for symbol EURUSD
2025-06-16 21:36:16,919 - DEBUG - cache - Setting cache key: adjusted_market_price:Group B:EURUSD
2025-06-16 21:36:16,920 - DEBUG - cache - Successfully cached adjusted market price for key adjusted_market_price:Group B:CHFJPY: {'buy': '177.7450000000', 'sell': '177.6950000000', 'spread_value': '0.03000000'}
2025-06-16 21:36:16,921 - DEBUG - cache - Successfully cached adjusted market price for key adjusted_market_price:Group B:EURUSD: {'buy': '1.1564500000', 'sell': '1.1563500000', 'spread_value': '0.00010000'}
2025-06-16 21:36:16,922 - DEBUG - cache - Last known price cached for symbol EURUSD
2025-06-16 21:36:16,922 - DEBUG - cache - Setting cache key: adjusted_market_price:Group B:EURUSD
2025-06-16 21:36:16,923 - DEBUG - cache - Last known price cached for symbol AUDCHF
2025-06-16 21:36:16,923 - DEBUG - cache - Setting cache key: adjusted_market_price:Group B:AUDCHF
2025-06-16 21:36:16,923 - DEBUG - cache - Successfully cached adjusted market price for key adjusted_market_price:Group B:EURUSD: {'buy': '1.1564500000', 'sell': '1.1563500000', 'spread_value': '0.00010000'}
2025-06-16 21:36:16,924 - DEBUG - cache - Successfully cached adjusted market price for key adjusted_market_price:Group B:AUDCHF: {'buy': '0.5313200000', 'sell': '0.5308400000', 'spread_value': '0.00040000'}
2025-06-16 21:36:16,925 - DEBUG - cache - Last known price cached for symbol AUDCHF
2025-06-16 21:36:16,926 - DEBUG - cache - Setting cache key: adjusted_market_price:Group B:AUDCHF
2025-06-16 21:36:16,927 - DEBUG - cache - Last known price cached for symbol EURSGD
2025-06-16 21:36:16,927 - DEBUG - cache - Setting cache key: adjusted_market_price:Group B:EURSGD
2025-06-16 21:36:16,928 - DEBUG - cache - Successfully cached adjusted market price for key adjusted_market_price:Group B:AUDCHF: {'buy': '0.5313200000', 'sell': '0.5308400000', 'spread_value': '0.00040000'}
2025-06-16 21:36:16,929 - DEBUG - cache - Successfully cached adjusted market price for key adjusted_market_price:Group B:EURSGD: {'buy': '1.4813750000', 'sell': '1.4808550000', 'spread_value': '0.00025000'}
2025-06-16 21:36:16,930 - DEBUG - cache - Last known price cached for symbol EURSGD
2025-06-16 21:36:16,930 - DEBUG - cache - Setting cache key: adjusted_market_price:Group B:EURSGD
2025-06-16 21:36:16,930 - DEBUG - cache - Last known price cached for symbol USDCAD
2025-06-16 21:36:16,931 - DEBUG - cache - Setting cache key: adjusted_market_price:Group B:USDCAD
2025-06-16 21:36:16,931 - DEBUG - cache - Successfully cached adjusted market price for key adjusted_market_price:Group B:EURSGD: {'buy': '1.4813750000', 'sell': '1.4808550000', 'spread_value': '0.00025000'}
2025-06-16 21:36:16,932 - DEBUG - cache - Successfully cached adjusted market price for key adjusted_market_price:Group B:USDCAD: {'buy': '1.3574900000', 'sell': '1.3571600000', 'spread_value': '0.00030000'}
2025-06-16 21:36:16,934 - DEBUG - cache - Last known price cached for symbol USDCAD
2025-06-16 21:36:16,934 - DEBUG - cache - Setting cache key: adjusted_market_price:Group B:USDCAD
2025-06-16 21:36:16,936 - DEBUG - cache - Last known price cached for symbol EURGBP
2025-06-16 21:36:16,936 - DEBUG - cache - Setting cache key: adjusted_market_price:Group B:EURGBP
2025-06-16 21:36:16,936 - DEBUG - cache - Successfully cached adjusted market price for key adjusted_market_price:Group B:USDCAD: {'buy': '1.3574900000', 'sell': '1.3571600000', 'spread_value': '0.00030000'}
2025-06-16 21:36:16,939 - DEBUG - cache - Successfully cached adjusted market price for key adjusted_market_price:Group B:EURGBP: {'buy': '0.8520000000', 'sell': '0.8516500000', 'spread_value': '0.00030000'}
2025-06-16 21:36:16,941 - DEBUG - cache - Last known price cached for symbol EURGBP
2025-06-16 21:36:16,941 - DEBUG - cache - Setting cache key: adjusted_market_price:Group B:EURGBP
2025-06-16 21:36:16,943 - DEBUG - cache - Last known price cached for symbol EURJPY
2025-06-16 21:36:16,943 - DEBUG - cache - Setting cache key: adjusted_market_price:Group B:EURJPY
2025-06-16 21:36:16,944 - DEBUG - cache - Successfully cached adjusted market price for key adjusted_market_price:Group B:EURGBP: {'buy': '0.8520000000', 'sell': '0.8516500000', 'spread_value': '0.00030000'}
2025-06-16 21:36:16,945 - DEBUG - cache - Successfully cached adjusted market price for key adjusted_market_price:Group B:EURJPY: {'buy': '167.1045000000', 'sell': '167.0745000000', 'spread_value': '0.02500000'}
2025-06-16 21:36:16,947 - DEBUG - cache - Last known price cached for symbol EURJPY
2025-06-16 21:36:16,948 - DEBUG - cache - Setting cache key: adjusted_market_price:Group B:EURJPY
2025-06-16 21:36:16,950 - DEBUG - cache - Successfully cached adjusted market price for key adjusted_market_price:Group B:EURJPY: {'buy': '167.1045000000', 'sell': '167.0745000000', 'spread_value': '0.02500000'}
2025-06-16 21:36:17,097 - DEBUG - cache - Static orders retrieved from cache for user 4
2025-06-16 21:36:17,098 - DEBUG - cache - User data retrieved from cache for user 4
2025-06-16 21:36:17,099 - DEBUG - cache - Static orders retrieved from cache for user 4
2025-06-16 21:36:17,099 - DEBUG - cache - User data retrieved from cache for user 4
2025-06-16 21:36:17,106 - DEBUG - cache - Aggregated 79 group-symbol settings for group 'Group B'.
2025-06-16 21:36:17,107 - DEBUG - cache - Dynamic portfolio cached for user 4
2025-06-16 21:36:17,109 - DEBUG - cache - Aggregated 79 group-symbol settings for group 'Group B'.
2025-06-16 21:36:17,110 - DEBUG - cache - Dynamic portfolio retrieved from cache for user 4
2025-06-16 21:36:17,110 - DEBUG - cache - Dynamic portfolio cached for user 4
2025-06-16 21:36:17,111 - DEBUG - cache - User data retrieved from cache for user 4
2025-06-16 21:36:17,112 - DEBUG - cache - Dynamic portfolio retrieved from cache for user 4
2025-06-16 21:36:17,113 - DEBUG - cache - User data retrieved from cache for user 4
2025-06-16 21:36:19,069 - DEBUG - cache - Aggregated 79 group-symbol settings for group 'Group B'.
2025-06-16 21:36:19,070 - DEBUG - cache - Aggregated 79 group-symbol settings for group 'Group B'.
2025-06-16 21:36:19,071 - DEBUG - cache - Last known price cached for symbol GBPSEK
2025-06-16 21:36:19,071 - DEBUG - cache - Setting cache key: adjusted_market_price:Group B:GBPSEK
2025-06-16 21:36:19,071 - DEBUG - cache - Last known price cached for symbol GBPSEK
2025-06-16 21:36:19,072 - DEBUG - cache - Setting cache key: adjusted_market_price:Group B:GBPSEK
2025-06-16 21:36:19,072 - DEBUG - cache - Successfully cached adjusted market price for key adjusted_market_price:Group B:GBPSEK: {'buy': '12.8758500000', 'sell': '12.8699500000', 'spread_value': '0.00030000'}
2025-06-16 21:36:19,073 - DEBUG - cache - Successfully cached adjusted market price for key adjusted_market_price:Group B:GBPSEK: {'buy': '12.8758500000', 'sell': '12.8699500000', 'spread_value': '0.00030000'}
2025-06-16 21:36:19,074 - DEBUG - cache - Last known price cached for symbol NZDJPY
2025-06-16 21:36:19,075 - DEBUG - cache - Setting cache key: adjusted_market_price:Group B:NZDJPY
2025-06-16 21:36:19,075 - DEBUG - cache - Last known price cached for symbol NZDJPY
2025-06-16 21:36:19,075 - DEBUG - cache - Setting cache key: adjusted_market_price:Group B:NZDJPY
2025-06-16 21:36:19,077 - DEBUG - cache - Successfully cached adjusted market price for key adjusted_market_price:Group B:NZDJPY: {'buy': '87.6845000000', 'sell': '87.6595000000', 'spread_value': '0.02500000'}
2025-06-16 21:36:19,078 - DEBUG - cache - Successfully cached adjusted market price for key adjusted_market_price:Group B:NZDJPY: {'buy': '87.6845000000', 'sell': '87.6595000000', 'spread_value': '0.02500000'}
2025-06-16 21:36:19,080 - DEBUG - cache - Last known price cached for symbol GBPAUD
2025-06-16 21:36:19,080 - DEBUG - cache - Setting cache key: adjusted_market_price:Group B:GBPAUD
2025-06-16 21:36:19,081 - DEBUG - cache - Last known price cached for symbol GBPAUD
2025-06-16 21:36:19,081 - DEBUG - cache - Setting cache key: adjusted_market_price:Group B:GBPAUD
2025-06-16 21:36:19,083 - DEBUG - cache - Successfully cached adjusted market price for key adjusted_market_price:Group B:GBPAUD: {'buy': '2.0785900000', 'sell': '2.0781200000', 'spread_value': '0.00030000'}
2025-06-16 21:36:19,084 - DEBUG - cache - Successfully cached adjusted market price for key adjusted_market_price:Group B:GBPAUD: {'buy': '2.0785900000', 'sell': '2.0781200000', 'spread_value': '0.00030000'}
2025-06-16 21:36:19,086 - DEBUG - cache - Last known price cached for symbol USDJPY
2025-06-16 21:36:19,086 - DEBUG - cache - Setting cache key: adjusted_market_price:Group B:USDJPY
2025-06-16 21:36:19,087 - DEBUG - cache - Last known price cached for symbol USDJPY
2025-06-16 21:36:19,087 - DEBUG - cache - Setting cache key: adjusted_market_price:Group B:USDJPY
2025-06-16 21:36:19,088 - DEBUG - cache - Successfully cached adjusted market price for key adjusted_market_price:Group B:USDJPY: {'buy': '144.5550000000', 'sell': '144.4490000000', 'spread_value': '0.10000000'}
2025-06-16 21:36:19,089 - DEBUG - cache - Successfully cached adjusted market price for key adjusted_market_price:Group B:USDJPY: {'buy': '144.5550000000', 'sell': '144.4490000000', 'spread_value': '0.10000000'}
2025-06-16 21:36:19,089 - DEBUG - cache - Last known price cached for symbol USDCNH
2025-06-16 21:36:19,090 - DEBUG - cache - Setting cache key: adjusted_market_price:Group B:USDCNH
2025-06-16 21:36:19,090 - DEBUG - cache - Last known price cached for symbol USDCNH
2025-06-16 21:36:19,090 - DEBUG - cache - Setting cache key: adjusted_market_price:Group B:USDCNH
2025-06-16 21:36:19,091 - DEBUG - cache - Successfully cached adjusted market price for key adjusted_market_price:Group B:USDCNH: {'buy': '7.1819100000', 'sell': '7.1816100000', 'spread_value': '0.00030000'}
2025-06-16 21:36:19,092 - DEBUG - cache - Successfully cached adjusted market price for key adjusted_market_price:Group B:USDCNH: {'buy': '7.1819100000', 'sell': '7.1816100000', 'spread_value': '0.00030000'}
2025-06-16 21:36:19,093 - DEBUG - cache - Last known price cached for symbol CADCHF
2025-06-16 21:36:19,094 - DEBUG - cache - Setting cache key: adjusted_market_price:Group B:CADCHF
2025-06-16 21:36:19,094 - DEBUG - cache - Last known price cached for symbol CADCHF
2025-06-16 21:36:19,094 - DEBUG - cache - Setting cache key: adjusted_market_price:Group B:CADCHF
2025-06-16 21:36:19,095 - DEBUG - cache - Successfully cached adjusted market price for key adjusted_market_price:Group B:CADCHF: {'buy': '0.5992450000', 'sell': '0.5989350000', 'spread_value': '0.00025000'}
2025-06-16 21:36:19,096 - DEBUG - cache - Successfully cached adjusted market price for key adjusted_market_price:Group B:CADCHF: {'buy': '0.5992450000', 'sell': '0.5989350000', 'spread_value': '0.00025000'}
2025-06-16 21:36:19,097 - DEBUG - cache - Last known price cached for symbol EURNZD
2025-06-16 21:36:19,098 - DEBUG - cache - Setting cache key: adjusted_market_price:Group B:EURNZD
2025-06-16 21:36:19,099 - DEBUG - cache - Last known price cached for symbol EURNZD
2025-06-16 21:36:19,099 - DEBUG - cache - Setting cache key: adjusted_market_price:Group B:EURNZD
2025-06-16 21:36:19,099 - DEBUG - cache - Successfully cached adjusted market price for key adjusted_market_price:Group B:EURNZD: {'buy': '1.9059650000', 'sell': '1.9057150000', 'spread_value': '0.00025000'}
2025-06-16 21:36:19,100 - DEBUG - cache - Successfully cached adjusted market price for key adjusted_market_price:Group B:EURNZD: {'buy': '1.9059650000', 'sell': '1.9057150000', 'spread_value': '0.00025000'}
2025-06-16 21:36:19,101 - DEBUG - cache - Last known price cached for symbol EURZAR
2025-06-16 21:36:19,101 - DEBUG - cache - Setting cache key: adjusted_market_price:Group B:EURZAR
2025-06-16 21:36:19,102 - DEBUG - cache - Last known price cached for symbol EURZAR
2025-06-16 21:36:19,102 - DEBUG - cache - Setting cache key: adjusted_market_price:Group B:EURZAR
2025-06-16 21:36:19,103 - DEBUG - cache - Successfully cached adjusted market price for key adjusted_market_price:Group B:EURZAR: {'buy': '20.6270200000', 'sell': '20.5984900000', 'spread_value': '0.00030000'}
2025-06-16 21:36:19,104 - DEBUG - cache - Successfully cached adjusted market price for key adjusted_market_price:Group B:EURZAR: {'buy': '20.6270200000', 'sell': '20.5984900000', 'spread_value': '0.00030000'}
2025-06-16 21:36:19,105 - DEBUG - cache - Last known price cached for symbol AUDJPY
2025-06-16 21:36:19,105 - DEBUG - cache - Setting cache key: adjusted_market_price:Group B:AUDJPY
2025-06-16 21:36:19,106 - DEBUG - cache - Last known price cached for symbol AUDJPY
2025-06-16 21:36:19,106 - DEBUG - cache - Setting cache key: adjusted_market_price:Group B:AUDJPY
2025-06-16 21:36:19,106 - DEBUG - cache - Successfully cached adjusted market price for key adjusted_market_price:Group B:AUDJPY: {'buy': '94.4330000000', 'sell': '94.3250000000', 'spread_value': '0.10000000'}
2025-06-16 21:36:19,108 - DEBUG - cache - Successfully cached adjusted market price for key adjusted_market_price:Group B:AUDJPY: {'buy': '94.4330000000', 'sell': '94.3250000000', 'spread_value': '0.10000000'}
2025-06-16 21:36:19,109 - DEBUG - cache - Last known price cached for symbol EURSEK
2025-06-16 21:36:19,109 - DEBUG - cache - Setting cache key: adjusted_market_price:Group B:EURSEK
2025-06-16 21:36:19,109 - DEBUG - cache - Last known price cached for symbol EURSEK
2025-06-16 21:36:19,110 - DEBUG - cache - Setting cache key: adjusted_market_price:Group B:EURSEK
2025-06-16 21:36:19,110 - DEBUG - cache - Successfully cached adjusted market price for key adjusted_market_price:Group B:EURSEK: {'buy': '10.9679000000', 'sell': '10.9631400000', 'spread_value': '0.00030000'}
2025-06-16 21:36:19,111 - DEBUG - cache - Successfully cached adjusted market price for key adjusted_market_price:Group B:EURSEK: {'buy': '10.9679000000', 'sell': '10.9631400000', 'spread_value': '0.00030000'}
2025-06-16 21:36:19,113 - DEBUG - cache - Last known price cached for symbol EURPLN
2025-06-16 21:36:19,113 - DEBUG - cache - Setting cache key: adjusted_market_price:Group B:EURPLN
2025-06-16 21:36:19,114 - DEBUG - cache - Last known price cached for symbol EURPLN
2025-06-16 21:36:19,114 - DEBUG - cache - Setting cache key: adjusted_market_price:Group B:EURPLN
2025-06-16 21:36:19,115 - DEBUG - cache - Successfully cached adjusted market price for key adjusted_market_price:Group B:EURPLN: {'buy': '4.2768700000', 'sell': '4.2729100000', 'spread_value': '0.00030000'}
2025-06-16 21:36:19,116 - DEBUG - cache - Successfully cached adjusted market price for key adjusted_market_price:Group B:EURPLN: {'buy': '4.2768700000', 'sell': '4.2729100000', 'spread_value': '0.00030000'}
2025-06-16 21:36:19,118 - DEBUG - cache - Last known price cached for symbol SGDJPY
2025-06-16 21:36:19,118 - DEBUG - cache - Setting cache key: adjusted_market_price:Group B:SGDJPY
2025-06-16 21:36:19,119 - DEBUG - cache - Last known price cached for symbol SGDJPY
2025-06-16 21:36:19,120 - DEBUG - cache - Setting cache key: adjusted_market_price:Group B:SGDJPY
2025-06-16 21:36:19,121 - DEBUG - cache - Successfully cached adjusted market price for key adjusted_market_price:Group B:SGDJPY: {'buy': '112.8235000000', 'sell': '112.7795000000', 'spread_value': '0.02500000'}
2025-06-16 21:36:19,122 - DEBUG - cache - Successfully cached adjusted market price for key adjusted_market_price:Group B:SGDJPY: {'buy': '112.8235000000', 'sell': '112.7795000000', 'spread_value': '0.02500000'}
2025-06-16 21:36:19,123 - DEBUG - cache - Last known price cached for symbol JP225
2025-06-16 21:36:19,123 - DEBUG - cache - Setting cache key: adjusted_market_price:Group B:JP225
2025-06-16 21:36:19,124 - DEBUG - cache - Last known price cached for symbol JP225
2025-06-16 21:36:19,124 - DEBUG - cache - Setting cache key: adjusted_market_price:Group B:JP225
2025-06-16 21:36:19,125 - DEBUG - cache - Successfully cached adjusted market price for key adjusted_market_price:Group B:JP225: {'buy': '38485.5800000000', 'sell': '38481.5800000000', 'spread_value': '4.00000000'}
2025-06-16 21:36:19,126 - DEBUG - cache - Successfully cached adjusted market price for key adjusted_market_price:Group B:JP225: {'buy': '38485.5800000000', 'sell': '38481.5800000000', 'spread_value': '4.00000000'}
2025-06-16 21:36:19,128 - DEBUG - cache - Last known price cached for symbol USDCHF
2025-06-16 21:36:19,129 - DEBUG - cache - Setting cache key: adjusted_market_price:Group B:USDCHF
2025-06-16 21:36:19,130 - DEBUG - cache - Last known price cached for symbol USDCHF
2025-06-16 21:36:19,130 - DEBUG - cache - Setting cache key: adjusted_market_price:Group B:USDCHF
2025-06-16 21:36:19,131 - DEBUG - cache - Successfully cached adjusted market price for key adjusted_market_price:Group B:USDCHF: {'buy': '0.8132300000', 'sell': '0.8128800000', 'spread_value': '0.00030000'}
2025-06-16 21:36:19,132 - DEBUG - cache - Successfully cached adjusted market price for key adjusted_market_price:Group B:USDCHF: {'buy': '0.8132300000', 'sell': '0.8128800000', 'spread_value': '0.00030000'}
2025-06-16 21:36:19,133 - DEBUG - cache - Last known price cached for symbol EURCAD
2025-06-16 21:36:19,133 - DEBUG - cache - Setting cache key: adjusted_market_price:Group B:EURCAD
2025-06-16 21:36:19,134 - DEBUG - cache - Last known price cached for symbol EURCAD
2025-06-16 21:36:19,135 - DEBUG - cache - Setting cache key: adjusted_market_price:Group B:EURCAD
2025-06-16 21:36:19,136 - DEBUG - cache - Successfully cached adjusted market price for key adjusted_market_price:Group B:EURCAD: {'buy': '1.5696700000', 'sell': '1.5694700000', 'spread_value': '0.00020000'}
2025-06-16 21:36:19,137 - DEBUG - cache - Successfully cached adjusted market price for key adjusted_market_price:Group B:EURCAD: {'buy': '1.5696700000', 'sell': '1.5694700000', 'spread_value': '0.00020000'}
2025-06-16 21:36:19,138 - DEBUG - cache - Last known price cached for symbol USDNOK
2025-06-16 21:36:19,138 - DEBUG - cache - Setting cache key: adjusted_market_price:Group B:USDNOK
2025-06-16 21:36:19,139 - DEBUG - cache - Last known price cached for symbol USDNOK
2025-06-16 21:36:19,139 - DEBUG - cache - Setting cache key: adjusted_market_price:Group B:USDNOK
2025-06-16 21:36:19,141 - DEBUG - cache - Successfully cached adjusted market price for key adjusted_market_price:Group B:USDNOK: {'buy': '9.9017000000', 'sell': '9.8985200000', 'spread_value': '0.00040000'}
2025-06-16 21:36:19,143 - DEBUG - cache - Successfully cached adjusted market price for key adjusted_market_price:Group B:USDNOK: {'buy': '9.9017000000', 'sell': '9.8985200000', 'spread_value': '0.00040000'}
2025-06-16 21:36:19,144 - DEBUG - cache - Last known price cached for symbol CADJPY
2025-06-16 21:36:19,145 - DEBUG - cache - Setting cache key: adjusted_market_price:Group B:CADJPY
2025-06-16 21:36:19,145 - DEBUG - cache - Last known price cached for symbol CADJPY
2025-06-16 21:36:19,145 - DEBUG - cache - Setting cache key: adjusted_market_price:Group B:CADJPY
2025-06-16 21:36:19,147 - DEBUG - cache - Successfully cached adjusted market price for key adjusted_market_price:Group B:CADJPY: {'buy': '106.4775000000', 'sell': '106.4475000000', 'spread_value': '0.02500000'}
2025-06-16 21:36:19,149 - DEBUG - cache - Successfully cached adjusted market price for key adjusted_market_price:Group B:CADJPY: {'buy': '106.4775000000', 'sell': '106.4475000000', 'spread_value': '0.02500000'}
2025-06-16 21:36:19,151 - DEBUG - cache - Last known price cached for symbol USDSEK
2025-06-16 21:36:19,151 - DEBUG - cache - Setting cache key: adjusted_market_price:Group B:USDSEK
2025-06-16 21:36:19,152 - DEBUG - cache - Last known price cached for symbol USDSEK
2025-06-16 21:36:19,152 - DEBUG - cache - Setting cache key: adjusted_market_price:Group B:USDSEK
2025-06-16 21:36:19,152 - DEBUG - cache - Successfully cached adjusted market price for key adjusted_market_price:Group B:USDSEK: {'buy': '9.4840400000', 'sell': '9.4810500000', 'spread_value': '0.00030000'}
2025-06-16 21:36:19,155 - DEBUG - cache - Successfully cached adjusted market price for key adjusted_market_price:Group B:USDSEK: {'buy': '9.4840400000', 'sell': '9.4810500000', 'spread_value': '0.00030000'}
2025-06-16 21:36:19,156 - DEBUG - cache - Last known price cached for symbol US30
2025-06-16 21:36:19,157 - DEBUG - cache - Setting cache key: adjusted_market_price:Group B:US30
2025-06-16 21:36:19,158 - DEBUG - cache - Last known price cached for symbol US30
2025-06-16 21:36:19,159 - DEBUG - cache - Setting cache key: adjusted_market_price:Group B:US30
2025-06-16 21:36:19,159 - DEBUG - cache - Successfully cached adjusted market price for key adjusted_market_price:Group B:US30: {'buy': '42364.4000000000', 'sell': '42363.4000000000', 'spread_value': '1.00000000'}
2025-06-16 21:36:19,161 - DEBUG - cache - Successfully cached adjusted market price for key adjusted_market_price:Group B:US30: {'buy': '42364.4000000000', 'sell': '42363.4000000000', 'spread_value': '1.00000000'}
2025-06-16 21:36:19,163 - DEBUG - cache - Last known price cached for symbol GBPUSD
2025-06-16 21:36:19,163 - DEBUG - cache - Setting cache key: adjusted_market_price:Group B:GBPUSD
2025-06-16 21:36:19,164 - DEBUG - cache - Last known price cached for symbol GBPUSD
2025-06-16 21:36:19,164 - DEBUG - cache - Setting cache key: adjusted_market_price:Group B:GBPUSD
2025-06-16 21:36:19,165 - DEBUG - cache - Successfully cached adjusted market price for key adjusted_market_price:Group B:GBPUSD: {'buy': '1.3575300000', 'sell': '1.3573200000', 'spread_value': '0.00020000'}
2025-06-16 21:36:19,168 - DEBUG - cache - Successfully cached adjusted market price for key adjusted_market_price:Group B:GBPUSD: {'buy': '1.3575300000', 'sell': '1.3573200000', 'spread_value': '0.00020000'}
2025-06-16 21:36:19,169 - DEBUG - cache - Last known price cached for symbol EURAUD
2025-06-16 21:36:19,170 - DEBUG - cache - Setting cache key: adjusted_market_price:Group B:EURAUD
2025-06-16 21:36:19,171 - DEBUG - cache - Last known price cached for symbol EURAUD
2025-06-16 21:36:19,171 - DEBUG - cache - Setting cache key: adjusted_market_price:Group B:EURAUD
2025-06-16 21:36:19,171 - DEBUG - cache - Successfully cached adjusted market price for key adjusted_market_price:Group B:EURAUD: {'buy': '1.7704800000', 'sell': '1.7700700000', 'spread_value': '0.00030000'}
2025-06-16 21:36:19,174 - DEBUG - cache - Successfully cached adjusted market price for key adjusted_market_price:Group B:EURAUD: {'buy': '1.7704800000', 'sell': '1.7700700000', 'spread_value': '0.00030000'}
2025-06-16 21:36:19,175 - DEBUG - cache - Last known price cached for symbol CHFSGD
2025-06-16 21:36:19,175 - DEBUG - cache - Setting cache key: adjusted_market_price:Group B:CHFSGD
2025-06-16 21:36:19,177 - DEBUG - cache - Successfully cached adjusted market price for key adjusted_market_price:Group B:CHFSGD: {'buy': '1.5758250000', 'sell': '1.5752250000', 'spread_value': '0.00025000'}
2025-06-16 21:36:19,177 - DEBUG - cache - Last known price cached for symbol CHFSGD
2025-06-16 21:36:19,177 - DEBUG - cache - Setting cache key: adjusted_market_price:Group B:CHFSGD
2025-06-16 21:36:19,178 - DEBUG - cache - Successfully cached adjusted market price for key adjusted_market_price:Group B:CHFSGD: {'buy': '1.5758250000', 'sell': '1.5752250000', 'spread_value': '0.00025000'}
2025-06-16 21:36:19,179 - DEBUG - cache - Last known price cached for symbol NZDUSD
2025-06-16 21:36:19,179 - DEBUG - cache - Setting cache key: adjusted_market_price:Group B:NZDUSD
2025-06-16 21:36:19,181 - DEBUG - cache - Last known price cached for symbol NZDUSD
2025-06-16 21:36:19,181 - DEBUG - cache - Setting cache key: adjusted_market_price:Group B:NZDUSD
2025-06-16 21:36:19,181 - DEBUG - cache - Successfully cached adjusted market price for key adjusted_market_price:Group B:NZDUSD: {'buy': '0.6070000000', 'sell': '0.6066600000', 'spread_value': '0.00030000'}
2025-06-16 21:36:19,183 - DEBUG - cache - Successfully cached adjusted market price for key adjusted_market_price:Group B:NZDUSD: {'buy': '0.6070000000', 'sell': '0.6066600000', 'spread_value': '0.00030000'}
2025-06-16 21:36:19,184 - DEBUG - cache - Last known price cached for symbol AUDCAD
2025-06-16 21:36:19,184 - DEBUG - cache - Setting cache key: adjusted_market_price:Group B:AUDCAD
2025-06-16 21:36:19,185 - DEBUG - cache - Successfully cached adjusted market price for key adjusted_market_price:Group B:AUDCAD: {'buy': '0.8865400000', 'sell': '0.8864900000', 'spread_value': '0E-8'}
2025-06-16 21:36:19,185 - DEBUG - cache - Last known price cached for symbol AUDCAD
2025-06-16 21:36:19,185 - DEBUG - cache - Setting cache key: adjusted_market_price:Group B:AUDCAD
2025-06-16 21:36:19,187 - DEBUG - cache - Last known price cached for symbol EURNOK
2025-06-16 21:36:19,187 - DEBUG - cache - Setting cache key: adjusted_market_price:Group B:EURNOK
2025-06-16 21:36:19,187 - DEBUG - cache - Successfully cached adjusted market price for key adjusted_market_price:Group B:AUDCAD: {'buy': '0.8865400000', 'sell': '0.8864900000', 'spread_value': '0E-8'}
2025-06-16 21:36:19,188 - DEBUG - cache - Successfully cached adjusted market price for key adjusted_market_price:Group B:EURNOK: {'buy': '11.4508700000', 'sell': '11.4460000000', 'spread_value': '0.00030000'}
2025-06-16 21:36:19,189 - DEBUG - cache - Last known price cached for symbol EURNOK
2025-06-16 21:36:19,189 - DEBUG - cache - Setting cache key: adjusted_market_price:Group B:EURNOK
2025-06-16 21:36:19,190 - DEBUG - cache - Last known price cached for symbol GBPNZD
2025-06-16 21:36:19,191 - DEBUG - cache - Setting cache key: adjusted_market_price:Group B:GBPNZD
2025-06-16 21:36:19,191 - DEBUG - cache - Successfully cached adjusted market price for key adjusted_market_price:Group B:EURNOK: {'buy': '11.4508700000', 'sell': '11.4460000000', 'spread_value': '0.00030000'}
2025-06-16 21:36:19,192 - DEBUG - cache - Successfully cached adjusted market price for key adjusted_market_price:Group B:GBPNZD: {'buy': '2.2374100000', 'sell': '2.2369200000', 'spread_value': '0.00030000'}
2025-06-16 21:36:19,193 - DEBUG - cache - Last known price cached for symbol GBPNZD
2025-06-16 21:36:19,193 - DEBUG - cache - Setting cache key: adjusted_market_price:Group B:GBPNZD
2025-06-16 21:36:19,193 - DEBUG - cache - Last known price cached for symbol EURCHF
2025-06-16 21:36:19,193 - DEBUG - cache - Setting cache key: adjusted_market_price:Group B:EURCHF
2025-06-16 21:36:19,194 - DEBUG - cache - Successfully cached adjusted market price for key adjusted_market_price:Group B:GBPNZD: {'buy': '2.2374100000', 'sell': '2.2369200000', 'spread_value': '0.00030000'}
2025-06-16 21:36:19,194 - DEBUG - cache - Successfully cached adjusted market price for key adjusted_market_price:Group B:EURCHF: {'buy': '0.9404000000', 'sell': '0.9400000000', 'spread_value': '0.00030000'}
2025-06-16 21:36:19,195 - DEBUG - cache - Last known price cached for symbol EURCHF
2025-06-16 21:36:19,195 - DEBUG - cache - Setting cache key: adjusted_market_price:Group B:EURCHF
2025-06-16 21:36:19,197 - DEBUG - cache - Last known price cached for symbol NZDCAD
2025-06-16 21:36:19,198 - DEBUG - cache - Setting cache key: adjusted_market_price:Group B:NZDCAD
2025-06-16 21:36:19,198 - DEBUG - cache - Successfully cached adjusted market price for key adjusted_market_price:Group B:EURCHF: {'buy': '0.9404000000', 'sell': '0.9400000000', 'spread_value': '0.00030000'}
2025-06-16 21:36:19,199 - DEBUG - cache - Successfully cached adjusted market price for key adjusted_market_price:Group B:NZDCAD: {'buy': '0.8236700000', 'sell': '0.8233700000', 'spread_value': '0.00030000'}
2025-06-16 21:36:19,200 - DEBUG - cache - Last known price cached for symbol NZDCAD
2025-06-16 21:36:19,200 - DEBUG - cache - Setting cache key: adjusted_market_price:Group B:NZDCAD
2025-06-16 21:36:19,201 - DEBUG - cache - Successfully cached adjusted market price for key adjusted_market_price:Group B:NZDCAD: {'buy': '0.8236700000', 'sell': '0.8233700000', 'spread_value': '0.00030000'}
2025-06-16 21:36:19,202 - DEBUG - cache - Last known price cached for symbol EURUSD
2025-06-16 21:36:19,202 - DEBUG - cache - Setting cache key: adjusted_market_price:Group B:EURUSD
2025-06-16 21:36:19,203 - DEBUG - cache - Last known price cached for symbol EURUSD
2025-06-16 21:36:19,203 - DEBUG - cache - Setting cache key: adjusted_market_price:Group B:EURUSD
2025-06-16 21:36:19,204 - DEBUG - cache - Successfully cached adjusted market price for key adjusted_market_price:Group B:EURUSD: {'buy': '1.1562700000', 'sell': '1.1561600000', 'spread_value': '0.00010000'}
2025-06-16 21:36:19,205 - DEBUG - cache - Successfully cached adjusted market price for key adjusted_market_price:Group B:EURUSD: {'buy': '1.1562700000', 'sell': '1.1561600000', 'spread_value': '0.00010000'}
2025-06-16 21:36:19,206 - DEBUG - cache - Last known price cached for symbol EURSGD
2025-06-16 21:36:19,206 - DEBUG - cache - Setting cache key: adjusted_market_price:Group B:EURSGD
2025-06-16 21:36:19,207 - DEBUG - cache - Last known price cached for symbol EURSGD
2025-06-16 21:36:19,207 - DEBUG - cache - Setting cache key: adjusted_market_price:Group B:EURSGD
2025-06-16 21:36:19,207 - DEBUG - cache - Successfully cached adjusted market price for key adjusted_market_price:Group B:EURSGD: {'buy': '1.4815150000', 'sell': '1.4810250000', 'spread_value': '0.00025000'}
2025-06-16 21:36:19,208 - DEBUG - cache - Successfully cached adjusted market price for key adjusted_market_price:Group B:EURSGD: {'buy': '1.4815150000', 'sell': '1.4810250000', 'spread_value': '0.00025000'}
2025-06-16 21:36:19,209 - DEBUG - cache - Last known price cached for symbol USDCAD
2025-06-16 21:36:19,209 - DEBUG - cache - Setting cache key: adjusted_market_price:Group B:USDCAD
2025-06-16 21:36:19,210 - DEBUG - cache - Successfully cached adjusted market price for key adjusted_market_price:Group B:USDCAD: {'buy': '1.3575600000', 'sell': '1.3572000000', 'spread_value': '0.00030000'}
2025-06-16 21:36:19,211 - DEBUG - cache - Last known price cached for symbol USDCAD
2025-06-16 21:36:19,211 - DEBUG - cache - Setting cache key: adjusted_market_price:Group B:USDCAD
2025-06-16 21:36:19,213 - DEBUG - cache - Successfully cached adjusted market price for key adjusted_market_price:Group B:USDCAD: {'buy': '1.3575600000', 'sell': '1.3572000000', 'spread_value': '0.00030000'}
2025-06-16 21:36:19,214 - DEBUG - cache - Last known price cached for symbol EURGBP
2025-06-16 21:36:19,214 - DEBUG - cache - Setting cache key: adjusted_market_price:Group B:EURGBP
2025-06-16 21:36:19,215 - DEBUG - cache - Successfully cached adjusted market price for key adjusted_market_price:Group B:EURGBP: {'buy': '0.8519300000', 'sell': '0.8515800000', 'spread_value': '0.00030000'}
2025-06-16 21:36:19,215 - DEBUG - cache - Last known price cached for symbol EURGBP
2025-06-16 21:36:19,215 - DEBUG - cache - Setting cache key: adjusted_market_price:Group B:EURGBP
2025-06-16 21:36:19,216 - DEBUG - cache - Last known price cached for symbol EURJPY
2025-06-16 21:36:19,217 - DEBUG - cache - Setting cache key: adjusted_market_price:Group B:EURJPY
2025-06-16 21:36:19,217 - DEBUG - cache - Successfully cached adjusted market price for key adjusted_market_price:Group B:EURGBP: {'buy': '0.8519300000', 'sell': '0.8515800000', 'spread_value': '0.00030000'}
2025-06-16 21:36:19,218 - DEBUG - cache - Successfully cached adjusted market price for key adjusted_market_price:Group B:EURJPY: {'buy': '167.0905000000', 'sell': '167.0555000000', 'spread_value': '0.02500000'}
2025-06-16 21:36:19,219 - DEBUG - cache - Last known price cached for symbol EURJPY
2025-06-16 21:36:19,219 - DEBUG - cache - Setting cache key: adjusted_market_price:Group B:EURJPY
2025-06-16 21:36:19,220 - DEBUG - cache - Successfully cached adjusted market price for key adjusted_market_price:Group B:EURJPY: {'buy': '167.0905000000', 'sell': '167.0555000000', 'spread_value': '0.02500000'}
2025-06-16 21:36:19,339 - DEBUG - cache - Static orders retrieved from cache for user 4
2025-06-16 21:36:19,339 - DEBUG - cache - User data retrieved from cache for user 4
2025-06-16 21:36:19,341 - DEBUG - cache - Static orders retrieved from cache for user 4
2025-06-16 21:36:19,342 - DEBUG - cache - User data retrieved from cache for user 4
2025-06-16 21:36:19,348 - DEBUG - cache - Aggregated 79 group-symbol settings for group 'Group B'.
2025-06-16 21:36:19,350 - DEBUG - cache - Dynamic portfolio cached for user 4
2025-06-16 21:36:19,351 - DEBUG - cache - Aggregated 79 group-symbol settings for group 'Group B'.
2025-06-16 21:36:19,352 - DEBUG - cache - Dynamic portfolio retrieved from cache for user 4
2025-06-16 21:36:19,354 - DEBUG - cache - User data retrieved from cache for user 4
2025-06-16 21:36:19,355 - DEBUG - cache - Dynamic portfolio cached for user 4
2025-06-16 21:36:19,357 - DEBUG - cache - Dynamic portfolio retrieved from cache for user 4
2025-06-16 21:36:19,360 - DEBUG - cache - User data retrieved from cache for user 4
2025-06-16 21:36:21,378 - DEBUG - cache - Aggregated 79 group-symbol settings for group 'Group B'.
2025-06-16 21:36:21,379 - DEBUG - cache - Aggregated 79 group-symbol settings for group 'Group B'.
2025-06-16 21:36:21,380 - DEBUG - cache - Last known price cached for symbol GBPSEK
2025-06-16 21:36:21,381 - DEBUG - cache - Setting cache key: adjusted_market_price:Group B:GBPSEK
2025-06-16 21:36:21,385 - DEBUG - cache - Last known price cached for symbol GBPSEK
2025-06-16 21:36:21,385 - DEBUG - cache - Setting cache key: adjusted_market_price:Group B:GBPSEK
2025-06-16 21:36:21,386 - DEBUG - cache - Successfully cached adjusted market price for key adjusted_market_price:Group B:GBPSEK: {'buy': '12.8759500000', 'sell': '12.8700500000', 'spread_value': '0.00030000'}
2025-06-16 21:36:21,388 - DEBUG - cache - Successfully cached adjusted market price for key adjusted_market_price:Group B:GBPSEK: {'buy': '12.8759500000', 'sell': '12.8700500000', 'spread_value': '0.00030000'}
2025-06-16 21:36:21,391 - DEBUG - cache - Last known price cached for symbol GBPAUD
2025-06-16 21:36:21,391 - DEBUG - cache - Setting cache key: adjusted_market_price:Group B:GBPAUD
2025-06-16 21:36:21,394 - DEBUG - cache - Last known price cached for symbol GBPAUD
2025-06-16 21:36:21,395 - DEBUG - cache - Setting cache key: adjusted_market_price:Group B:GBPAUD
2025-06-16 21:36:21,396 - DEBUG - cache - Successfully cached adjusted market price for key adjusted_market_price:Group B:GBPAUD: {'buy': '2.0786800000', 'sell': '2.0782000000', 'spread_value': '0.00030000'}
2025-06-16 21:36:21,400 - DEBUG - cache - Successfully cached adjusted market price for key adjusted_market_price:Group B:GBPAUD: {'buy': '2.0786800000', 'sell': '2.0782000000', 'spread_value': '0.00030000'}
2025-06-16 21:36:21,401 - DEBUG - cache - Last known price cached for symbol BTCUSD
2025-06-16 21:36:21,401 - DEBUG - cache - Setting cache key: adjusted_market_price:Group B:BTCUSD
2025-06-16 21:36:21,404 - DEBUG - cache - Last known price cached for symbol BTCUSD
2025-06-16 21:36:21,404 - DEBUG - cache - Setting cache key: adjusted_market_price:Group B:BTCUSD
2025-06-16 21:36:21,405 - DEBUG - cache - Successfully cached adjusted market price for key adjusted_market_price:Group B:BTCUSD: {'buy': '107405.8000000000', 'sell': '107305.7000000000', 'spread_value': '100.00000000'}
2025-06-16 21:36:21,408 - DEBUG - cache - Successfully cached adjusted market price for key adjusted_market_price:Group B:BTCUSD: {'buy': '107405.8000000000', 'sell': '107305.7000000000', 'spread_value': '100.00000000'}
2025-06-16 21:36:21,409 - DEBUG - cache - Last known price cached for symbol EURNZD
2025-06-16 21:36:21,410 - DEBUG - cache - Setting cache key: adjusted_market_price:Group B:EURNZD
2025-06-16 21:36:21,412 - DEBUG - cache - Last known price cached for symbol EURNZD
2025-06-16 21:36:21,412 - DEBUG - cache - Setting cache key: adjusted_market_price:Group B:EURNZD
2025-06-16 21:36:21,413 - DEBUG - cache - Successfully cached adjusted market price for key adjusted_market_price:Group B:EURNZD: {'buy': '1.9057850000', 'sell': '1.9055350000', 'spread_value': '0.00025000'}
2025-06-16 21:36:21,415 - DEBUG - cache - Successfully cached adjusted market price for key adjusted_market_price:Group B:EURNZD: {'buy': '1.9057850000', 'sell': '1.9055350000', 'spread_value': '0.00025000'}
2025-06-16 21:36:21,416 - DEBUG - cache - Last known price cached for symbol USDSGD
2025-06-16 21:36:21,416 - DEBUG - cache - Setting cache key: adjusted_market_price:Group B:USDSGD
2025-06-16 21:36:21,419 - DEBUG - cache - Successfully cached adjusted market price for key adjusted_market_price:Group B:USDSGD: {'buy': '1.2812400000', 'sell': '1.2807900000', 'spread_value': '0.00030000'}
2025-06-16 21:36:21,420 - DEBUG - cache - Last known price cached for symbol USDSGD
2025-06-16 21:36:21,421 - DEBUG - cache - Setting cache key: adjusted_market_price:Group B:USDSGD
2025-06-16 21:36:21,425 - DEBUG - cache - Last known price cached for symbol AUDJPY
2025-06-16 21:36:21,425 - DEBUG - cache - Setting cache key: adjusted_market_price:Group B:AUDJPY
2025-06-16 21:36:21,426 - DEBUG - cache - Successfully cached adjusted market price for key adjusted_market_price:Group B:USDSGD: {'buy': '1.2812400000', 'sell': '1.2807900000', 'spread_value': '0.00030000'}
2025-06-16 21:36:21,428 - DEBUG - cache - Successfully cached adjusted market price for key adjusted_market_price:Group B:AUDJPY: {'buy': '94.4320000000', 'sell': '94.3240000000', 'spread_value': '0.10000000'}
2025-06-16 21:36:21,429 - DEBUG - cache - Last known price cached for symbol AUDJPY
2025-06-16 21:36:21,429 - DEBUG - cache - Setting cache key: adjusted_market_price:Group B:AUDJPY
2025-06-16 21:36:21,430 - DEBUG - cache - Last known price cached for symbol SGDJPY
2025-06-16 21:36:21,430 - DEBUG - cache - Setting cache key: adjusted_market_price:Group B:SGDJPY
2025-06-16 21:36:21,431 - DEBUG - cache - Successfully cached adjusted market price for key adjusted_market_price:Group B:AUDJPY: {'buy': '94.4320000000', 'sell': '94.3240000000', 'spread_value': '0.10000000'}
2025-06-16 21:36:21,433 - DEBUG - cache - Successfully cached adjusted market price for key adjusted_market_price:Group B:SGDJPY: {'buy': '112.8245000000', 'sell': '112.7785000000', 'spread_value': '0.02500000'}
2025-06-16 21:36:21,435 - DEBUG - cache - Last known price cached for symbol SGDJPY
2025-06-16 21:36:21,435 - DEBUG - cache - Setting cache key: adjusted_market_price:Group B:SGDJPY
2025-06-16 21:36:21,436 - DEBUG - cache - Last known price cached for symbol JP225
2025-06-16 21:36:21,436 - DEBUG - cache - Setting cache key: adjusted_market_price:Group B:JP225
2025-06-16 21:36:21,436 - DEBUG - cache - Successfully cached adjusted market price for key adjusted_market_price:Group B:SGDJPY: {'buy': '112.8245000000', 'sell': '112.7785000000', 'spread_value': '0.02500000'}
2025-06-16 21:36:21,437 - DEBUG - cache - Successfully cached adjusted market price for key adjusted_market_price:Group B:JP225: {'buy': '38486.5800000000', 'sell': '38482.5800000000', 'spread_value': '4.00000000'}
2025-06-16 21:36:21,438 - DEBUG - cache - Last known price cached for symbol JP225
2025-06-16 21:36:21,439 - DEBUG - cache - Setting cache key: adjusted_market_price:Group B:JP225
2025-06-16 21:36:21,441 - DEBUG - cache - Last known price cached for symbol EURCAD
2025-06-16 21:36:21,442 - DEBUG - cache - Setting cache key: adjusted_market_price:Group B:EURCAD
2025-06-16 21:36:21,442 - DEBUG - cache - Successfully cached adjusted market price for key adjusted_market_price:Group B:JP225: {'buy': '38486.5800000000', 'sell': '38482.5800000000', 'spread_value': '4.00000000'}
2025-06-16 21:36:21,443 - DEBUG - cache - Successfully cached adjusted market price for key adjusted_market_price:Group B:EURCAD: {'buy': '1.5696900000', 'sell': '1.5694900000', 'spread_value': '0.00020000'}
2025-06-16 21:36:21,444 - DEBUG - cache - Last known price cached for symbol EURCAD
2025-06-16 21:36:21,444 - DEBUG - cache - Setting cache key: adjusted_market_price:Group B:EURCAD
2025-06-16 21:36:21,446 - DEBUG - cache - Last known price cached for symbol USDCZK
2025-06-16 21:36:21,446 - DEBUG - cache - Setting cache key: adjusted_market_price:Group B:USDCZK
2025-06-16 21:36:21,446 - DEBUG - cache - Successfully cached adjusted market price for key adjusted_market_price:Group B:EURCAD: {'buy': '1.5696900000', 'sell': '1.5694900000', 'spread_value': '0.00020000'}
2025-06-16 21:36:21,449 - DEBUG - cache - Successfully cached adjusted market price for key adjusted_market_price:Group B:USDCZK: {'buy': '21.4960000000', 'sell': '21.4260000000', 'spread_value': '0.04000000'}
2025-06-16 21:36:21,450 - DEBUG - cache - Last known price cached for symbol USDCZK
2025-06-16 21:36:21,450 - DEBUG - cache - Setting cache key: adjusted_market_price:Group B:USDCZK
2025-06-16 21:36:21,451 - DEBUG - cache - Last known price cached for symbol USDNOK
2025-06-16 21:36:21,451 - DEBUG - cache - Setting cache key: adjusted_market_price:Group B:USDNOK
2025-06-16 21:36:21,451 - DEBUG - cache - Successfully cached adjusted market price for key adjusted_market_price:Group B:USDCZK: {'buy': '21.4960000000', 'sell': '21.4260000000', 'spread_value': '0.04000000'}
2025-06-16 21:36:21,452 - DEBUG - cache - Successfully cached adjusted market price for key adjusted_market_price:Group B:USDNOK: {'buy': '9.9017000000', 'sell': '9.8985300000', 'spread_value': '0.00040000'}
2025-06-16 21:36:21,454 - DEBUG - cache - Last known price cached for symbol USDNOK
2025-06-16 21:36:21,455 - DEBUG - cache - Setting cache key: adjusted_market_price:Group B:USDNOK
2025-06-16 21:36:21,456 - DEBUG - cache - Successfully cached adjusted market price for key adjusted_market_price:Group B:USDNOK: {'buy': '9.9017000000', 'sell': '9.8985300000', 'spread_value': '0.00040000'}
2025-06-16 21:36:21,457 - DEBUG - cache - Last known price cached for symbol CADJPY
2025-06-16 21:36:21,457 - DEBUG - cache - Setting cache key: adjusted_market_price:Group B:CADJPY
2025-06-16 21:36:21,458 - DEBUG - cache - Last known price cached for symbol CADJPY
2025-06-16 21:36:21,458 - DEBUG - cache - Setting cache key: adjusted_market_price:Group B:CADJPY
2025-06-16 21:36:21,458 - DEBUG - cache - Successfully cached adjusted market price for key adjusted_market_price:Group B:CADJPY: {'buy': '106.4785000000', 'sell': '106.4485000000', 'spread_value': '0.02500000'}
2025-06-16 21:36:21,459 - DEBUG - cache - Successfully cached adjusted market price for key adjusted_market_price:Group B:CADJPY: {'buy': '106.4785000000', 'sell': '106.4485000000', 'spread_value': '0.02500000'}
2025-06-16 21:36:21,461 - DEBUG - cache - Last known price cached for symbol USDSEK
2025-06-16 21:36:21,461 - DEBUG - cache - Setting cache key: adjusted_market_price:Group B:USDSEK
2025-06-16 21:36:21,463 - DEBUG - cache - Last known price cached for symbol USDSEK
2025-06-16 21:36:21,463 - DEBUG - cache - Setting cache key: adjusted_market_price:Group B:USDSEK
2025-06-16 21:36:21,463 - DEBUG - cache - Successfully cached adjusted market price for key adjusted_market_price:Group B:USDSEK: {'buy': '9.4843700000', 'sell': '9.4814000000', 'spread_value': '0.00030000'}
2025-06-16 21:36:21,464 - DEBUG - cache - Successfully cached adjusted market price for key adjusted_market_price:Group B:USDSEK: {'buy': '9.4843700000', 'sell': '9.4814000000', 'spread_value': '0.00030000'}
2025-06-16 21:36:21,464 - DEBUG - cache - Last known price cached for symbol US30
2025-06-16 21:36:21,464 - DEBUG - cache - Setting cache key: adjusted_market_price:Group B:US30
2025-06-16 21:36:21,465 - DEBUG - cache - Last known price cached for symbol US30
2025-06-16 21:36:21,466 - DEBUG - cache - Setting cache key: adjusted_market_price:Group B:US30
2025-06-16 21:36:21,466 - DEBUG - cache - Successfully cached adjusted market price for key adjusted_market_price:Group B:US30: {'buy': '42367.4000000000', 'sell': '42366.4000000000', 'spread_value': '1.00000000'}
2025-06-16 21:36:21,469 - DEBUG - cache - Successfully cached adjusted market price for key adjusted_market_price:Group B:US30: {'buy': '42367.4000000000', 'sell': '42366.4000000000', 'spread_value': '1.00000000'}
2025-06-16 21:36:21,470 - DEBUG - cache - Last known price cached for symbol GBPUSD
2025-06-16 21:36:21,470 - DEBUG - cache - Setting cache key: adjusted_market_price:Group B:GBPUSD
2025-06-16 21:36:21,470 - DEBUG - cache - Last known price cached for symbol GBPUSD
2025-06-16 21:36:21,471 - DEBUG - cache - Setting cache key: adjusted_market_price:Group B:GBPUSD
2025-06-16 21:36:21,471 - DEBUG - cache - Successfully cached adjusted market price for key adjusted_market_price:Group B:GBPUSD: {'buy': '1.3575500000', 'sell': '1.3573400000', 'spread_value': '0.00020000'}
2025-06-16 21:36:21,472 - DEBUG - cache - Successfully cached adjusted market price for key adjusted_market_price:Group B:GBPUSD: {'buy': '1.3575500000', 'sell': '1.3573400000', 'spread_value': '0.00020000'}
2025-06-16 21:36:21,472 - DEBUG - cache - Last known price cached for symbol CHFSGD
2025-06-16 21:36:21,472 - DEBUG - cache - Setting cache key: adjusted_market_price:Group B:CHFSGD
2025-06-16 21:36:21,474 - DEBUG - cache - Last known price cached for symbol CHFSGD
2025-06-16 21:36:21,474 - DEBUG - cache - Setting cache key: adjusted_market_price:Group B:CHFSGD
2025-06-16 21:36:21,474 - DEBUG - cache - Successfully cached adjusted market price for key adjusted_market_price:Group B:CHFSGD: {'buy': '1.5757550000', 'sell': '1.5752150000', 'spread_value': '0.00025000'}
2025-06-16 21:36:21,476 - DEBUG - cache - Successfully cached adjusted market price for key adjusted_market_price:Group B:CHFSGD: {'buy': '1.5757550000', 'sell': '1.5752150000', 'spread_value': '0.00025000'}
2025-06-16 21:36:21,477 - DEBUG - cache - Last known price cached for symbol NZDUSD
2025-06-16 21:36:21,477 - DEBUG - cache - Setting cache key: adjusted_market_price:Group B:NZDUSD
2025-06-16 21:36:21,478 - DEBUG - cache - Last known price cached for symbol NZDUSD
2025-06-16 21:36:21,478 - DEBUG - cache - Setting cache key: adjusted_market_price:Group B:NZDUSD
2025-06-16 21:36:21,478 - DEBUG - cache - Successfully cached adjusted market price for key adjusted_market_price:Group B:NZDUSD: {'buy': '0.6069900000', 'sell': '0.6066600000', 'spread_value': '0.00030000'}
2025-06-16 21:36:21,479 - DEBUG - cache - Successfully cached adjusted market price for key adjusted_market_price:Group B:NZDUSD: {'buy': '0.6069900000', 'sell': '0.6066600000', 'spread_value': '0.00030000'}
2025-06-16 21:36:21,480 - DEBUG - cache - Last known price cached for symbol AUDCAD
2025-06-16 21:36:21,480 - DEBUG - cache - Setting cache key: adjusted_market_price:Group B:AUDCAD
2025-06-16 21:36:21,482 - DEBUG - cache - Last known price cached for symbol AUDCAD
2025-06-16 21:36:21,482 - DEBUG - cache - Setting cache key: adjusted_market_price:Group B:AUDCAD
2025-06-16 21:36:21,483 - DEBUG - cache - Successfully cached adjusted market price for key adjusted_market_price:Group B:AUDCAD: {'buy': '0.8865200000', 'sell': '0.8864700000', 'spread_value': '0E-8'}
2025-06-16 21:36:21,484 - DEBUG - cache - Successfully cached adjusted market price for key adjusted_market_price:Group B:AUDCAD: {'buy': '0.8865200000', 'sell': '0.8864700000', 'spread_value': '0E-8'}
2025-06-16 21:36:21,484 - DEBUG - cache - Last known price cached for symbol EURNOK
2025-06-16 21:36:21,484 - DEBUG - cache - Setting cache key: adjusted_market_price:Group B:EURNOK
2025-06-16 21:36:21,487 - DEBUG - cache - Successfully cached adjusted market price for key adjusted_market_price:Group B:EURNOK: {'buy': '11.4511900000', 'sell': '11.4463200000', 'spread_value': '0.00030000'}
2025-06-16 21:36:21,489 - DEBUG - cache - Last known price cached for symbol EURNOK
2025-06-16 21:36:21,489 - DEBUG - cache - Setting cache key: adjusted_market_price:Group B:EURNOK
2025-06-16 21:36:21,491 - DEBUG - cache - Last known price cached for symbol GBPNZD
2025-06-16 21:36:21,491 - DEBUG - cache - Setting cache key: adjusted_market_price:Group B:GBPNZD
2025-06-16 21:36:21,491 - DEBUG - cache - Successfully cached adjusted market price for key adjusted_market_price:Group B:EURNOK: {'buy': '11.4511900000', 'sell': '11.4463200000', 'spread_value': '0.00030000'}
2025-06-16 21:36:21,492 - DEBUG - cache - Successfully cached adjusted market price for key adjusted_market_price:Group B:GBPNZD: {'buy': '2.2374200000', 'sell': '2.2369200000', 'spread_value': '0.00030000'}
2025-06-16 21:36:21,492 - DEBUG - cache - Last known price cached for symbol GBPNZD
2025-06-16 21:36:21,492 - DEBUG - cache - Setting cache key: adjusted_market_price:Group B:GBPNZD
2025-06-16 21:36:21,493 - DEBUG - cache - Last known price cached for symbol EURCHF
2025-06-16 21:36:21,493 - DEBUG - cache - Setting cache key: adjusted_market_price:Group B:EURCHF
2025-06-16 21:36:21,494 - DEBUG - cache - Successfully cached adjusted market price for key adjusted_market_price:Group B:GBPNZD: {'buy': '2.2374200000', 'sell': '2.2369200000', 'spread_value': '0.00030000'}
2025-06-16 21:36:21,495 - DEBUG - cache - Successfully cached adjusted market price for key adjusted_market_price:Group B:EURCHF: {'buy': '0.9403700000', 'sell': '0.9399600000', 'spread_value': '0.00030000'}
2025-06-16 21:36:21,497 - DEBUG - cache - Last known price cached for symbol EURCHF
2025-06-16 21:36:21,497 - DEBUG - cache - Setting cache key: adjusted_market_price:Group B:EURCHF
2025-06-16 21:36:21,498 - DEBUG - cache - Last known price cached for symbol CHFJPY
2025-06-16 21:36:21,498 - DEBUG - cache - Setting cache key: adjusted_market_price:Group B:CHFJPY
2025-06-16 21:36:21,498 - DEBUG - cache - Successfully cached adjusted market price for key adjusted_market_price:Group B:EURCHF: {'buy': '0.9403700000', 'sell': '0.9399600000', 'spread_value': '0.00030000'}
2025-06-16 21:36:21,499 - DEBUG - cache - Successfully cached adjusted market price for key adjusted_market_price:Group B:CHFJPY: {'buy': '177.7350000000', 'sell': '177.6950000000', 'spread_value': '0.03000000'}
2025-06-16 21:36:21,501 - DEBUG - cache - Last known price cached for symbol CHFJPY
2025-06-16 21:36:21,501 - DEBUG - cache - Setting cache key: adjusted_market_price:Group B:CHFJPY
2025-06-16 21:36:21,501 - DEBUG - cache - Last known price cached for symbol EURSGD
2025-06-16 21:36:21,502 - DEBUG - cache - Setting cache key: adjusted_market_price:Group B:EURSGD
2025-06-16 21:36:21,504 - DEBUG - cache - Successfully cached adjusted market price for key adjusted_market_price:Group B:CHFJPY: {'buy': '177.7350000000', 'sell': '177.6950000000', 'spread_value': '0.03000000'}
2025-06-16 21:36:21,504 - DEBUG - cache - Successfully cached adjusted market price for key adjusted_market_price:Group B:EURSGD: {'buy': '1.4814850000', 'sell': '1.4810050000', 'spread_value': '0.00025000'}
2025-06-16 21:36:21,505 - DEBUG - cache - Last known price cached for symbol USDCAD
2025-06-16 21:36:21,506 - DEBUG - cache - Setting cache key: adjusted_market_price:Group B:USDCAD
2025-06-16 21:36:21,506 - DEBUG - cache - Last known price cached for symbol EURSGD
2025-06-16 21:36:21,506 - DEBUG - cache - Setting cache key: adjusted_market_price:Group B:EURSGD
2025-06-16 21:36:21,507 - DEBUG - cache - Successfully cached adjusted market price for key adjusted_market_price:Group B:USDCAD: {'buy': '1.3575600000', 'sell': '1.3571900000', 'spread_value': '0.00030000'}
2025-06-16 21:36:21,507 - DEBUG - cache - Successfully cached adjusted market price for key adjusted_market_price:Group B:EURSGD: {'buy': '1.4814850000', 'sell': '1.4810050000', 'spread_value': '0.00025000'}
2025-06-16 21:36:21,509 - DEBUG - cache - Last known price cached for symbol EURGBP
2025-06-16 21:36:21,509 - DEBUG - cache - Setting cache key: adjusted_market_price:Group B:EURGBP
2025-06-16 21:36:21,510 - DEBUG - cache - Last known price cached for symbol USDCAD
2025-06-16 21:36:21,510 - DEBUG - cache - Setting cache key: adjusted_market_price:Group B:USDCAD
2025-06-16 21:36:21,511 - DEBUG - cache - Successfully cached adjusted market price for key adjusted_market_price:Group B:USDCAD: {'buy': '1.3575600000', 'sell': '1.3571900000', 'spread_value': '0.00030000'}
2025-06-16 21:36:21,512 - DEBUG - cache - Successfully cached adjusted market price for key adjusted_market_price:Group B:EURGBP: {'buy': '0.8519400000', 'sell': '0.8515900000', 'spread_value': '0.00030000'}
2025-06-16 21:36:21,513 - DEBUG - cache - Last known price cached for symbol EURGBP
2025-06-16 21:36:21,513 - DEBUG - cache - Setting cache key: adjusted_market_price:Group B:EURGBP
2025-06-16 21:36:21,513 - DEBUG - cache - Last known price cached for symbol EURJPY
2025-06-16 21:36:21,513 - DEBUG - cache - Setting cache key: adjusted_market_price:Group B:EURJPY
2025-06-16 21:36:21,514 - DEBUG - cache - Successfully cached adjusted market price for key adjusted_market_price:Group B:EURGBP: {'buy': '0.8519400000', 'sell': '0.8515900000', 'spread_value': '0.00030000'}
2025-06-16 21:36:21,516 - DEBUG - cache - Successfully cached adjusted market price for key adjusted_market_price:Group B:EURJPY: {'buy': '167.0925000000', 'sell': '167.0585000000', 'spread_value': '0.02500000'}
2025-06-16 21:36:21,518 - DEBUG - cache - Last known price cached for symbol EURJPY
2025-06-16 21:36:21,518 - DEBUG - cache - Setting cache key: adjusted_market_price:Group B:EURJPY
2025-06-16 21:36:21,520 - DEBUG - cache - Successfully cached adjusted market price for key adjusted_market_price:Group B:EURJPY: {'buy': '167.0925000000', 'sell': '167.0585000000', 'spread_value': '0.02500000'}
2025-06-16 21:36:21,635 - DEBUG - cache - Static orders retrieved from cache for user 4
2025-06-16 21:36:21,635 - DEBUG - cache - Static orders retrieved from cache for user 4
2025-06-16 21:36:21,636 - DEBUG - cache - User data retrieved from cache for user 4
2025-06-16 21:36:21,636 - DEBUG - cache - User data retrieved from cache for user 4
2025-06-16 21:36:21,645 - DEBUG - cache - Aggregated 79 group-symbol settings for group 'Group B'.
2025-06-16 21:36:21,646 - DEBUG - cache - Aggregated 79 group-symbol settings for group 'Group B'.
2025-06-16 21:36:21,647 - DEBUG - cache - Dynamic portfolio cached for user 4
2025-06-16 21:36:21,648 - DEBUG - cache - Dynamic portfolio cached for user 4
2025-06-16 21:36:21,648 - DEBUG - cache - Dynamic portfolio retrieved from cache for user 4
2025-06-16 21:36:21,649 - DEBUG - cache - Dynamic portfolio retrieved from cache for user 4
2025-06-16 21:36:21,649 - DEBUG - cache - User data retrieved from cache for user 4
2025-06-16 21:36:21,650 - DEBUG - cache - User data retrieved from cache for user 4
