2025-06-29 22:04:25,955 - DEBUG - firebase_comm - FIREBASE GET: datafeeds (all symbols)
2025-06-29 22:04:26,288 - DEBUG - firebase_comm - FIREBASE RESPONSE: datafeeds - received data for 48 symbols
2025-06-29 22:04:28,097 - DEBUG - firebase_comm - FIREBASE GET: datafeeds (all symbols)
2025-06-29 22:04:28,428 - DEBUG - firebase_comm - FIREBASE RESPONSE: datafeeds - received data for 48 symbols
2025-06-29 22:04:30,757 - DEBUG - firebase_comm - FIREBASE GET: datafeeds (all symbols)
2025-06-29 22:04:31,110 - DEBUG - firebase_comm - FIREBASE RESPONSE: datafeeds - received data for 48 symbols
2025-06-29 22:04:33,145 - DEBUG - firebase_comm - FIREBASE GET: datafeeds (all symbols)
2025-06-29 22:04:33,457 - DEBUG - firebase_comm - FIREBASE RESPONSE: datafeeds - received data for 48 symbols
2025-06-29 22:04:35,708 - DEBUG - firebase_comm - FIREBASE GET: datafeeds (all symbols)
2025-06-29 22:04:36,015 - DEBUG - firebase_comm - FIREBASE RESPONSE: datafeeds - received data for 48 symbols
2025-06-29 22:04:37,370 - DEBUG - firebase_comm - FIREBASE GET: datafeeds (all symbols)
2025-06-29 22:04:37,758 - DEBUG - firebase_comm - FIREBASE RESPONSE: datafeeds - received data for 48 symbols
2025-06-29 22:04:39,673 - DEBUG - firebase_comm - FIREBASE GET: datafeeds (all symbols)
2025-06-29 22:04:40,127 - DEBUG - firebase_comm - FIREBASE RESPONSE: datafeeds - received data for 48 symbols
2025-06-29 22:04:41,873 - DEBUG - firebase_comm - FIREBASE GET: datafeeds (all symbols)
2025-06-29 22:04:42,262 - DEBUG - firebase_comm - FIREBASE RESPONSE: datafeeds - received data for 48 symbols
2025-06-29 22:04:44,132 - DEBUG - firebase_comm - FIREBASE GET: datafeeds (all symbols)
2025-06-29 22:04:44,522 - DEBUG - firebase_comm - FIREBASE RESPONSE: datafeeds - received data for 48 symbols
2025-06-29 22:04:46,500 - DEBUG - firebase_comm - FIREBASE GET: datafeeds (all symbols)
2025-06-29 22:04:46,831 - DEBUG - firebase_comm - FIREBASE RESPONSE: datafeeds - received data for 48 symbols
2025-06-29 22:04:48,705 - DEBUG - firebase_comm - FIREBASE GET: datafeeds (all symbols)
2025-06-29 22:04:49,019 - DEBUG - firebase_comm - FIREBASE RESPONSE: datafeeds - received data for 48 symbols
2025-06-29 22:04:50,994 - DEBUG - firebase_comm - FIREBASE GET: datafeeds (all symbols)
2025-06-29 22:04:51,302 - DEBUG - firebase_comm - FIREBASE RESPONSE: datafeeds - received data for 48 symbols
2025-06-29 22:04:53,238 - DEBUG - firebase_comm - FIREBASE GET: datafeeds (all symbols)
2025-06-29 22:04:53,632 - DEBUG - firebase_comm - FIREBASE RESPONSE: datafeeds - received data for 48 symbols
2025-06-29 22:04:55,601 - DEBUG - firebase_comm - FIREBASE GET: datafeeds (all symbols)
2025-06-29 22:04:55,998 - DEBUG - firebase_comm - FIREBASE RESPONSE: datafeeds - received data for 48 symbols
2025-06-29 22:04:57,848 - DEBUG - firebase_comm - FIREBASE GET: datafeeds (all symbols)
2025-06-29 22:04:58,132 - DEBUG - firebase_comm - FIREBASE RESPONSE: datafeeds - received data for 48 symbols
2025-06-29 22:05:00,102 - DEBUG - firebase_comm - FIREBASE GET: datafeeds (all symbols)
2025-06-29 22:05:00,399 - DEBUG - firebase_comm - FIREBASE RESPONSE: datafeeds - received data for 48 symbols
2025-06-29 22:05:02,390 - DEBUG - firebase_comm - FIREBASE GET: datafeeds (all symbols)
2025-06-29 22:05:02,739 - DEBUG - firebase_comm - FIREBASE RESPONSE: datafeeds - received data for 48 symbols
2025-06-29 22:05:04,705 - DEBUG - firebase_comm - FIREBASE GET: datafeeds (all symbols)
2025-06-29 22:05:04,995 - DEBUG - firebase_comm - FIREBASE RESPONSE: datafeeds - received data for 48 symbols
2025-06-29 22:05:06,934 - DEBUG - firebase_comm - FIREBASE GET: datafeeds (all symbols)
2025-06-29 22:05:07,206 - DEBUG - firebase_comm - FIREBASE RESPONSE: datafeeds - received data for 48 symbols
2025-06-29 22:05:09,325 - DEBUG - firebase_comm - FIREBASE GET: datafeeds (all symbols)
2025-06-29 22:05:09,648 - DEBUG - firebase_comm - FIREBASE RESPONSE: datafeeds - received data for 48 symbols
2025-06-29 22:05:11,648 - DEBUG - firebase_comm - FIREBASE GET: datafeeds (all symbols)
2025-06-29 22:05:11,961 - DEBUG - firebase_comm - FIREBASE RESPONSE: datafeeds - received data for 48 symbols
2025-06-29 22:05:13,848 - DEBUG - firebase_comm - FIREBASE GET: datafeeds (all symbols)
2025-06-29 22:05:14,177 - DEBUG - firebase_comm - FIREBASE RESPONSE: datafeeds - received data for 48 symbols
2025-06-29 22:05:16,170 - DEBUG - firebase_comm - FIREBASE GET: datafeeds (all symbols)
2025-06-29 22:05:16,562 - DEBUG - firebase_comm - FIREBASE RESPONSE: datafeeds - received data for 48 symbols
2025-06-29 22:05:18,323 - DEBUG - firebase_comm - FIREBASE GET: datafeeds (all symbols)
2025-06-29 22:05:18,599 - DEBUG - firebase_comm - FIREBASE RESPONSE: datafeeds - received data for 48 symbols
2025-06-29 22:05:18,789 - DEBUG - firebase_comm - FIREBASE GET: datafeeds (all symbols)
2025-06-29 22:05:19,125 - DEBUG - firebase_comm - FIREBASE RESPONSE: datafeeds - received data for 48 symbols
2025-06-29 22:05:19,271 - DEBUG - firebase_comm - FIREBASE GET: datafeeds (all symbols)
2025-06-29 22:05:19,638 - DEBUG - firebase_comm - FIREBASE RESPONSE: datafeeds - received data for 48 symbols
2025-06-29 22:05:20,716 - DEBUG - firebase_comm - FIREBASE GET: datafeeds (all symbols)
2025-06-29 22:05:21,074 - DEBUG - firebase_comm - FIREBASE RESPONSE: datafeeds - received data for 48 symbols
2025-06-29 22:05:23,005 - DEBUG - firebase_comm - FIREBASE GET: datafeeds (all symbols)
2025-06-29 22:05:23,323 - DEBUG - firebase_comm - FIREBASE RESPONSE: datafeeds - received data for 48 symbols
2025-06-29 22:05:25,242 - DEBUG - firebase_comm - FIREBASE GET: datafeeds (all symbols)
2025-06-29 22:05:25,581 - DEBUG - firebase_comm - FIREBASE RESPONSE: datafeeds - received data for 48 symbols
2025-06-29 22:05:28,454 - DEBUG - firebase_comm - FIREBASE GET: datafeeds (all symbols)
2025-06-29 22:05:28,833 - DEBUG - firebase_comm - FIREBASE RESPONSE: datafeeds - received data for 48 symbols
2025-06-29 22:05:30,146 - DEBUG - firebase_comm - FIREBASE GET: datafeeds (all symbols)
2025-06-29 22:05:30,495 - DEBUG - firebase_comm - FIREBASE RESPONSE: datafeeds - received data for 48 symbols
2025-06-29 22:05:32,618 - DEBUG - firebase_comm - FIREBASE GET: datafeeds (all symbols)
2025-06-29 22:05:32,906 - DEBUG - firebase_comm - FIREBASE RESPONSE: datafeeds - received data for 48 symbols
2025-06-29 22:05:34,912 - DEBUG - firebase_comm - FIREBASE GET: datafeeds (all symbols)
2025-06-29 22:05:35,203 - DEBUG - firebase_comm - FIREBASE RESPONSE: datafeeds - received data for 48 symbols
2025-06-29 22:05:37,353 - DEBUG - firebase_comm - FIREBASE GET: datafeeds (all symbols)
2025-06-29 22:05:37,658 - DEBUG - firebase_comm - FIREBASE RESPONSE: datafeeds - received data for 48 symbols
2025-06-29 22:05:39,422 - DEBUG - firebase_comm - FIREBASE GET: datafeeds (all symbols)
2025-06-29 22:05:39,820 - DEBUG - firebase_comm - FIREBASE RESPONSE: datafeeds - received data for 48 symbols
2025-06-29 22:05:41,738 - DEBUG - firebase_comm - FIREBASE GET: datafeeds (all symbols)
2025-06-29 22:05:42,179 - DEBUG - firebase_comm - FIREBASE RESPONSE: datafeeds - received data for 48 symbols
2025-06-29 22:05:44,142 - DEBUG - firebase_comm - FIREBASE GET: datafeeds (all symbols)
2025-06-29 22:05:44,424 - DEBUG - firebase_comm - FIREBASE RESPONSE: datafeeds - received data for 48 symbols
2025-06-29 22:05:47,036 - DEBUG - firebase_comm - FIREBASE GET: datafeeds (all symbols)
2025-06-29 22:05:47,396 - DEBUG - firebase_comm - FIREBASE RESPONSE: datafeeds - received data for 48 symbols
2025-06-29 22:05:49,866 - DEBUG - firebase_comm - FIREBASE GET: datafeeds (all symbols)
2025-06-29 22:05:50,253 - DEBUG - firebase_comm - FIREBASE RESPONSE: datafeeds - received data for 48 symbols
2025-06-29 22:05:51,988 - DEBUG - firebase_comm - FIREBASE GET: datafeeds (all symbols)
2025-06-29 22:05:52,303 - DEBUG - firebase_comm - FIREBASE RESPONSE: datafeeds - received data for 48 symbols
2025-06-29 22:05:53,884 - DEBUG - firebase_comm - FIREBASE GET: datafeeds (all symbols)
2025-06-29 22:05:54,247 - DEBUG - firebase_comm - FIREBASE RESPONSE: datafeeds - received data for 48 symbols
2025-06-29 22:05:55,429 - DEBUG - firebase_comm - FIREBASE GET: datafeeds (all symbols)
2025-06-29 22:05:55,785 - DEBUG - firebase_comm - FIREBASE RESPONSE: datafeeds - received data for 48 symbols
2025-06-29 22:05:58,164 - DEBUG - firebase_comm - FIREBASE GET: datafeeds (all symbols)
2025-06-29 22:05:58,516 - DEBUG - firebase_comm - FIREBASE RESPONSE: datafeeds - received data for 48 symbols
2025-06-29 22:06:00,746 - DEBUG - firebase_comm - FIREBASE GET: datafeeds (all symbols)
2025-06-29 22:06:01,112 - DEBUG - firebase_comm - FIREBASE RESPONSE: datafeeds - received data for 48 symbols
2025-06-29 22:06:02,772 - DEBUG - firebase_comm - FIREBASE GET: datafeeds (all symbols)
2025-06-29 22:06:03,157 - DEBUG - firebase_comm - FIREBASE RESPONSE: datafeeds - received data for 48 symbols
2025-06-29 22:06:04,729 - DEBUG - firebase_comm - FIREBASE GET: datafeeds (all symbols)
2025-06-29 22:06:05,104 - DEBUG - firebase_comm - FIREBASE RESPONSE: datafeeds - received data for 48 symbols
2025-06-29 22:06:07,120 - DEBUG - firebase_comm - FIREBASE GET: datafeeds (all symbols)
2025-06-29 22:06:07,455 - DEBUG - firebase_comm - FIREBASE RESPONSE: datafeeds - received data for 48 symbols
2025-06-29 22:06:09,974 - DEBUG - firebase_comm - FIREBASE GET: datafeeds (all symbols)
2025-06-29 22:06:10,324 - DEBUG - firebase_comm - FIREBASE RESPONSE: datafeeds - received data for 48 symbols
2025-06-29 22:06:11,726 - DEBUG - firebase_comm - FIREBASE GET: datafeeds (all symbols)
2025-06-29 22:06:12,064 - DEBUG - firebase_comm - FIREBASE RESPONSE: datafeeds - received data for 48 symbols
2025-06-29 22:06:14,196 - DEBUG - firebase_comm - FIREBASE GET: datafeeds (all symbols)
2025-06-29 22:06:14,528 - DEBUG - firebase_comm - FIREBASE RESPONSE: datafeeds - received data for 48 symbols
2025-06-29 22:06:16,546 - DEBUG - firebase_comm - FIREBASE GET: datafeeds (all symbols)
2025-06-29 22:06:16,877 - DEBUG - firebase_comm - FIREBASE RESPONSE: datafeeds - received data for 48 symbols
2025-06-29 22:06:18,511 - DEBUG - firebase_comm - FIREBASE GET: datafeeds (all symbols)
2025-06-29 22:06:18,824 - DEBUG - firebase_comm - FIREBASE RESPONSE: datafeeds - received data for 48 symbols
2025-06-29 22:06:19,961 - DEBUG - firebase_comm - FIREBASE GET: datafeeds (all symbols)
2025-06-29 22:06:20,359 - DEBUG - firebase_comm - FIREBASE RESPONSE: datafeeds - received data for 48 symbols
2025-06-29 22:06:20,789 - DEBUG - firebase_comm - FIREBASE GET: datafeeds (all symbols)
2025-06-29 22:06:21,125 - DEBUG - firebase_comm - FIREBASE RESPONSE: datafeeds - received data for 48 symbols
2025-06-29 22:06:21,858 - DEBUG - firebase_comm - FIREBASE GET: datafeeds (all symbols)
2025-06-29 22:06:22,210 - DEBUG - firebase_comm - FIREBASE RESPONSE: datafeeds - received data for 48 symbols
2025-06-29 22:06:23,761 - DEBUG - firebase_comm - FIREBASE GET: datafeeds (all symbols)
2025-06-29 22:06:24,147 - DEBUG - firebase_comm - FIREBASE RESPONSE: datafeeds - received data for 48 symbols
2025-06-29 22:06:24,469 - DEBUG - firebase_comm - FIREBASE GET: datafeeds (all symbols)
2025-06-29 22:06:24,810 - DEBUG - firebase_comm - FIREBASE RESPONSE: datafeeds - received data for 48 symbols
2025-06-29 22:06:25,924 - DEBUG - firebase_comm - FIREBASE GET: datafeeds (all symbols)
2025-06-29 22:06:26,217 - DEBUG - firebase_comm - FIREBASE RESPONSE: datafeeds - received data for 48 symbols
2025-06-29 22:06:28,464 - DEBUG - firebase_comm - FIREBASE GET: datafeeds (all symbols)
2025-06-29 22:06:28,765 - DEBUG - firebase_comm - FIREBASE RESPONSE: datafeeds - received data for 48 symbols
2025-06-29 22:06:30,594 - DEBUG - firebase_comm - FIREBASE GET: datafeeds (all symbols)
2025-06-29 22:06:30,907 - DEBUG - firebase_comm - FIREBASE RESPONSE: datafeeds - received data for 48 symbols
2025-06-29 22:06:32,594 - DEBUG - firebase_comm - FIREBASE GET: datafeeds (all symbols)
2025-06-29 22:06:32,900 - DEBUG - firebase_comm - FIREBASE RESPONSE: datafeeds - received data for 48 symbols
2025-06-29 22:06:35,280 - DEBUG - firebase_comm - FIREBASE GET: datafeeds (all symbols)
2025-06-29 22:06:35,616 - DEBUG - firebase_comm - FIREBASE RESPONSE: datafeeds - received data for 48 symbols
2025-06-29 22:06:37,499 - DEBUG - firebase_comm - FIREBASE GET: datafeeds (all symbols)
2025-06-29 22:06:37,820 - DEBUG - firebase_comm - FIREBASE RESPONSE: datafeeds - received data for 48 symbols
2025-06-29 22:06:39,732 - DEBUG - firebase_comm - FIREBASE GET: datafeeds (all symbols)
2025-06-29 22:06:40,124 - DEBUG - firebase_comm - FIREBASE RESPONSE: datafeeds - received data for 48 symbols
2025-06-29 22:06:41,891 - DEBUG - firebase_comm - FIREBASE GET: datafeeds (all symbols)
2025-06-29 22:06:42,179 - DEBUG - firebase_comm - FIREBASE RESPONSE: datafeeds - received data for 48 symbols
2025-06-29 22:06:43,873 - DEBUG - firebase_comm - FIREBASE GET: datafeeds (all symbols)
2025-06-29 22:06:44,204 - DEBUG - firebase_comm - FIREBASE RESPONSE: datafeeds - received data for 48 symbols
2025-06-29 22:06:46,320 - DEBUG - firebase_comm - FIREBASE GET: datafeeds (all symbols)
2025-06-29 22:06:46,676 - DEBUG - firebase_comm - FIREBASE RESPONSE: datafeeds - received data for 48 symbols
2025-06-29 22:06:48,551 - DEBUG - firebase_comm - FIREBASE GET: datafeeds (all symbols)
2025-06-29 22:06:48,833 - DEBUG - firebase_comm - FIREBASE RESPONSE: datafeeds - received data for 48 symbols
2025-06-29 22:06:51,227 - DEBUG - firebase_comm - FIREBASE GET: datafeeds (all symbols)
2025-06-29 22:06:51,592 - DEBUG - firebase_comm - FIREBASE RESPONSE: datafeeds - received data for 48 symbols
2025-06-29 22:06:53,095 - DEBUG - firebase_comm - FIREBASE GET: datafeeds (all symbols)
2025-06-29 22:06:53,433 - DEBUG - firebase_comm - FIREBASE RESPONSE: datafeeds - received data for 48 symbols
2025-06-29 22:06:56,282 - DEBUG - firebase_comm - FIREBASE GET: datafeeds (all symbols)
2025-06-29 22:06:56,715 - DEBUG - firebase_comm - FIREBASE RESPONSE: datafeeds - received data for 48 symbols
2025-06-29 22:06:58,344 - DEBUG - firebase_comm - FIREBASE GET: datafeeds (all symbols)
2025-06-29 22:06:58,760 - DEBUG - firebase_comm - FIREBASE RESPONSE: datafeeds - received data for 48 symbols
2025-06-29 22:06:59,944 - DEBUG - firebase_comm - FIREBASE GET: datafeeds (all symbols)
2025-06-29 22:07:00,305 - DEBUG - firebase_comm - FIREBASE RESPONSE: datafeeds - received data for 48 symbols
2025-06-29 22:07:02,483 - DEBUG - firebase_comm - FIREBASE GET: datafeeds (all symbols)
2025-06-29 22:07:02,792 - DEBUG - firebase_comm - FIREBASE RESPONSE: datafeeds - received data for 48 symbols
2025-06-29 22:07:04,603 - DEBUG - firebase_comm - FIREBASE GET: datafeeds (all symbols)
2025-06-29 22:07:04,913 - DEBUG - firebase_comm - FIREBASE RESPONSE: datafeeds - received data for 48 symbols
2025-06-29 22:07:06,901 - DEBUG - firebase_comm - FIREBASE GET: datafeeds (all symbols)
2025-06-29 22:07:07,202 - DEBUG - firebase_comm - FIREBASE RESPONSE: datafeeds - received data for 48 symbols
2025-06-29 22:07:09,135 - DEBUG - firebase_comm - FIREBASE GET: datafeeds (all symbols)
2025-06-29 22:07:09,515 - DEBUG - firebase_comm - FIREBASE RESPONSE: datafeeds - received data for 48 symbols
2025-06-29 22:07:11,385 - DEBUG - firebase_comm - FIREBASE GET: datafeeds (all symbols)
2025-06-29 22:07:11,768 - DEBUG - firebase_comm - FIREBASE RESPONSE: datafeeds - received data for 48 symbols
2025-06-29 22:07:13,984 - DEBUG - firebase_comm - FIREBASE GET: datafeeds (all symbols)
2025-06-29 22:07:14,323 - DEBUG - firebase_comm - FIREBASE RESPONSE: datafeeds - received data for 48 symbols
2025-06-29 22:07:16,206 - DEBUG - firebase_comm - FIREBASE GET: datafeeds (all symbols)
2025-06-29 22:07:16,575 - DEBUG - firebase_comm - FIREBASE RESPONSE: datafeeds - received data for 48 symbols
2025-06-29 22:07:18,395 - DEBUG - firebase_comm - FIREBASE GET: datafeeds (all symbols)
2025-06-29 22:07:18,707 - DEBUG - firebase_comm - FIREBASE RESPONSE: datafeeds - received data for 48 symbols
2025-06-29 22:07:19,298 - DEBUG - firebase_comm - FIREBASE GET: datafeeds (all symbols)
2025-06-29 22:07:19,600 - DEBUG - firebase_comm - FIREBASE RESPONSE: datafeeds - received data for 48 symbols
2025-06-29 22:07:20,971 - DEBUG - firebase_comm - FIREBASE GET: datafeeds (all symbols)
2025-06-29 22:07:21,288 - DEBUG - firebase_comm - FIREBASE RESPONSE: datafeeds - received data for 48 symbols
2025-06-29 22:07:22,647 - DEBUG - firebase_comm - FIREBASE GET: datafeeds (all symbols)
2025-06-29 22:07:22,943 - DEBUG - firebase_comm - FIREBASE RESPONSE: datafeeds - received data for 48 symbols
2025-06-29 22:07:23,684 - DEBUG - firebase_comm - FIREBASE GET: datafeeds (all symbols)
2025-06-29 22:07:24,053 - DEBUG - firebase_comm - FIREBASE RESPONSE: datafeeds - received data for 48 symbols
2025-06-29 22:07:25,908 - DEBUG - firebase_comm - FIREBASE GET: datafeeds (all symbols)
2025-06-29 22:07:26,201 - DEBUG - firebase_comm - FIREBASE RESPONSE: datafeeds - received data for 48 symbols
2025-06-29 22:07:45,761 - DEBUG - firebase_comm - FIREBASE GET: datafeeds (all symbols)
2025-06-29 22:07:46,069 - DEBUG - firebase_comm - FIREBASE RESPONSE: datafeeds - received data for 48 symbols
2025-06-29 22:07:48,460 - INFO - firebase_comm - OUTGOING ORDER DATA: {"order_id": "8776888990", "close_price": "0.52202", "user_id": 9, "order_type": "BUY", "order_company_name": "AUDCHF", "order_quantity": "0.01000000", "contract_value": "1000.00000000", "order_status": "CLOSED", "status": "CLOSED", "action": "close_order", "close_id": "2205100875"}
2025-06-29 22:07:48,465 - INFO - firebase_comm - FIREBASE PUSH: trade_data/live - {"order_id": "8776888990", "order_user_id": "", "order_company_name": "AUDCHF", "order_type": "BUY", "order_status": "CLOSED", "order_price": "", "order_quantity": "0.01000000", "contract_value": "1000.00000000", "margin": "", "stop_loss": "", "take_profit": "", "close_price": "0.52202", "net_profit": "", "swap": "", "commission": "", "cancel_message": "", "close_message": "", "takeprofit_id": "", "stoploss_id": "", "cancel_id": "", "close_id": "2205100875", "modify_id": "", "stoploss_cancel_id": "", "takeprofit_cancel_id": "", "status": "CLOSED", "timestamp": "2025-06-30T05:07:48.464130", "account_type": "live", "action": "close_order"}
2025-06-29 22:07:48,769 - INFO - firebase_comm - FIREBASE PUSH RESULT: Key=-OTzDzXfFdlGYjDxvx4u
2025-06-29 22:07:49,497 - DEBUG - firebase_comm - FIREBASE GET: datafeeds (all symbols)
2025-06-29 22:07:49,831 - DEBUG - firebase_comm - FIREBASE RESPONSE: datafeeds - received data for 48 symbols
2025-06-29 22:07:50,933 - DEBUG - firebase_comm - FIREBASE GET: datafeeds (all symbols)
2025-06-29 22:07:51,289 - DEBUG - firebase_comm - FIREBASE RESPONSE: datafeeds - received data for 48 symbols
2025-06-29 22:07:53,127 - DEBUG - firebase_comm - FIREBASE GET: datafeeds (all symbols)
2025-06-29 22:07:53,430 - DEBUG - firebase_comm - FIREBASE RESPONSE: datafeeds - received data for 48 symbols
2025-06-29 22:07:54,882 - DEBUG - firebase_comm - FIREBASE GET: datafeeds (all symbols)
2025-06-29 22:07:55,180 - DEBUG - firebase_comm - FIREBASE RESPONSE: datafeeds - received data for 48 symbols
2025-06-29 22:07:58,064 - DEBUG - firebase_comm - FIREBASE GET: datafeeds (all symbols)
2025-06-29 22:07:58,376 - DEBUG - firebase_comm - FIREBASE RESPONSE: datafeeds - received data for 48 symbols
2025-06-29 22:14:13,401 - INFO - firebase_comm - OUTGOING ORDER DATA: {"order_id": "8776888990", "close_price": "0.52207", "user_id": 9, "order_type": "BUY", "order_company_name": "AUDCHF", "order_quantity": "0.01000000", "contract_value": "1000.00000000", "order_status": "CLOSED", "status": "CLOSED", "action": "close_order", "close_id": "8468163040"}
2025-06-29 22:14:13,405 - INFO - firebase_comm - FIREBASE PUSH: trade_data/live - {"order_id": "8776888990", "order_user_id": "", "order_company_name": "AUDCHF", "order_type": "BUY", "order_status": "CLOSED", "order_price": "", "order_quantity": "0.01000000", "contract_value": "1000.00000000", "margin": "", "stop_loss": "", "take_profit": "", "close_price": "0.52207", "net_profit": "", "swap": "", "commission": "", "cancel_message": "", "close_message": "", "takeprofit_id": "", "stoploss_id": "", "cancel_id": "", "close_id": "8468163040", "modify_id": "", "stoploss_cancel_id": "", "takeprofit_cancel_id": "", "status": "CLOSED", "timestamp": "2025-06-30T05:14:13.404215", "account_type": "live", "action": "close_order"}
2025-06-29 22:14:13,697 - INFO - firebase_comm - FIREBASE PUSH RESULT: Key=-OTzFSWJ79b9wd8iqrcv
2025-06-29 22:14:20,441 - DEBUG - firebase_comm - FIREBASE GET: datafeeds (all symbols)
2025-06-29 22:14:20,822 - DEBUG - firebase_comm - FIREBASE RESPONSE: datafeeds - received data for 48 symbols
2025-06-29 22:14:22,711 - DEBUG - firebase_comm - FIREBASE GET: datafeeds (all symbols)
2025-06-29 22:14:23,077 - DEBUG - firebase_comm - FIREBASE RESPONSE: datafeeds - received data for 48 symbols
2025-06-29 22:14:38,336 - DEBUG - firebase_comm - FIREBASE GET: datafeeds (all symbols)
2025-06-29 22:14:38,737 - DEBUG - firebase_comm - FIREBASE RESPONSE: datafeeds - received data for 48 symbols
2025-06-29 22:14:40,591 - DEBUG - firebase_comm - FIREBASE GET: datafeeds (all symbols)
2025-06-29 22:14:40,890 - DEBUG - firebase_comm - FIREBASE RESPONSE: datafeeds - received data for 48 symbols
2025-06-29 22:14:44,096 - DEBUG - firebase_comm - FIREBASE GET: datafeeds (all symbols)
2025-06-29 22:14:44,478 - DEBUG - firebase_comm - FIREBASE RESPONSE: datafeeds - received data for 48 symbols
2025-06-29 22:14:46,454 - DEBUG - firebase_comm - FIREBASE GET: datafeeds (all symbols)
2025-06-29 22:14:46,812 - DEBUG - firebase_comm - FIREBASE RESPONSE: datafeeds - received data for 48 symbols
2025-06-29 22:14:48,328 - DEBUG - firebase_comm - FIREBASE GET: datafeeds (all symbols)
2025-06-29 22:14:48,663 - DEBUG - firebase_comm - FIREBASE RESPONSE: datafeeds - received data for 48 symbols
2025-06-29 22:14:49,542 - DEBUG - firebase_comm - FIREBASE GET: datafeeds (all symbols)
2025-06-29 22:14:49,844 - DEBUG - firebase_comm - FIREBASE RESPONSE: datafeeds - received data for 48 symbols
2025-06-29 22:14:50,450 - DEBUG - firebase_comm - FIREBASE GET: datafeeds (all symbols)
2025-06-29 22:14:50,816 - DEBUG - firebase_comm - FIREBASE RESPONSE: datafeeds - received data for 48 symbols
2025-06-29 22:14:51,901 - DEBUG - firebase_comm - FIREBASE GET: datafeeds (all symbols)
2025-06-29 22:14:52,249 - DEBUG - firebase_comm - FIREBASE RESPONSE: datafeeds - received data for 48 symbols
2025-06-29 22:14:52,772 - DEBUG - firebase_comm - FIREBASE GET: datafeeds (all symbols)
2025-06-29 22:14:53,077 - DEBUG - firebase_comm - FIREBASE RESPONSE: datafeeds - received data for 48 symbols
2025-06-29 22:14:53,635 - DEBUG - firebase_comm - FIREBASE GET: datafeeds (all symbols)
2025-06-29 22:14:53,989 - DEBUG - firebase_comm - FIREBASE RESPONSE: datafeeds - received data for 48 symbols
2025-06-29 22:14:54,670 - DEBUG - firebase_comm - FIREBASE GET: datafeeds (all symbols)
2025-06-29 22:14:55,013 - DEBUG - firebase_comm - FIREBASE RESPONSE: datafeeds - received data for 48 symbols
2025-06-29 22:14:55,572 - DEBUG - firebase_comm - FIREBASE GET: datafeeds (all symbols)
2025-06-29 22:14:55,934 - DEBUG - firebase_comm - FIREBASE RESPONSE: datafeeds - received data for 48 symbols
2025-06-29 22:14:57,070 - DEBUG - firebase_comm - FIREBASE GET: datafeeds (all symbols)
2025-06-29 22:14:57,375 - DEBUG - firebase_comm - FIREBASE RESPONSE: datafeeds - received data for 48 symbols
2025-06-29 22:14:59,447 - DEBUG - firebase_comm - FIREBASE GET: datafeeds (all symbols)
2025-06-29 22:14:59,826 - DEBUG - firebase_comm - FIREBASE RESPONSE: datafeeds - received data for 48 symbols
2025-06-29 22:15:01,649 - DEBUG - firebase_comm - FIREBASE GET: datafeeds (all symbols)
2025-06-29 22:15:01,975 - DEBUG - firebase_comm - FIREBASE RESPONSE: datafeeds - received data for 48 symbols
2025-06-29 22:15:03,979 - DEBUG - firebase_comm - FIREBASE GET: datafeeds (all symbols)
2025-06-29 22:15:04,330 - DEBUG - firebase_comm - FIREBASE RESPONSE: datafeeds - received data for 48 symbols
2025-06-29 22:15:04,776 - DEBUG - firebase_comm - FIREBASE GET: datafeeds (all symbols)
2025-06-29 22:15:05,150 - DEBUG - firebase_comm - FIREBASE RESPONSE: datafeeds - received data for 48 symbols
2025-06-29 22:15:06,398 - DEBUG - firebase_comm - FIREBASE GET: datafeeds (all symbols)
2025-06-29 22:15:06,789 - DEBUG - firebase_comm - FIREBASE RESPONSE: datafeeds - received data for 48 symbols
2025-06-29 22:15:08,641 - DEBUG - firebase_comm - FIREBASE GET: datafeeds (all symbols)
2025-06-29 22:15:09,042 - DEBUG - firebase_comm - FIREBASE RESPONSE: datafeeds - received data for 48 symbols
2025-06-29 22:15:09,170 - DEBUG - firebase_comm - FIREBASE GET: datafeeds (all symbols)
2025-06-29 22:15:09,458 - DEBUG - firebase_comm - FIREBASE RESPONSE: datafeeds - received data for 48 symbols
2025-06-29 22:15:10,826 - DEBUG - firebase_comm - FIREBASE GET: datafeeds (all symbols)
2025-06-29 22:15:11,105 - DEBUG - firebase_comm - FIREBASE RESPONSE: datafeeds - received data for 48 symbols
2025-06-29 22:15:11,488 - DEBUG - firebase_comm - FIREBASE GET: datafeeds (all symbols)
2025-06-29 22:15:11,808 - DEBUG - firebase_comm - FIREBASE RESPONSE: datafeeds - received data for 48 symbols
2025-06-29 22:15:12,008 - DEBUG - firebase_comm - FIREBASE GET: datafeeds (all symbols)
2025-06-29 22:15:12,318 - DEBUG - firebase_comm - FIREBASE RESPONSE: datafeeds - received data for 48 symbols
2025-06-29 22:15:13,306 - DEBUG - firebase_comm - FIREBASE GET: datafeeds (all symbols)
2025-06-29 22:15:13,648 - DEBUG - firebase_comm - FIREBASE RESPONSE: datafeeds - received data for 48 symbols
2025-06-29 22:15:15,431 - DEBUG - firebase_comm - FIREBASE GET: datafeeds (all symbols)
2025-06-29 22:15:15,800 - DEBUG - firebase_comm - FIREBASE RESPONSE: datafeeds - received data for 48 symbols
2025-06-29 22:15:18,012 - DEBUG - firebase_comm - FIREBASE GET: datafeeds (all symbols)
2025-06-29 22:15:18,362 - DEBUG - firebase_comm - FIREBASE RESPONSE: datafeeds - received data for 48 symbols
2025-06-29 22:15:20,149 - DEBUG - firebase_comm - FIREBASE GET: datafeeds (all symbols)
2025-06-29 22:15:20,509 - DEBUG - firebase_comm - FIREBASE RESPONSE: datafeeds - received data for 48 symbols
2025-06-29 22:15:33,898 - DEBUG - firebase_comm - FIREBASE GET: datafeeds (all symbols)
2025-06-29 22:15:34,244 - DEBUG - firebase_comm - FIREBASE RESPONSE: datafeeds - received data for 48 symbols
2025-06-29 22:15:36,108 - DEBUG - firebase_comm - FIREBASE GET: datafeeds (all symbols)
2025-06-29 22:15:36,396 - DEBUG - firebase_comm - FIREBASE RESPONSE: datafeeds - received data for 48 symbols
2025-06-29 22:15:38,442 - DEBUG - firebase_comm - FIREBASE GET: datafeeds (all symbols)
2025-06-29 22:15:38,844 - DEBUG - firebase_comm - FIREBASE RESPONSE: datafeeds - received data for 48 symbols
2025-06-29 22:15:40,731 - DEBUG - firebase_comm - FIREBASE GET: datafeeds (all symbols)
2025-06-29 22:15:41,094 - DEBUG - firebase_comm - FIREBASE RESPONSE: datafeeds - received data for 48 symbols
2025-06-29 22:15:43,310 - DEBUG - firebase_comm - FIREBASE GET: datafeeds (all symbols)
2025-06-29 22:15:43,652 - DEBUG - firebase_comm - FIREBASE RESPONSE: datafeeds - received data for 48 symbols
2025-06-29 22:15:45,268 - DEBUG - firebase_comm - FIREBASE GET: datafeeds (all symbols)
2025-06-29 22:15:45,598 - DEBUG - firebase_comm - FIREBASE RESPONSE: datafeeds - received data for 48 symbols
2025-06-29 22:15:47,579 - DEBUG - firebase_comm - FIREBASE GET: datafeeds (all symbols)
2025-06-29 22:15:47,866 - DEBUG - firebase_comm - FIREBASE RESPONSE: datafeeds - received data for 48 symbols
2025-06-29 22:15:50,296 - DEBUG - firebase_comm - FIREBASE GET: datafeeds (all symbols)
2025-06-29 22:15:50,616 - DEBUG - firebase_comm - FIREBASE RESPONSE: datafeeds - received data for 48 symbols
2025-06-29 22:15:52,132 - DEBUG - firebase_comm - FIREBASE GET: datafeeds (all symbols)
2025-06-29 22:15:52,460 - DEBUG - firebase_comm - FIREBASE RESPONSE: datafeeds - received data for 48 symbols
2025-06-29 22:15:54,903 - DEBUG - firebase_comm - FIREBASE GET: datafeeds (all symbols)
2025-06-29 22:15:55,223 - DEBUG - firebase_comm - FIREBASE RESPONSE: datafeeds - received data for 48 symbols
2025-06-29 22:15:56,925 - DEBUG - firebase_comm - FIREBASE GET: datafeeds (all symbols)
2025-06-29 22:15:57,274 - DEBUG - firebase_comm - FIREBASE RESPONSE: datafeeds - received data for 48 symbols
2025-06-29 22:15:59,100 - DEBUG - firebase_comm - FIREBASE GET: datafeeds (all symbols)
2025-06-29 22:15:59,525 - DEBUG - firebase_comm - FIREBASE RESPONSE: datafeeds - received data for 48 symbols
2025-06-29 22:16:01,235 - DEBUG - firebase_comm - FIREBASE GET: datafeeds (all symbols)
2025-06-29 22:16:01,570 - DEBUG - firebase_comm - FIREBASE RESPONSE: datafeeds - received data for 48 symbols
2025-06-29 22:16:03,828 - DEBUG - firebase_comm - FIREBASE GET: datafeeds (all symbols)
2025-06-29 22:16:04,131 - DEBUG - firebase_comm - FIREBASE RESPONSE: datafeeds - received data for 48 symbols
2025-06-29 22:16:04,635 - DEBUG - firebase_comm - FIREBASE GET: datafeeds (all symbols)
2025-06-29 22:16:04,952 - DEBUG - firebase_comm - FIREBASE RESPONSE: datafeeds - received data for 48 symbols
2025-06-29 22:16:06,088 - DEBUG - firebase_comm - FIREBASE GET: datafeeds (all symbols)
2025-06-29 22:16:06,384 - DEBUG - firebase_comm - FIREBASE RESPONSE: datafeeds - received data for 48 symbols
2025-06-29 22:16:06,473 - DEBUG - firebase_comm - FIREBASE GET: datafeeds (all symbols)
2025-06-29 22:16:06,794 - DEBUG - firebase_comm - FIREBASE RESPONSE: datafeeds - received data for 48 symbols
2025-06-29 22:16:08,291 - DEBUG - firebase_comm - FIREBASE GET: datafeeds (all symbols)
2025-06-29 22:16:08,638 - DEBUG - firebase_comm - FIREBASE RESPONSE: datafeeds - received data for 48 symbols
2025-06-29 22:16:10,594 - DEBUG - firebase_comm - FIREBASE GET: datafeeds (all symbols)
2025-06-29 22:16:10,890 - DEBUG - firebase_comm - FIREBASE RESPONSE: datafeeds - received data for 48 symbols
2025-06-29 22:16:12,868 - DEBUG - firebase_comm - FIREBASE GET: datafeeds (all symbols)
2025-06-29 22:16:13,228 - DEBUG - firebase_comm - FIREBASE RESPONSE: datafeeds - received data for 48 symbols
2025-06-29 22:16:15,371 - DEBUG - firebase_comm - FIREBASE GET: datafeeds (all symbols)
2025-06-29 22:16:15,704 - DEBUG - firebase_comm - FIREBASE RESPONSE: datafeeds - received data for 48 symbols
2025-06-29 22:16:17,411 - DEBUG - firebase_comm - FIREBASE GET: datafeeds (all symbols)
2025-06-29 22:16:17,706 - DEBUG - firebase_comm - FIREBASE RESPONSE: datafeeds - received data for 48 symbols
2025-06-29 22:16:19,730 - DEBUG - firebase_comm - FIREBASE GET: datafeeds (all symbols)
2025-06-29 22:16:20,108 - DEBUG - firebase_comm - FIREBASE RESPONSE: datafeeds - received data for 48 symbols
2025-06-29 22:16:21,937 - DEBUG - firebase_comm - FIREBASE GET: datafeeds (all symbols)
2025-06-29 22:16:22,233 - DEBUG - firebase_comm - FIREBASE RESPONSE: datafeeds - received data for 48 symbols
2025-06-29 22:16:24,747 - DEBUG - firebase_comm - FIREBASE GET: datafeeds (all symbols)
2025-06-29 22:16:25,126 - DEBUG - firebase_comm - FIREBASE RESPONSE: datafeeds - received data for 48 symbols
2025-06-29 22:16:26,386 - DEBUG - firebase_comm - FIREBASE GET: datafeeds (all symbols)
2025-06-29 22:16:26,820 - DEBUG - firebase_comm - FIREBASE RESPONSE: datafeeds - received data for 48 symbols
2025-06-29 22:16:28,780 - DEBUG - firebase_comm - FIREBASE GET: datafeeds (all symbols)
2025-06-29 22:16:29,122 - DEBUG - firebase_comm - FIREBASE RESPONSE: datafeeds - received data for 48 symbols
2025-06-29 22:16:31,111 - DEBUG - firebase_comm - FIREBASE GET: datafeeds (all symbols)
2025-06-29 22:16:31,459 - DEBUG - firebase_comm - FIREBASE RESPONSE: datafeeds - received data for 48 symbols
2025-06-29 22:16:33,502 - DEBUG - firebase_comm - FIREBASE GET: datafeeds (all symbols)
2025-06-29 22:16:33,826 - DEBUG - firebase_comm - FIREBASE RESPONSE: datafeeds - received data for 48 symbols
2025-06-29 22:16:36,314 - DEBUG - firebase_comm - FIREBASE GET: datafeeds (all symbols)
2025-06-29 22:16:36,675 - DEBUG - firebase_comm - FIREBASE RESPONSE: datafeeds - received data for 48 symbols
2025-06-29 22:16:38,041 - DEBUG - firebase_comm - FIREBASE GET: datafeeds (all symbols)
2025-06-29 22:16:38,334 - DEBUG - firebase_comm - FIREBASE RESPONSE: datafeeds - received data for 48 symbols
2025-06-29 22:16:40,326 - DEBUG - firebase_comm - FIREBASE GET: datafeeds (all symbols)
2025-06-29 22:16:40,687 - DEBUG - firebase_comm - FIREBASE RESPONSE: datafeeds - received data for 48 symbols
2025-06-29 22:16:42,957 - DEBUG - firebase_comm - FIREBASE GET: datafeeds (all symbols)
2025-06-29 22:16:43,248 - DEBUG - firebase_comm - FIREBASE RESPONSE: datafeeds - received data for 48 symbols
2025-06-29 22:16:45,358 - DEBUG - firebase_comm - FIREBASE GET: datafeeds (all symbols)
2025-06-29 22:16:45,705 - DEBUG - firebase_comm - FIREBASE RESPONSE: datafeeds - received data for 48 symbols
2025-06-29 22:16:47,566 - DEBUG - firebase_comm - FIREBASE GET: datafeeds (all symbols)
2025-06-29 22:16:47,861 - DEBUG - firebase_comm - FIREBASE RESPONSE: datafeeds - received data for 48 symbols
2025-06-29 22:16:49,566 - DEBUG - firebase_comm - FIREBASE GET: datafeeds (all symbols)
2025-06-29 22:16:49,903 - DEBUG - firebase_comm - FIREBASE RESPONSE: datafeeds - received data for 48 symbols
2025-06-29 22:16:51,897 - DEBUG - firebase_comm - FIREBASE GET: datafeeds (all symbols)
2025-06-29 22:16:52,259 - DEBUG - firebase_comm - FIREBASE RESPONSE: datafeeds - received data for 48 symbols
2025-06-29 22:16:54,408 - DEBUG - firebase_comm - FIREBASE GET: datafeeds (all symbols)
2025-06-29 22:16:54,716 - DEBUG - firebase_comm - FIREBASE RESPONSE: datafeeds - received data for 48 symbols
2025-06-29 22:16:56,534 - DEBUG - firebase_comm - FIREBASE GET: datafeeds (all symbols)
2025-06-29 22:16:56,865 - DEBUG - firebase_comm - FIREBASE RESPONSE: datafeeds - received data for 48 symbols
2025-06-29 22:16:58,499 - DEBUG - firebase_comm - FIREBASE GET: datafeeds (all symbols)
2025-06-29 22:16:58,812 - DEBUG - firebase_comm - FIREBASE RESPONSE: datafeeds - received data for 48 symbols
2025-06-29 22:17:00,848 - DEBUG - firebase_comm - FIREBASE GET: datafeeds (all symbols)
2025-06-29 22:17:01,167 - DEBUG - firebase_comm - FIREBASE RESPONSE: datafeeds - received data for 48 symbols
2025-06-29 22:17:03,136 - DEBUG - firebase_comm - FIREBASE GET: datafeeds (all symbols)
2025-06-29 22:17:03,422 - DEBUG - firebase_comm - FIREBASE RESPONSE: datafeeds - received data for 48 symbols
2025-06-29 22:17:04,914 - DEBUG - firebase_comm - FIREBASE GET: datafeeds (all symbols)
2025-06-29 22:17:05,263 - DEBUG - firebase_comm - FIREBASE RESPONSE: datafeeds - received data for 48 symbols
2025-06-29 22:17:06,043 - DEBUG - firebase_comm - FIREBASE GET: datafeeds (all symbols)
2025-06-29 22:17:06,390 - DEBUG - firebase_comm - FIREBASE RESPONSE: datafeeds - received data for 48 symbols
2025-06-29 22:17:06,599 - DEBUG - firebase_comm - FIREBASE GET: datafeeds (all symbols)
2025-06-29 22:17:07,185 - DEBUG - firebase_comm - FIREBASE RESPONSE: datafeeds - received data for 48 symbols
2025-06-29 22:17:08,006 - DEBUG - firebase_comm - FIREBASE GET: datafeeds (all symbols)
2025-06-29 22:17:08,295 - DEBUG - firebase_comm - FIREBASE RESPONSE: datafeeds - received data for 48 symbols
