2025-07-10 03:07:02,479 - INFO - order_audit - FRONTEND ORDER FINALIZED: <app.database.models.DemoUserOrder object at 0x0000026B76040B90>
2025-07-10 03:11:52,916 - INFO - order_audit - FRONTEND ORDER FINALIZED: <app.database.models.DemoUserOrder object at 0x0000015F60D22D50>
2025-07-10 03:24:16,596 - INFO - order_audit - FRONTEND ORDER FINALIZED: <app.database.models.DemoUserOrder object at 0x000001AA26FD5A90>
2025-07-10 03:39:13,544 - INFO - order_audit - {"event":"order_request","endpoint":"place_order","user_id":1,"symbol":"AUDUSD","order_type":"BUY","quantity":"0.01","price":"0.6565","timestamp":"2025-07-10T10:39:13.543868"}
2025-07-10 03:39:14,025 - INFO - order_audit - {"event":"order_finalized","endpoint":"place_order","user_id":1,"order_id":"7791060265","status":"OPEN","net_profit":"None","margin":"6.56000000","commission":"0.10000000","timestamp":"2025-07-10T10:39:14.025208"}
2025-07-10 03:40:05,452 - INFO - order_audit - {"event":"order_request","endpoint":"place_pending_order","user_id":1,"symbol":"AUDUSD","order_type":"BUY_LIMIT","quantity":"0.01","price":"0.65645","timestamp":"2025-07-10T10:40:05.452670"}
2025-07-10 03:40:06,168 - INFO - order_audit - {"event":"order_finalized","endpoint":"place_pending_order","user_id":1,"order_id":"8843080535","status":"PENDING","net_profit":"None","margin":"6.56000000","commission":"0.10000000","timestamp":"2025-07-10T10:40:06.168586"}
2025-07-10 03:44:06,767 - INFO - order_audit - {"event":"order_request","endpoint":"place_order","user_id":1,"symbol":"AUDCAD","order_type":"BUY","quantity":"0.01","price":"0.89762","timestamp":"2025-07-10T10:44:06.767370"}
2025-07-10 03:44:11,512 - INFO - order_audit - {"event":"order_finalized","endpoint":"place_order","user_id":1,"order_id":"2180510646","status":"OPEN","net_profit":"None","margin":"6.55982001","commission":"0.10000000","timestamp":"2025-07-10T10:44:11.512899"}
2025-07-10 03:50:38,325 - INFO - order_audit - {"event":"order_request","endpoint":"place_order","user_id":1,"symbol":"AUDJPY","order_type":"BUY","quantity":"0.01","price":"95.96","timestamp":"2025-07-10T10:50:38.324180"}
2025-07-10 03:50:38,794 - INFO - order_audit - {"event":"order_finalized","endpoint":"place_order","user_id":1,"order_id":"6837172294","status":"OPEN","net_profit":"None","margin":"6.54842365","commission":"0.10000000","timestamp":"2025-07-10T10:50:38.794333"}
2025-07-10 03:50:45,306 - INFO - order_audit - {"event":"order_request","endpoint":"place_order","user_id":1,"symbol":"AUDJPY","order_type":"SELL","quantity":"0.01","price":"95.854","timestamp":"2025-07-10T10:50:45.306113"}
2025-07-10 03:50:45,714 - INFO - order_audit - {"event":"order_finalized","endpoint":"place_order","user_id":1,"order_id":"4307769882","status":"OPEN","net_profit":"None","margin":"6.54774096","commission":"0.10000000","timestamp":"2025-07-10T10:50:45.714829"}
2025-07-10 03:50:55,148 - INFO - order_audit - {"event":"order_request","endpoint":"place_order","user_id":1,"symbol":"AUDJPY","order_type":"SELL","quantity":"0.01","price":"95.85300000000001","timestamp":"2025-07-10T10:50:55.148913"}
2025-07-10 03:50:55,549 - INFO - order_audit - {"event":"order_finalized","endpoint":"place_order","user_id":1,"order_id":"6766804699","status":"OPEN","net_profit":"None","margin":"6.54739961","commission":"0.10000000","timestamp":"2025-07-10T10:50:55.549004"}
2025-07-10 03:51:02,144 - INFO - order_audit - {"event":"order_request","endpoint":"place_order","user_id":1,"symbol":"AUDJPY","order_type":"BUY","quantity":"0.01","price":"95.955","timestamp":"2025-07-10T10:51:02.144286"}
2025-07-10 03:51:02,472 - INFO - order_audit - {"event":"order_finalized","endpoint":"place_order","user_id":1,"order_id":"6901192288","status":"OPEN","net_profit":"None","margin":"6.54794577","commission":"0.10000000","timestamp":"2025-07-10T10:51:02.472040"}
2025-07-10 03:51:10,508 - INFO - order_audit - {"event":"order_request","endpoint":"place_pending_order","user_id":1,"symbol":"AUDJPY","order_type":"BUY_LIMIT","quantity":"0.01","price":"95.957","timestamp":"2025-07-10T10:51:10.508142"}
2025-07-10 03:51:10,908 - INFO - order_audit - {"event":"order_finalized","endpoint":"place_pending_order","user_id":1,"order_id":"6007857887","status":"PENDING","net_profit":"None","margin":"6.54835538","commission":"0.10000000","timestamp":"2025-07-10T10:51:10.908108"}
2025-07-10 04:32:57,187 - INFO - order_audit - {"event":"order_close_request","endpoint":"close_order","user_id":1,"order_id":"6007857887","symbol":"AUDJPY","order_type":"BUY","quantity":"","price":"95.904","timestamp":"2025-07-10T11:32:57.186400"}
2025-07-10 04:32:57,909 - INFO - order_audit - {"event":"order_close_request","endpoint":"close_order","user_id":1,"order_id":"6901192288","symbol":"AUDJPY","order_type":"BUY","quantity":"","price":"95.9","timestamp":"2025-07-10T11:32:57.909786"}
2025-07-10 04:32:58,600 - INFO - order_audit - {"event":"order_close_request","endpoint":"close_order","user_id":1,"order_id":"6766804699","symbol":"AUDJPY","order_type":"SELL","quantity":"","price":"96","timestamp":"2025-07-10T11:32:58.600804"}
2025-07-10 04:32:59,243 - INFO - order_audit - {"event":"order_close_request","endpoint":"close_order","user_id":1,"order_id":"4307769882","symbol":"AUDJPY","order_type":"SELL","quantity":"","price":"96","timestamp":"2025-07-10T11:32:59.241221"}
2025-07-10 04:33:19,432 - INFO - order_audit - {"event":"order_request","endpoint":"place_order","user_id":1,"symbol":"AUDJPY","order_type":"BUY","quantity":"0.01","price":"95.99499999999999","timestamp":"2025-07-10T11:33:19.431952"}
2025-07-10 04:33:19,820 - INFO - order_audit - {"event":"order_finalized","endpoint":"place_order","user_id":1,"order_id":"1706360528","status":"OPEN","net_profit":"None","margin":"6.55088136","commission":"0.10000000","timestamp":"2025-07-10T11:33:19.820650"}
2025-07-10 04:33:22,650 - INFO - order_audit - {"event":"order_close_request","endpoint":"close_order","user_id":1,"order_id":"1706360528","symbol":"AUDJPY","order_type":"BUY","quantity":"","price":"95.89","timestamp":"2025-07-10T11:33:22.650272"}
