2025-06-28 04:35:38,209 DEBUG [get_order_model] Called with user_type: 'live'
2025-06-28 04:35:38,212 DEBUG [get_order_model] Returning UserOrder
2025-06-28 04:35:38,213 DEBUG [get_all_open_orders_by_user_id] Called for user 4 with order_model: UserOrder
2025-06-28 04:35:38,236 DEBUG [get_all_open_orders_by_user_id] Retrieved 0 open orders for user 4 using model UserOrder
2025-06-28 04:35:38,280 DEBUG [get_order_model] Called with user_type: 'live'
2025-06-28 04:35:38,281 DEBUG [get_order_model] Returning UserOrder
2025-06-28 04:35:38,282 DEBUG [get_all_open_orders_by_user_id] Called for user 9 with order_model: UserOrder
2025-06-28 04:35:38,299 DEBUG [get_all_open_orders_by_user_id] Retrieved 1 open orders for user 9 using model UserOrder
2025-06-28 04:35:39,520 DEBUG [get_order_model] Called with user_type: 'demo'
2025-06-28 04:35:39,525 DEBUG [get_order_model] Returning DemoUserOrder
2025-06-28 04:35:39,526 DEBUG [get_all_open_orders_by_user_id] Called for user 1 with order_model: DemoUserOrder
2025-06-28 04:35:39,551 DEBUG [get_all_open_orders_by_user_id] Retrieved 0 open orders for user 1 using model DemoUserOrder
2025-06-28 04:35:39,615 DEBUG [get_order_model] Called with user_type: 'demo'
2025-06-28 04:35:39,616 DEBUG [get_order_model] Returning DemoUserOrder
2025-06-28 04:35:39,617 DEBUG [get_all_open_orders_by_user_id] Called for user 4 with order_model: DemoUserOrder
2025-06-28 04:35:39,626 DEBUG [get_all_open_orders_by_user_id] Retrieved 0 open orders for user 4 using model DemoUserOrder
2025-06-28 04:35:39,745 DEBUG [get_order_model] Called with user_type: 'demo'
2025-06-28 04:35:39,751 DEBUG [get_order_model] Returning DemoUserOrder
2025-06-28 04:35:39,762 DEBUG [get_all_open_orders_by_user_id] Called for user 10 with order_model: DemoUserOrder
2025-06-28 04:35:39,834 DEBUG [get_all_open_orders_by_user_id] Retrieved 0 open orders for user 10 using model DemoUserOrder
2025-06-28 04:36:38,164 DEBUG [get_order_model] Called with user_type: 'live'
2025-06-28 04:36:38,164 DEBUG [get_order_model] Returning UserOrder
2025-06-28 04:36:38,165 DEBUG [get_all_open_orders_by_user_id] Called for user 4 with order_model: UserOrder
2025-06-28 04:36:38,180 DEBUG [get_all_open_orders_by_user_id] Retrieved 0 open orders for user 4 using model UserOrder
2025-06-28 04:36:38,234 DEBUG [get_order_model] Called with user_type: 'live'
2025-06-28 04:36:38,235 DEBUG [get_order_model] Returning UserOrder
2025-06-28 04:36:38,236 DEBUG [get_all_open_orders_by_user_id] Called for user 9 with order_model: UserOrder
2025-06-28 04:36:38,251 DEBUG [get_all_open_orders_by_user_id] Retrieved 1 open orders for user 9 using model UserOrder
2025-06-28 04:36:39,373 DEBUG [get_order_model] Called with user_type: 'demo'
2025-06-28 04:36:39,374 DEBUG [get_order_model] Returning DemoUserOrder
2025-06-28 04:36:39,375 DEBUG [get_all_open_orders_by_user_id] Called for user 1 with order_model: DemoUserOrder
2025-06-28 04:36:39,390 DEBUG [get_all_open_orders_by_user_id] Retrieved 0 open orders for user 1 using model DemoUserOrder
2025-06-28 04:36:39,451 DEBUG [get_order_model] Called with user_type: 'demo'
2025-06-28 04:36:39,452 DEBUG [get_order_model] Returning DemoUserOrder
2025-06-28 04:36:39,454 DEBUG [get_all_open_orders_by_user_id] Called for user 4 with order_model: DemoUserOrder
2025-06-28 04:36:39,468 DEBUG [get_all_open_orders_by_user_id] Retrieved 0 open orders for user 4 using model DemoUserOrder
2025-06-28 04:36:39,501 DEBUG [get_order_model] Called with user_type: 'demo'
2025-06-28 04:36:39,502 DEBUG [get_order_model] Returning DemoUserOrder
2025-06-28 04:36:39,504 DEBUG [get_all_open_orders_by_user_id] Called for user 10 with order_model: DemoUserOrder
2025-06-28 04:36:39,515 DEBUG [get_all_open_orders_by_user_id] Retrieved 0 open orders for user 10 using model DemoUserOrder
2025-06-28 04:37:38,194 DEBUG [get_order_model] Called with user_type: 'live'
2025-06-28 04:37:38,195 DEBUG [get_order_model] Returning UserOrder
2025-06-28 04:37:38,196 DEBUG [get_all_open_orders_by_user_id] Called for user 4 with order_model: UserOrder
2025-06-28 04:37:38,222 DEBUG [get_all_open_orders_by_user_id] Retrieved 0 open orders for user 4 using model UserOrder
2025-06-28 04:37:38,294 DEBUG [get_order_model] Called with user_type: 'live'
2025-06-28 04:37:38,295 DEBUG [get_order_model] Returning UserOrder
2025-06-28 04:37:38,297 DEBUG [get_all_open_orders_by_user_id] Called for user 9 with order_model: UserOrder
2025-06-28 04:37:38,311 DEBUG [get_all_open_orders_by_user_id] Retrieved 1 open orders for user 9 using model UserOrder
2025-06-28 04:37:41,284 DEBUG [get_order_model] Called with user_type: 'demo'
2025-06-28 04:37:41,291 DEBUG [get_order_model] Returning DemoUserOrder
2025-06-28 04:37:41,301 DEBUG [get_all_open_orders_by_user_id] Called for user 1 with order_model: DemoUserOrder
2025-06-28 04:37:41,434 DEBUG [get_all_open_orders_by_user_id] Retrieved 0 open orders for user 1 using model DemoUserOrder
2025-06-28 04:37:41,903 DEBUG [get_order_model] Called with user_type: 'demo'
2025-06-28 04:37:41,905 DEBUG [get_order_model] Returning DemoUserOrder
2025-06-28 04:37:41,909 DEBUG [get_all_open_orders_by_user_id] Called for user 4 with order_model: DemoUserOrder
2025-06-28 04:37:41,975 DEBUG [get_all_open_orders_by_user_id] Retrieved 0 open orders for user 4 using model DemoUserOrder
2025-06-28 04:37:42,132 DEBUG [get_order_model] Called with user_type: 'demo'
2025-06-28 04:37:42,137 DEBUG [get_order_model] Returning DemoUserOrder
2025-06-28 04:37:42,144 DEBUG [get_all_open_orders_by_user_id] Called for user 10 with order_model: DemoUserOrder
2025-06-28 04:37:42,271 DEBUG [get_all_open_orders_by_user_id] Retrieved 0 open orders for user 10 using model DemoUserOrder
2025-06-28 04:37:45,099 DEBUG [get_order_model] Called with user_type: 'demo'
2025-06-28 04:37:45,100 DEBUG [get_order_model] Returning DemoUserOrder
2025-06-28 04:37:45,106 DEBUG [get_all_open_orders_by_user_id] Called for user 10 with order_model: DemoUserOrder
2025-06-28 04:37:45,169 DEBUG [get_all_open_orders_by_user_id] Retrieved 0 open orders for user 10 using model DemoUserOrder
2025-06-28 04:37:49,541 DEBUG [get_orders_by_user_id_and_statuses] Retrieved 0 orders for user 10 with statuses ['REJECTED'] using model DemoUserOrder
2025-06-28 04:37:54,261 DEBUG [get_order_model] Called with user_type: 'demo'
2025-06-28 04:37:54,269 DEBUG [get_order_model] Returning DemoUserOrder
2025-06-28 04:37:54,282 DEBUG [get_all_open_orders_by_user_id] Called for user 10 with order_model: DemoUserOrder
2025-06-28 04:37:54,401 DEBUG [get_all_open_orders_by_user_id] Retrieved 0 open orders for user 10 using model DemoUserOrder
2025-06-28 04:37:54,477 DEBUG [get_orders_by_user_id_and_statuses] Retrieved 0 orders for user 10 with statuses ['BUY_LIMIT', 'SELL_LIMIT', 'BUY_STOP', 'SELL_STOP', 'PENDING'] using model DemoUserOrder
2025-06-28 04:37:55,661 DEBUG [get_order_model] Called with user_type: 'demo'
2025-06-28 04:37:55,666 DEBUG [get_order_model] Returning DemoUserOrder
2025-06-28 04:37:55,670 DEBUG [get_all_open_orders_by_user_id] Called for user 10 with order_model: DemoUserOrder
2025-06-28 04:37:55,709 DEBUG [get_all_open_orders_by_user_id] Retrieved 0 open orders for user 10 using model DemoUserOrder
2025-06-28 04:37:55,742 DEBUG [get_orders_by_user_id_and_statuses] Retrieved 0 orders for user 10 with statuses ['BUY_LIMIT', 'SELL_LIMIT', 'BUY_STOP', 'SELL_STOP', 'PENDING'] using model DemoUserOrder
2025-06-28 04:38:14,632 DEBUG [get_orders_by_user_id_and_statuses] Retrieved 22 orders for user 10 with statuses ['CLOSED'] using model DemoUserOrder
2025-06-28 04:38:38,194 DEBUG [get_order_model] Called with user_type: 'live'
2025-06-28 04:38:38,195 DEBUG [get_order_model] Returning UserOrder
2025-06-28 04:38:38,195 DEBUG [get_all_open_orders_by_user_id] Called for user 4 with order_model: UserOrder
2025-06-28 04:38:38,216 DEBUG [get_all_open_orders_by_user_id] Retrieved 0 open orders for user 4 using model UserOrder
2025-06-28 04:38:38,279 DEBUG [get_order_model] Called with user_type: 'live'
2025-06-28 04:38:38,279 DEBUG [get_order_model] Returning UserOrder
2025-06-28 04:38:38,280 DEBUG [get_all_open_orders_by_user_id] Called for user 9 with order_model: UserOrder
2025-06-28 04:38:38,292 DEBUG [get_all_open_orders_by_user_id] Retrieved 1 open orders for user 9 using model UserOrder
2025-06-28 04:38:39,526 DEBUG [get_order_model] Called with user_type: 'demo'
2025-06-28 04:38:39,527 DEBUG [get_order_model] Returning DemoUserOrder
2025-06-28 04:38:39,528 DEBUG [get_all_open_orders_by_user_id] Called for user 1 with order_model: DemoUserOrder
2025-06-28 04:38:39,549 DEBUG [get_all_open_orders_by_user_id] Retrieved 0 open orders for user 1 using model DemoUserOrder
2025-06-28 04:38:39,633 DEBUG [get_order_model] Called with user_type: 'demo'
2025-06-28 04:38:39,644 DEBUG [get_order_model] Returning DemoUserOrder
2025-06-28 04:38:39,647 DEBUG [get_all_open_orders_by_user_id] Called for user 4 with order_model: DemoUserOrder
2025-06-28 04:38:39,708 DEBUG [get_all_open_orders_by_user_id] Retrieved 0 open orders for user 4 using model DemoUserOrder
2025-06-28 04:38:39,853 DEBUG [get_order_model] Called with user_type: 'demo'
2025-06-28 04:38:39,856 DEBUG [get_order_model] Returning DemoUserOrder
2025-06-28 04:38:39,858 DEBUG [get_all_open_orders_by_user_id] Called for user 10 with order_model: DemoUserOrder
2025-06-28 04:38:39,868 DEBUG [get_all_open_orders_by_user_id] Retrieved 0 open orders for user 10 using model DemoUserOrder
2025-06-28 04:39:19,651 DEBUG [get_orders_by_user_id_and_statuses] Retrieved 0 orders for user 10 with statuses ['REJECTED'] using model DemoUserOrder
2025-06-28 04:39:20,815 DEBUG [get_orders_by_user_id_and_statuses] Retrieved 22 orders for user 10 with statuses ['CLOSED'] using model DemoUserOrder
2025-06-28 04:39:38,180 DEBUG [get_order_model] Called with user_type: 'live'
2025-06-28 04:39:38,180 DEBUG [get_order_model] Returning UserOrder
2025-06-28 04:39:38,181 DEBUG [get_all_open_orders_by_user_id] Called for user 4 with order_model: UserOrder
2025-06-28 04:39:38,191 DEBUG [get_all_open_orders_by_user_id] Retrieved 0 open orders for user 4 using model UserOrder
2025-06-28 04:39:38,244 DEBUG [get_order_model] Called with user_type: 'live'
2025-06-28 04:39:38,247 DEBUG [get_order_model] Returning UserOrder
2025-06-28 04:39:38,248 DEBUG [get_all_open_orders_by_user_id] Called for user 9 with order_model: UserOrder
2025-06-28 04:39:38,263 DEBUG [get_all_open_orders_by_user_id] Retrieved 1 open orders for user 9 using model UserOrder
2025-06-28 04:39:40,002 DEBUG [get_order_model] Called with user_type: 'demo'
2025-06-28 04:39:40,004 DEBUG [get_order_model] Returning DemoUserOrder
2025-06-28 04:39:40,006 DEBUG [get_all_open_orders_by_user_id] Called for user 1 with order_model: DemoUserOrder
2025-06-28 04:39:40,026 DEBUG [get_all_open_orders_by_user_id] Retrieved 0 open orders for user 1 using model DemoUserOrder
2025-06-28 04:39:40,098 DEBUG [get_order_model] Called with user_type: 'demo'
2025-06-28 04:39:40,100 DEBUG [get_order_model] Returning DemoUserOrder
2025-06-28 04:39:40,102 DEBUG [get_all_open_orders_by_user_id] Called for user 4 with order_model: DemoUserOrder
2025-06-28 04:39:40,117 DEBUG [get_all_open_orders_by_user_id] Retrieved 0 open orders for user 4 using model DemoUserOrder
2025-06-28 04:39:40,167 DEBUG [get_order_model] Called with user_type: 'demo'
2025-06-28 04:39:40,169 DEBUG [get_order_model] Returning DemoUserOrder
2025-06-28 04:39:40,170 DEBUG [get_all_open_orders_by_user_id] Called for user 10 with order_model: DemoUserOrder
2025-06-28 04:39:40,195 DEBUG [get_all_open_orders_by_user_id] Retrieved 0 open orders for user 10 using model DemoUserOrder
2025-06-28 23:31:50,674 DEBUG [get_order_model] Called with user_type: 'demo'
2025-06-28 23:31:50,676 DEBUG [get_order_model] Returning DemoUserOrder
2025-06-28 23:31:50,683 DEBUG [get_all_open_orders_by_user_id] Called for user 10 with order_model: DemoUserOrder
2025-06-28 23:31:50,724 DEBUG [get_all_open_orders_by_user_id] Retrieved 0 open orders for user 10 using model DemoUserOrder
2025-06-28 23:31:53,497 DEBUG [get_orders_by_user_id_and_statuses] Retrieved 0 orders for user 10 with statuses ['REJECTED'] using model DemoUserOrder
2025-06-28 23:31:55,431 DEBUG [get_order_model] Called with user_type: 'demo'
2025-06-28 23:31:55,432 DEBUG [get_order_model] Returning DemoUserOrder
2025-06-28 23:31:55,434 DEBUG [get_all_open_orders_by_user_id] Called for user 10 with order_model: DemoUserOrder
2025-06-28 23:31:55,457 DEBUG [get_all_open_orders_by_user_id] Retrieved 0 open orders for user 10 using model DemoUserOrder
2025-06-28 23:31:55,484 DEBUG [get_orders_by_user_id_and_statuses] Retrieved 0 orders for user 10 with statuses ['BUY_LIMIT', 'SELL_LIMIT', 'BUY_STOP', 'SELL_STOP', 'PENDING'] using model DemoUserOrder
2025-06-28 23:31:56,541 DEBUG [get_order_model] Called with user_type: 'demo'
2025-06-28 23:31:56,545 DEBUG [get_order_model] Returning DemoUserOrder
2025-06-28 23:31:56,548 DEBUG [get_all_open_orders_by_user_id] Called for user 10 with order_model: DemoUserOrder
2025-06-28 23:31:56,602 DEBUG [get_all_open_orders_by_user_id] Retrieved 0 open orders for user 10 using model DemoUserOrder
2025-06-28 23:31:56,662 DEBUG [get_orders_by_user_id_and_statuses] Retrieved 0 orders for user 10 with statuses ['BUY_LIMIT', 'SELL_LIMIT', 'BUY_STOP', 'SELL_STOP', 'PENDING'] using model DemoUserOrder
2025-06-28 23:32:00,868 DEBUG [get_all_open_orders_by_user_id] Called for user 10 with order_model: DemoUserOrder
2025-06-28 23:32:00,881 DEBUG [get_all_open_orders_by_user_id] Retrieved 1 open orders for user 10 using model DemoUserOrder
2025-06-28 23:32:01,803 DEBUG [get_all_open_orders] Fetching all open orders for both live and demo users
2025-06-28 23:32:01,835 DEBUG [get_all_open_orders_by_user_id] Called for user 10 with order_model: DemoUserOrder
2025-06-28 23:32:01,853 DEBUG [get_all_open_orders] Found 1 live open orders
2025-06-28 23:32:01,893 DEBUG [get_all_open_orders_by_user_id] Retrieved 1 open orders for user 10 using model DemoUserOrder
2025-06-28 23:32:01,928 DEBUG [get_all_open_orders] Found 1 demo open orders
2025-06-28 23:32:01,983 DEBUG [get_orders_by_user_id_and_statuses] Retrieved 0 orders for user 10 with statuses ['BUY_LIMIT', 'SELL_LIMIT', 'BUY_STOP', 'SELL_STOP', 'PENDING'] using model DemoUserOrder
2025-06-28 23:32:02,110 DEBUG [get_order_model] Called with user_type: 'demo'
2025-06-28 23:32:02,111 DEBUG [get_order_model] Returning DemoUserOrder
2025-06-28 23:32:02,113 DEBUG [get_all_open_orders_by_user_id] Called for user 10 with order_model: DemoUserOrder
2025-06-28 23:32:02,233 DEBUG [get_all_open_orders_by_user_id] Retrieved 1 open orders for user 10 using model DemoUserOrder
2025-06-28 23:32:02,296 DEBUG [get_orders_by_user_id_and_statuses] Retrieved 0 orders for user 10 with statuses ['BUY_LIMIT', 'SELL_LIMIT', 'BUY_STOP', 'SELL_STOP', 'PENDING'] using model DemoUserOrder
2025-06-28 23:32:02,804 DEBUG [get_order_model] Called with user_type: 'demo'
2025-06-28 23:32:02,806 DEBUG [get_order_model] Returning DemoUserOrder
2025-06-28 23:32:02,809 DEBUG [get_all_open_orders_by_user_id] Called for user 10 with order_model: DemoUserOrder
2025-06-28 23:32:02,828 DEBUG [get_all_open_orders_by_user_id] Retrieved 1 open orders for user 10 using model DemoUserOrder
2025-06-28 23:32:02,845 DEBUG [get_orders_by_user_id_and_statuses] Retrieved 0 orders for user 10 with statuses ['BUY_LIMIT', 'SELL_LIMIT', 'BUY_STOP', 'SELL_STOP', 'PENDING'] using model DemoUserOrder
2025-06-28 23:32:02,917 DEBUG [get_order_model] Called with user_type: 'demo'
2025-06-28 23:32:02,920 DEBUG [get_order_model] Returning DemoUserOrder
2025-06-28 23:32:02,922 DEBUG [get_all_open_orders_by_user_id] Called for user 10 with order_model: DemoUserOrder
2025-06-28 23:32:02,936 DEBUG [get_all_open_orders_by_user_id] Retrieved 1 open orders for user 10 using model DemoUserOrder
2025-06-28 23:32:02,957 DEBUG [get_orders_by_user_id_and_statuses] Retrieved 0 orders for user 10 with statuses ['BUY_LIMIT', 'SELL_LIMIT', 'BUY_STOP', 'SELL_STOP', 'PENDING'] using model DemoUserOrder
2025-06-28 23:32:03,527 DEBUG [get_all_open_orders] Fetching all open orders for both live and demo users
2025-06-28 23:32:03,553 DEBUG [get_all_open_orders] Found 1 live open orders
2025-06-28 23:32:03,570 DEBUG [get_all_open_orders] Found 1 demo open orders
2025-06-28 23:32:03,621 DEBUG [get_order_model] Called with user_type: 'demo'
2025-06-28 23:32:03,622 DEBUG [get_order_model] Returning DemoUserOrder
2025-06-28 23:32:03,622 DEBUG [get_all_open_orders_by_user_id] Called for user 10 with order_model: DemoUserOrder
2025-06-28 23:32:03,646 DEBUG [get_all_open_orders_by_user_id] Retrieved 1 open orders for user 10 using model DemoUserOrder
2025-06-28 23:32:03,663 DEBUG [get_orders_by_user_id_and_statuses] Retrieved 0 orders for user 10 with statuses ['BUY_LIMIT', 'SELL_LIMIT', 'BUY_STOP', 'SELL_STOP', 'PENDING'] using model DemoUserOrder
2025-06-28 23:32:17,681 DEBUG [get_order_model] Called with user_type: 'live'
2025-06-28 23:32:17,681 DEBUG [get_order_model] Returning UserOrder
2025-06-28 23:32:17,682 DEBUG [get_all_open_orders_by_user_id] Called for user 4 with order_model: UserOrder
2025-06-28 23:32:17,717 DEBUG [get_all_open_orders_by_user_id] Retrieved 0 open orders for user 4 using model UserOrder
2025-06-28 23:32:17,727 DEBUG [get_order_model] Called with user_type: 'live'
2025-06-28 23:32:17,728 DEBUG [get_order_model] Returning UserOrder
2025-06-28 23:32:17,728 DEBUG [get_all_open_orders_by_user_id] Called for user 9 with order_model: UserOrder
2025-06-28 23:32:17,731 DEBUG [get_all_open_orders_by_user_id] Retrieved 1 open orders for user 9 using model UserOrder
2025-06-28 23:32:18,136 DEBUG [get_order_model] Called with user_type: 'demo'
2025-06-28 23:32:18,137 DEBUG [get_order_model] Returning DemoUserOrder
2025-06-28 23:32:18,137 DEBUG [get_all_open_orders_by_user_id] Called for user 1 with order_model: DemoUserOrder
2025-06-28 23:32:18,146 DEBUG [get_all_open_orders_by_user_id] Retrieved 0 open orders for user 1 using model DemoUserOrder
2025-06-28 23:32:18,172 DEBUG [get_order_model] Called with user_type: 'demo'
2025-06-28 23:32:18,173 DEBUG [get_order_model] Returning DemoUserOrder
2025-06-28 23:32:18,174 DEBUG [get_all_open_orders_by_user_id] Called for user 4 with order_model: DemoUserOrder
2025-06-28 23:32:18,181 DEBUG [get_all_open_orders_by_user_id] Retrieved 0 open orders for user 4 using model DemoUserOrder
2025-06-28 23:32:18,192 DEBUG [get_order_model] Called with user_type: 'demo'
2025-06-28 23:32:18,193 DEBUG [get_order_model] Returning DemoUserOrder
2025-06-28 23:32:18,193 DEBUG [get_all_open_orders_by_user_id] Called for user 10 with order_model: DemoUserOrder
2025-06-28 23:32:18,199 DEBUG [get_all_open_orders_by_user_id] Retrieved 1 open orders for user 10 using model DemoUserOrder
2025-06-28 23:32:54,285 DEBUG [get_order_model] Called with user_type: 'demo'
2025-06-28 23:32:54,285 DEBUG [get_order_model] Returning DemoUserOrder
2025-06-28 23:32:54,286 DEBUG [get_all_open_orders_by_user_id] Called for user 10 with order_model: DemoUserOrder
2025-06-28 23:32:54,290 DEBUG [get_all_open_orders_by_user_id] Retrieved 1 open orders for user 10 using model DemoUserOrder
2025-06-28 23:32:54,316 DEBUG [get_orders_by_user_id_and_statuses] Retrieved 0 orders for user 10 with statuses ['REJECTED'] using model DemoUserOrder
2025-06-28 23:32:57,368 DEBUG [get_order_model] Called with user_type: 'demo'
2025-06-28 23:32:57,369 DEBUG [get_order_model] Returning DemoUserOrder
2025-06-28 23:32:57,369 DEBUG [get_all_open_orders_by_user_id] Called for user 10 with order_model: DemoUserOrder
2025-06-28 23:32:57,412 DEBUG [get_all_open_orders_by_user_id] Retrieved 1 open orders for user 10 using model DemoUserOrder
2025-06-28 23:32:57,453 DEBUG [get_orders_by_user_id_and_statuses] Retrieved 0 orders for user 10 with statuses ['BUY_LIMIT', 'SELL_LIMIT', 'BUY_STOP', 'SELL_STOP', 'PENDING'] using model DemoUserOrder
2025-06-28 23:32:58,686 DEBUG [get_order_model] Called with user_type: 'demo'
2025-06-28 23:32:58,690 DEBUG [get_order_model] Returning DemoUserOrder
2025-06-28 23:32:58,693 DEBUG [get_all_open_orders_by_user_id] Called for user 10 with order_model: DemoUserOrder
2025-06-28 23:32:58,758 DEBUG [get_all_open_orders_by_user_id] Retrieved 1 open orders for user 10 using model DemoUserOrder
2025-06-28 23:32:58,823 DEBUG [get_orders_by_user_id_and_statuses] Retrieved 0 orders for user 10 with statuses ['BUY_LIMIT', 'SELL_LIMIT', 'BUY_STOP', 'SELL_STOP', 'PENDING'] using model DemoUserOrder
2025-06-28 23:33:09,701 DEBUG [get_all_open_orders_by_user_id] Called for user 10 with order_model: DemoUserOrder
2025-06-28 23:33:09,712 DEBUG [get_all_open_orders_by_user_id] Retrieved 0 open orders for user 10 using model DemoUserOrder
2025-06-28 23:33:09,726 DEBUG [get_orders_by_user_id_and_statuses] Retrieved 0 orders for user 10 with statuses ['BUY_LIMIT', 'SELL_LIMIT', 'BUY_STOP', 'SELL_STOP', 'PENDING'] using model DemoUserOrder
2025-06-28 23:33:09,743 DEBUG [get_order_model] Called with user_type: 'demo'
2025-06-28 23:33:09,744 DEBUG [get_order_model] Returning DemoUserOrder
2025-06-28 23:33:09,744 DEBUG [get_all_open_orders_by_user_id] Called for user 10 with order_model: DemoUserOrder
2025-06-28 23:33:09,788 DEBUG [get_all_open_orders_by_user_id] Retrieved 0 open orders for user 10 using model DemoUserOrder
2025-06-28 23:33:09,811 DEBUG [get_all_open_orders] Fetching all open orders for both live and demo users
2025-06-28 23:33:09,853 DEBUG [get_orders_by_user_id_and_statuses] Retrieved 0 orders for user 10 with statuses ['BUY_LIMIT', 'SELL_LIMIT', 'BUY_STOP', 'SELL_STOP', 'PENDING'] using model DemoUserOrder
2025-06-28 23:33:09,860 DEBUG [get_all_open_orders] Found 1 live open orders
2025-06-28 23:33:09,888 DEBUG [get_all_open_orders] Found 0 demo open orders
2025-06-28 23:33:09,979 DEBUG [get_order_model] Called with user_type: 'demo'
2025-06-28 23:33:09,980 DEBUG [get_order_model] Returning DemoUserOrder
2025-06-28 23:33:09,981 DEBUG [get_all_open_orders_by_user_id] Called for user 10 with order_model: DemoUserOrder
2025-06-28 23:33:10,009 DEBUG [get_all_open_orders_by_user_id] Retrieved 0 open orders for user 10 using model DemoUserOrder
2025-06-28 23:33:10,037 DEBUG [get_orders_by_user_id_and_statuses] Retrieved 0 orders for user 10 with statuses ['BUY_LIMIT', 'SELL_LIMIT', 'BUY_STOP', 'SELL_STOP', 'PENDING'] using model DemoUserOrder
2025-06-28 23:33:10,122 DEBUG [get_order_model] Called with user_type: 'demo'
2025-06-28 23:33:10,123 DEBUG [get_order_model] Returning DemoUserOrder
2025-06-28 23:33:10,124 DEBUG [get_all_open_orders_by_user_id] Called for user 10 with order_model: DemoUserOrder
2025-06-28 23:33:10,147 DEBUG [get_all_open_orders_by_user_id] Retrieved 0 open orders for user 10 using model DemoUserOrder
2025-06-28 23:33:10,182 DEBUG [get_orders_by_user_id_and_statuses] Retrieved 0 orders for user 10 with statuses ['BUY_LIMIT', 'SELL_LIMIT', 'BUY_STOP', 'SELL_STOP', 'PENDING'] using model DemoUserOrder
2025-06-28 23:33:14,459 DEBUG [get_all_open_orders_by_user_id] Called for user 10 with order_model: DemoUserOrder
2025-06-28 23:33:14,499 DEBUG [get_all_open_orders_by_user_id] Retrieved 1 open orders for user 10 using model DemoUserOrder
2025-06-28 23:33:15,108 DEBUG [get_all_open_orders] Fetching all open orders for both live and demo users
2025-06-28 23:33:15,116 DEBUG [get_all_open_orders_by_user_id] Called for user 10 with order_model: DemoUserOrder
2025-06-28 23:33:15,132 DEBUG [get_all_open_orders] Found 1 live open orders
2025-06-28 23:33:15,152 DEBUG [get_all_open_orders_by_user_id] Retrieved 1 open orders for user 10 using model DemoUserOrder
2025-06-28 23:33:15,165 DEBUG [get_all_open_orders] Found 1 demo open orders
2025-06-28 23:33:15,196 DEBUG [get_orders_by_user_id_and_statuses] Retrieved 0 orders for user 10 with statuses ['BUY_LIMIT', 'SELL_LIMIT', 'BUY_STOP', 'SELL_STOP', 'PENDING'] using model DemoUserOrder
2025-06-28 23:33:15,241 DEBUG [get_order_model] Called with user_type: 'demo'
2025-06-28 23:33:15,242 DEBUG [get_order_model] Returning DemoUserOrder
2025-06-28 23:33:15,242 DEBUG [get_all_open_orders_by_user_id] Called for user 10 with order_model: DemoUserOrder
2025-06-28 23:33:15,257 DEBUG [get_all_open_orders_by_user_id] Retrieved 1 open orders for user 10 using model DemoUserOrder
2025-06-28 23:33:15,275 DEBUG [get_orders_by_user_id_and_statuses] Retrieved 0 orders for user 10 with statuses ['BUY_LIMIT', 'SELL_LIMIT', 'BUY_STOP', 'SELL_STOP', 'PENDING'] using model DemoUserOrder
2025-06-28 23:33:15,733 DEBUG [get_order_model] Called with user_type: 'demo'
2025-06-28 23:33:15,734 DEBUG [get_order_model] Returning DemoUserOrder
2025-06-28 23:33:15,739 DEBUG [get_all_open_orders_by_user_id] Called for user 10 with order_model: DemoUserOrder
2025-06-28 23:33:15,762 DEBUG [get_all_open_orders_by_user_id] Retrieved 1 open orders for user 10 using model DemoUserOrder
2025-06-28 23:33:15,778 DEBUG [get_orders_by_user_id_and_statuses] Retrieved 0 orders for user 10 with statuses ['BUY_LIMIT', 'SELL_LIMIT', 'BUY_STOP', 'SELL_STOP', 'PENDING'] using model DemoUserOrder
2025-06-28 23:33:15,847 DEBUG [get_order_model] Called with user_type: 'demo'
2025-06-28 23:33:15,848 DEBUG [get_order_model] Returning DemoUserOrder
2025-06-28 23:33:15,850 DEBUG [get_all_open_orders_by_user_id] Called for user 10 with order_model: DemoUserOrder
2025-06-28 23:33:15,877 DEBUG [get_all_open_orders_by_user_id] Retrieved 1 open orders for user 10 using model DemoUserOrder
2025-06-28 23:33:15,897 DEBUG [get_orders_by_user_id_and_statuses] Retrieved 0 orders for user 10 with statuses ['BUY_LIMIT', 'SELL_LIMIT', 'BUY_STOP', 'SELL_STOP', 'PENDING'] using model DemoUserOrder
2025-06-28 23:33:17,716 DEBUG [get_order_model] Called with user_type: 'live'
2025-06-28 23:33:17,717 DEBUG [get_order_model] Returning UserOrder
2025-06-28 23:33:17,718 DEBUG [get_all_open_orders_by_user_id] Called for user 4 with order_model: UserOrder
2025-06-28 23:33:17,731 DEBUG [get_all_open_orders_by_user_id] Retrieved 0 open orders for user 4 using model UserOrder
2025-06-28 23:33:17,760 DEBUG [get_order_model] Called with user_type: 'live'
2025-06-28 23:33:17,760 DEBUG [get_order_model] Returning UserOrder
2025-06-28 23:33:17,761 DEBUG [get_all_open_orders_by_user_id] Called for user 9 with order_model: UserOrder
2025-06-28 23:33:17,770 DEBUG [get_all_open_orders_by_user_id] Retrieved 1 open orders for user 9 using model UserOrder
2025-06-28 23:33:18,996 DEBUG [get_order_model] Called with user_type: 'demo'
2025-06-28 23:33:18,997 DEBUG [get_order_model] Returning DemoUserOrder
2025-06-28 23:33:18,997 DEBUG [get_all_open_orders_by_user_id] Called for user 1 with order_model: DemoUserOrder
2025-06-28 23:33:19,005 DEBUG [get_all_open_orders_by_user_id] Retrieved 0 open orders for user 1 using model DemoUserOrder
2025-06-28 23:33:19,029 DEBUG [get_order_model] Called with user_type: 'demo'
2025-06-28 23:33:19,029 DEBUG [get_order_model] Returning DemoUserOrder
2025-06-28 23:33:19,029 DEBUG [get_all_open_orders_by_user_id] Called for user 4 with order_model: DemoUserOrder
2025-06-28 23:33:19,035 DEBUG [get_all_open_orders_by_user_id] Retrieved 0 open orders for user 4 using model DemoUserOrder
2025-06-28 23:33:19,064 DEBUG [get_order_model] Called with user_type: 'demo'
2025-06-28 23:33:19,065 DEBUG [get_order_model] Returning DemoUserOrder
2025-06-28 23:33:19,065 DEBUG [get_all_open_orders_by_user_id] Called for user 10 with order_model: DemoUserOrder
2025-06-28 23:33:19,072 DEBUG [get_all_open_orders_by_user_id] Retrieved 1 open orders for user 10 using model DemoUserOrder
2025-06-28 23:33:19,098 DEBUG [get_all_open_orders_by_user_id] Called for user 10 with order_model: DemoUserOrder
2025-06-28 23:33:19,107 DEBUG [get_all_open_orders_by_user_id] Retrieved 2 open orders for user 10 using model DemoUserOrder
2025-06-28 23:33:19,773 DEBUG [get_all_open_orders] Fetching all open orders for both live and demo users
2025-06-28 23:33:19,781 DEBUG [get_all_open_orders_by_user_id] Called for user 10 with order_model: DemoUserOrder
2025-06-28 23:33:19,792 DEBUG [get_all_open_orders] Found 1 live open orders
2025-06-28 23:33:19,809 DEBUG [get_all_open_orders_by_user_id] Retrieved 2 open orders for user 10 using model DemoUserOrder
2025-06-28 23:33:19,819 DEBUG [get_all_open_orders] Found 2 demo open orders
2025-06-28 23:33:19,837 DEBUG [get_orders_by_user_id_and_statuses] Retrieved 0 orders for user 10 with statuses ['BUY_LIMIT', 'SELL_LIMIT', 'BUY_STOP', 'SELL_STOP', 'PENDING'] using model DemoUserOrder
2025-06-28 23:33:19,866 DEBUG [get_order_model] Called with user_type: 'demo'
2025-06-28 23:33:19,867 DEBUG [get_order_model] Returning DemoUserOrder
2025-06-28 23:33:19,868 DEBUG [get_all_open_orders_by_user_id] Called for user 10 with order_model: DemoUserOrder
2025-06-28 23:33:19,930 DEBUG [get_all_open_orders_by_user_id] Retrieved 2 open orders for user 10 using model DemoUserOrder
2025-06-28 23:33:20,255 DEBUG [get_orders_by_user_id_and_statuses] Retrieved 0 orders for user 10 with statuses ['BUY_LIMIT', 'SELL_LIMIT', 'BUY_STOP', 'SELL_STOP', 'PENDING'] using model DemoUserOrder
2025-06-28 23:33:20,625 DEBUG [get_order_model] Called with user_type: 'demo'
2025-06-28 23:33:20,627 DEBUG [get_order_model] Returning DemoUserOrder
2025-06-28 23:33:20,631 DEBUG [get_all_open_orders_by_user_id] Called for user 10 with order_model: DemoUserOrder
2025-06-28 23:33:20,648 DEBUG [get_all_open_orders_by_user_id] Retrieved 2 open orders for user 10 using model DemoUserOrder
2025-06-28 23:33:20,665 DEBUG [get_orders_by_user_id_and_statuses] Retrieved 0 orders for user 10 with statuses ['BUY_LIMIT', 'SELL_LIMIT', 'BUY_STOP', 'SELL_STOP', 'PENDING'] using model DemoUserOrder
2025-06-28 23:33:20,700 DEBUG [get_order_model] Called with user_type: 'demo'
2025-06-28 23:33:20,701 DEBUG [get_order_model] Returning DemoUserOrder
2025-06-28 23:33:20,702 DEBUG [get_all_open_orders_by_user_id] Called for user 10 with order_model: DemoUserOrder
2025-06-28 23:33:20,717 DEBUG [get_all_open_orders_by_user_id] Retrieved 2 open orders for user 10 using model DemoUserOrder
2025-06-28 23:33:20,728 DEBUG [get_orders_by_user_id_and_statuses] Retrieved 0 orders for user 10 with statuses ['BUY_LIMIT', 'SELL_LIMIT', 'BUY_STOP', 'SELL_STOP', 'PENDING'] using model DemoUserOrder
2025-06-28 23:33:23,427 DEBUG [get_all_open_orders_by_user_id] Called for user 10 with order_model: DemoUserOrder
2025-06-28 23:33:23,435 DEBUG [get_all_open_orders_by_user_id] Retrieved 3 open orders for user 10 using model DemoUserOrder
2025-06-28 23:33:23,960 DEBUG [get_all_open_orders_by_user_id] Called for user 10 with order_model: DemoUserOrder
2025-06-28 23:33:23,968 DEBUG [get_all_open_orders] Fetching all open orders for both live and demo users
2025-06-28 23:33:23,992 DEBUG [get_all_open_orders_by_user_id] Retrieved 3 open orders for user 10 using model DemoUserOrder
2025-06-28 23:33:24,008 DEBUG [get_all_open_orders] Found 1 live open orders
2025-06-28 23:33:24,031 DEBUG [get_orders_by_user_id_and_statuses] Retrieved 0 orders for user 10 with statuses ['BUY_LIMIT', 'SELL_LIMIT', 'BUY_STOP', 'SELL_STOP', 'PENDING'] using model DemoUserOrder
2025-06-28 23:33:24,036 DEBUG [get_all_open_orders] Found 3 demo open orders
2025-06-28 23:33:24,095 DEBUG [get_order_model] Called with user_type: 'demo'
2025-06-28 23:33:24,095 DEBUG [get_order_model] Returning DemoUserOrder
2025-06-28 23:33:24,096 DEBUG [get_all_open_orders_by_user_id] Called for user 10 with order_model: DemoUserOrder
2025-06-28 23:33:24,114 DEBUG [get_all_open_orders_by_user_id] Retrieved 3 open orders for user 10 using model DemoUserOrder
2025-06-28 23:33:24,164 DEBUG [get_orders_by_user_id_and_statuses] Retrieved 0 orders for user 10 with statuses ['BUY_LIMIT', 'SELL_LIMIT', 'BUY_STOP', 'SELL_STOP', 'PENDING'] using model DemoUserOrder
2025-06-28 23:33:24,780 DEBUG [get_order_model] Called with user_type: 'demo'
2025-06-28 23:33:24,780 DEBUG [get_order_model] Returning DemoUserOrder
2025-06-28 23:33:24,783 DEBUG [get_all_open_orders_by_user_id] Called for user 10 with order_model: DemoUserOrder
2025-06-28 23:33:24,813 DEBUG [get_all_open_orders_by_user_id] Retrieved 3 open orders for user 10 using model DemoUserOrder
2025-06-28 23:33:24,823 DEBUG [get_orders_by_user_id_and_statuses] Retrieved 0 orders for user 10 with statuses ['BUY_LIMIT', 'SELL_LIMIT', 'BUY_STOP', 'SELL_STOP', 'PENDING'] using model DemoUserOrder
2025-06-28 23:33:24,900 DEBUG [get_order_model] Called with user_type: 'demo'
2025-06-28 23:33:24,903 DEBUG [get_order_model] Returning DemoUserOrder
2025-06-28 23:33:24,909 DEBUG [get_all_open_orders_by_user_id] Called for user 10 with order_model: DemoUserOrder
2025-06-28 23:33:24,949 DEBUG [get_all_open_orders_by_user_id] Retrieved 3 open orders for user 10 using model DemoUserOrder
2025-06-28 23:33:24,997 DEBUG [get_orders_by_user_id_and_statuses] Retrieved 0 orders for user 10 with statuses ['BUY_LIMIT', 'SELL_LIMIT', 'BUY_STOP', 'SELL_STOP', 'PENDING'] using model DemoUserOrder
2025-06-28 23:34:17,749 DEBUG [get_order_model] Called with user_type: 'live'
2025-06-28 23:34:17,750 DEBUG [get_order_model] Returning UserOrder
2025-06-28 23:34:17,750 DEBUG [get_all_open_orders_by_user_id] Called for user 4 with order_model: UserOrder
2025-06-28 23:34:17,755 DEBUG [get_all_open_orders_by_user_id] Retrieved 0 open orders for user 4 using model UserOrder
2025-06-28 23:34:17,786 DEBUG [get_order_model] Called with user_type: 'live'
2025-06-28 23:34:17,787 DEBUG [get_order_model] Returning UserOrder
2025-06-28 23:34:17,788 DEBUG [get_all_open_orders_by_user_id] Called for user 9 with order_model: UserOrder
2025-06-28 23:34:17,794 DEBUG [get_all_open_orders_by_user_id] Retrieved 1 open orders for user 9 using model UserOrder
2025-06-28 23:34:18,453 DEBUG [get_order_model] Called with user_type: 'demo'
2025-06-28 23:34:18,453 DEBUG [get_order_model] Returning DemoUserOrder
2025-06-28 23:34:18,454 DEBUG [get_all_open_orders_by_user_id] Called for user 1 with order_model: DemoUserOrder
2025-06-28 23:34:18,462 DEBUG [get_all_open_orders_by_user_id] Retrieved 0 open orders for user 1 using model DemoUserOrder
2025-06-28 23:34:18,511 DEBUG [get_order_model] Called with user_type: 'demo'
2025-06-28 23:34:18,512 DEBUG [get_order_model] Returning DemoUserOrder
2025-06-28 23:34:18,513 DEBUG [get_all_open_orders_by_user_id] Called for user 4 with order_model: DemoUserOrder
2025-06-28 23:34:18,519 DEBUG [get_all_open_orders_by_user_id] Retrieved 0 open orders for user 4 using model DemoUserOrder
2025-06-28 23:34:18,540 DEBUG [get_order_model] Called with user_type: 'demo'
2025-06-28 23:34:18,541 DEBUG [get_order_model] Returning DemoUserOrder
2025-06-28 23:34:18,542 DEBUG [get_all_open_orders_by_user_id] Called for user 10 with order_model: DemoUserOrder
2025-06-28 23:34:18,560 DEBUG [get_all_open_orders_by_user_id] Retrieved 3 open orders for user 10 using model DemoUserOrder
2025-06-28 23:34:22,666 DEBUG [get_all_open_orders] Fetching all open orders for both live and demo users
2025-06-28 23:34:22,686 DEBUG [get_all_open_orders] Found 1 live open orders
2025-06-28 23:34:22,698 DEBUG [get_all_open_orders] Found 3 demo open orders
2025-06-28 23:34:22,757 DEBUG [get_order_model] Called with user_type: 'demo'
2025-06-28 23:34:22,758 DEBUG [get_order_model] Returning DemoUserOrder
2025-06-28 23:34:22,758 DEBUG [get_all_open_orders_by_user_id] Called for user 10 with order_model: DemoUserOrder
2025-06-28 23:34:22,771 DEBUG [get_all_open_orders_by_user_id] Retrieved 3 open orders for user 10 using model DemoUserOrder
2025-06-28 23:34:22,789 DEBUG [get_orders_by_user_id_and_statuses] Retrieved 0 orders for user 10 with statuses ['BUY_LIMIT', 'SELL_LIMIT', 'BUY_STOP', 'SELL_STOP', 'PENDING'] using model DemoUserOrder
2025-06-28 23:34:24,669 DEBUG [get_all_open_orders] Fetching all open orders for both live and demo users
2025-06-28 23:34:24,705 DEBUG [get_all_open_orders] Found 1 live open orders
2025-06-28 23:34:24,727 DEBUG [get_all_open_orders] Found 3 demo open orders
2025-06-28 23:34:24,781 DEBUG [get_order_model] Called with user_type: 'demo'
2025-06-28 23:34:24,781 DEBUG [get_order_model] Returning DemoUserOrder
2025-06-28 23:34:24,783 DEBUG [get_all_open_orders_by_user_id] Called for user 10 with order_model: DemoUserOrder
2025-06-28 23:34:24,797 DEBUG [get_all_open_orders_by_user_id] Retrieved 3 open orders for user 10 using model DemoUserOrder
2025-06-28 23:34:24,810 DEBUG [get_orders_by_user_id_and_statuses] Retrieved 0 orders for user 10 with statuses ['BUY_LIMIT', 'SELL_LIMIT', 'BUY_STOP', 'SELL_STOP', 'PENDING'] using model DemoUserOrder
2025-06-28 23:34:29,196 DEBUG [get_all_open_orders] Fetching all open orders for both live and demo users
2025-06-28 23:34:29,212 DEBUG [get_all_open_orders] Found 1 live open orders
2025-06-28 23:34:29,232 DEBUG [get_all_open_orders] Found 3 demo open orders
2025-06-28 23:34:29,300 DEBUG [get_order_model] Called with user_type: 'demo'
2025-06-28 23:34:29,300 DEBUG [get_order_model] Returning DemoUserOrder
2025-06-28 23:34:29,301 DEBUG [get_all_open_orders_by_user_id] Called for user 10 with order_model: DemoUserOrder
2025-06-28 23:34:29,311 DEBUG [get_all_open_orders_by_user_id] Retrieved 3 open orders for user 10 using model DemoUserOrder
2025-06-28 23:34:29,327 DEBUG [get_orders_by_user_id_and_statuses] Retrieved 0 orders for user 10 with statuses ['BUY_LIMIT', 'SELL_LIMIT', 'BUY_STOP', 'SELL_STOP', 'PENDING'] using model DemoUserOrder
2025-06-28 23:35:17,687 DEBUG [get_order_model] Called with user_type: 'live'
2025-06-28 23:35:17,688 DEBUG [get_order_model] Returning UserOrder
2025-06-28 23:35:17,688 DEBUG [get_all_open_orders_by_user_id] Called for user 4 with order_model: UserOrder
2025-06-28 23:35:17,699 DEBUG [get_all_open_orders_by_user_id] Retrieved 0 open orders for user 4 using model UserOrder
2025-06-28 23:35:17,736 DEBUG [get_order_model] Called with user_type: 'live'
2025-06-28 23:35:17,737 DEBUG [get_order_model] Returning UserOrder
2025-06-28 23:35:17,737 DEBUG [get_all_open_orders_by_user_id] Called for user 9 with order_model: UserOrder
2025-06-28 23:35:17,743 DEBUG [get_all_open_orders_by_user_id] Retrieved 1 open orders for user 9 using model UserOrder
2025-06-28 23:35:18,323 DEBUG [get_order_model] Called with user_type: 'demo'
2025-06-28 23:35:18,324 DEBUG [get_order_model] Returning DemoUserOrder
2025-06-28 23:35:18,324 DEBUG [get_all_open_orders_by_user_id] Called for user 1 with order_model: DemoUserOrder
2025-06-28 23:35:18,328 DEBUG [get_all_open_orders_by_user_id] Retrieved 0 open orders for user 1 using model DemoUserOrder
2025-06-28 23:35:18,357 DEBUG [get_order_model] Called with user_type: 'demo'
2025-06-28 23:35:18,357 DEBUG [get_order_model] Returning DemoUserOrder
2025-06-28 23:35:18,358 DEBUG [get_all_open_orders_by_user_id] Called for user 4 with order_model: DemoUserOrder
2025-06-28 23:35:18,371 DEBUG [get_all_open_orders_by_user_id] Retrieved 0 open orders for user 4 using model DemoUserOrder
2025-06-28 23:35:18,398 DEBUG [get_order_model] Called with user_type: 'demo'
2025-06-28 23:35:18,399 DEBUG [get_order_model] Returning DemoUserOrder
2025-06-28 23:35:18,399 DEBUG [get_all_open_orders_by_user_id] Called for user 10 with order_model: DemoUserOrder
2025-06-28 23:35:18,410 DEBUG [get_all_open_orders_by_user_id] Retrieved 3 open orders for user 10 using model DemoUserOrder
2025-06-28 23:35:54,736 DEBUG [get_all_open_orders] Fetching all open orders for both live and demo users
2025-06-28 23:35:54,741 DEBUG [get_all_open_orders] Found 1 live open orders
2025-06-28 23:35:54,748 DEBUG [get_all_open_orders] Found 3 demo open orders
2025-06-28 23:35:54,806 DEBUG [get_order_model] Called with user_type: 'demo'
2025-06-28 23:35:54,807 DEBUG [get_order_model] Returning DemoUserOrder
2025-06-28 23:35:54,807 DEBUG [get_all_open_orders_by_user_id] Called for user 10 with order_model: DemoUserOrder
2025-06-28 23:35:54,823 DEBUG [get_all_open_orders_by_user_id] Retrieved 3 open orders for user 10 using model DemoUserOrder
2025-06-28 23:35:54,837 DEBUG [get_orders_by_user_id_and_statuses] Retrieved 0 orders for user 10 with statuses ['BUY_LIMIT', 'SELL_LIMIT', 'BUY_STOP', 'SELL_STOP', 'PENDING'] using model DemoUserOrder
2025-06-28 23:36:17,694 DEBUG [get_order_model] Called with user_type: 'live'
2025-06-28 23:36:17,695 DEBUG [get_order_model] Returning UserOrder
2025-06-28 23:36:17,695 DEBUG [get_all_open_orders_by_user_id] Called for user 4 with order_model: UserOrder
2025-06-28 23:36:17,700 DEBUG [get_all_open_orders_by_user_id] Retrieved 0 open orders for user 4 using model UserOrder
2025-06-28 23:36:17,724 DEBUG [get_order_model] Called with user_type: 'live'
2025-06-28 23:36:17,725 DEBUG [get_order_model] Returning UserOrder
2025-06-28 23:36:17,725 DEBUG [get_all_open_orders_by_user_id] Called for user 9 with order_model: UserOrder
2025-06-28 23:36:17,733 DEBUG [get_all_open_orders_by_user_id] Retrieved 1 open orders for user 9 using model UserOrder
2025-06-28 23:36:18,457 DEBUG [get_order_model] Called with user_type: 'demo'
2025-06-28 23:36:18,457 DEBUG [get_order_model] Returning DemoUserOrder
2025-06-28 23:36:18,458 DEBUG [get_all_open_orders_by_user_id] Called for user 1 with order_model: DemoUserOrder
2025-06-28 23:36:18,463 DEBUG [get_all_open_orders_by_user_id] Retrieved 0 open orders for user 1 using model DemoUserOrder
2025-06-28 23:36:18,485 DEBUG [get_order_model] Called with user_type: 'demo'
2025-06-28 23:36:18,485 DEBUG [get_order_model] Returning DemoUserOrder
2025-06-28 23:36:18,486 DEBUG [get_all_open_orders_by_user_id] Called for user 4 with order_model: DemoUserOrder
2025-06-28 23:36:18,490 DEBUG [get_all_open_orders_by_user_id] Retrieved 0 open orders for user 4 using model DemoUserOrder
2025-06-28 23:36:18,527 DEBUG [get_order_model] Called with user_type: 'demo'
2025-06-28 23:36:18,529 DEBUG [get_order_model] Returning DemoUserOrder
2025-06-28 23:36:18,532 DEBUG [get_all_open_orders_by_user_id] Called for user 10 with order_model: DemoUserOrder
2025-06-28 23:36:18,544 DEBUG [get_all_open_orders_by_user_id] Retrieved 3 open orders for user 10 using model DemoUserOrder
2025-06-28 23:37:17,697 DEBUG [get_order_model] Called with user_type: 'live'
2025-06-28 23:37:17,698 DEBUG [get_order_model] Returning UserOrder
2025-06-28 23:37:17,699 DEBUG [get_all_open_orders_by_user_id] Called for user 4 with order_model: UserOrder
2025-06-28 23:37:17,706 DEBUG [get_all_open_orders_by_user_id] Retrieved 0 open orders for user 4 using model UserOrder
2025-06-28 23:37:17,731 DEBUG [get_order_model] Called with user_type: 'live'
2025-06-28 23:37:17,732 DEBUG [get_order_model] Returning UserOrder
2025-06-28 23:37:17,733 DEBUG [get_all_open_orders_by_user_id] Called for user 9 with order_model: UserOrder
2025-06-28 23:37:17,742 DEBUG [get_all_open_orders_by_user_id] Retrieved 1 open orders for user 9 using model UserOrder
2025-06-28 23:37:18,216 DEBUG [get_order_model] Called with user_type: 'demo'
2025-06-28 23:37:18,216 DEBUG [get_order_model] Returning DemoUserOrder
2025-06-28 23:37:18,217 DEBUG [get_all_open_orders_by_user_id] Called for user 1 with order_model: DemoUserOrder
2025-06-28 23:37:18,223 DEBUG [get_all_open_orders_by_user_id] Retrieved 0 open orders for user 1 using model DemoUserOrder
2025-06-28 23:37:18,245 DEBUG [get_order_model] Called with user_type: 'demo'
2025-06-28 23:37:18,247 DEBUG [get_order_model] Returning DemoUserOrder
2025-06-28 23:37:18,248 DEBUG [get_all_open_orders_by_user_id] Called for user 4 with order_model: DemoUserOrder
2025-06-28 23:37:18,262 DEBUG [get_all_open_orders_by_user_id] Retrieved 0 open orders for user 4 using model DemoUserOrder
2025-06-28 23:37:18,287 DEBUG [get_order_model] Called with user_type: 'demo'
2025-06-28 23:37:18,288 DEBUG [get_order_model] Returning DemoUserOrder
2025-06-28 23:37:18,289 DEBUG [get_all_open_orders_by_user_id] Called for user 10 with order_model: DemoUserOrder
2025-06-28 23:37:18,304 DEBUG [get_all_open_orders_by_user_id] Retrieved 3 open orders for user 10 using model DemoUserOrder
2025-06-28 23:38:17,703 DEBUG [get_order_model] Called with user_type: 'live'
2025-06-28 23:38:17,705 DEBUG [get_order_model] Returning UserOrder
2025-06-28 23:38:17,706 DEBUG [get_all_open_orders_by_user_id] Called for user 4 with order_model: UserOrder
2025-06-28 23:38:17,723 DEBUG [get_all_open_orders_by_user_id] Retrieved 0 open orders for user 4 using model UserOrder
2025-06-28 23:38:17,750 DEBUG [get_order_model] Called with user_type: 'live'
2025-06-28 23:38:17,751 DEBUG [get_order_model] Returning UserOrder
2025-06-28 23:38:17,753 DEBUG [get_all_open_orders_by_user_id] Called for user 9 with order_model: UserOrder
2025-06-28 23:38:17,762 DEBUG [get_all_open_orders_by_user_id] Retrieved 1 open orders for user 9 using model UserOrder
2025-06-28 23:38:18,290 DEBUG [get_order_model] Called with user_type: 'demo'
2025-06-28 23:38:18,290 DEBUG [get_order_model] Returning DemoUserOrder
2025-06-28 23:38:18,291 DEBUG [get_all_open_orders_by_user_id] Called for user 1 with order_model: DemoUserOrder
2025-06-28 23:38:18,297 DEBUG [get_all_open_orders_by_user_id] Retrieved 0 open orders for user 1 using model DemoUserOrder
2025-06-28 23:38:18,329 DEBUG [get_order_model] Called with user_type: 'demo'
2025-06-28 23:38:18,330 DEBUG [get_order_model] Returning DemoUserOrder
2025-06-28 23:38:18,332 DEBUG [get_all_open_orders_by_user_id] Called for user 4 with order_model: DemoUserOrder
2025-06-28 23:38:18,340 DEBUG [get_all_open_orders_by_user_id] Retrieved 0 open orders for user 4 using model DemoUserOrder
2025-06-28 23:38:18,360 DEBUG [get_order_model] Called with user_type: 'demo'
2025-06-28 23:38:18,361 DEBUG [get_order_model] Returning DemoUserOrder
2025-06-28 23:38:18,363 DEBUG [get_all_open_orders_by_user_id] Called for user 10 with order_model: DemoUserOrder
2025-06-28 23:38:18,383 DEBUG [get_all_open_orders_by_user_id] Retrieved 3 open orders for user 10 using model DemoUserOrder
2025-06-28 23:39:17,744 DEBUG [get_order_model] Called with user_type: 'live'
2025-06-28 23:39:17,748 DEBUG [get_order_model] Returning UserOrder
2025-06-28 23:39:17,752 DEBUG [get_all_open_orders_by_user_id] Called for user 4 with order_model: UserOrder
2025-06-28 23:39:17,801 DEBUG [get_all_open_orders_by_user_id] Retrieved 0 open orders for user 4 using model UserOrder
2025-06-28 23:39:17,823 DEBUG [get_order_model] Called with user_type: 'live'
2025-06-28 23:39:17,824 DEBUG [get_order_model] Returning UserOrder
2025-06-28 23:39:17,824 DEBUG [get_all_open_orders_by_user_id] Called for user 9 with order_model: UserOrder
2025-06-28 23:39:17,859 DEBUG [get_all_open_orders_by_user_id] Retrieved 1 open orders for user 9 using model UserOrder
2025-06-28 23:39:18,587 DEBUG [get_order_model] Called with user_type: 'demo'
2025-06-28 23:39:18,588 DEBUG [get_order_model] Returning DemoUserOrder
2025-06-28 23:39:18,589 DEBUG [get_all_open_orders_by_user_id] Called for user 1 with order_model: DemoUserOrder
2025-06-28 23:39:18,597 DEBUG [get_all_open_orders_by_user_id] Retrieved 0 open orders for user 1 using model DemoUserOrder
2025-06-28 23:39:18,632 DEBUG [get_order_model] Called with user_type: 'demo'
2025-06-28 23:39:18,634 DEBUG [get_order_model] Returning DemoUserOrder
2025-06-28 23:39:18,635 DEBUG [get_all_open_orders_by_user_id] Called for user 4 with order_model: DemoUserOrder
2025-06-28 23:39:18,641 DEBUG [get_all_open_orders_by_user_id] Retrieved 0 open orders for user 4 using model DemoUserOrder
2025-06-28 23:39:18,655 DEBUG [get_order_model] Called with user_type: 'demo'
2025-06-28 23:39:18,655 DEBUG [get_order_model] Returning DemoUserOrder
2025-06-28 23:39:18,656 DEBUG [get_all_open_orders_by_user_id] Called for user 10 with order_model: DemoUserOrder
2025-06-28 23:39:18,671 DEBUG [get_all_open_orders_by_user_id] Retrieved 3 open orders for user 10 using model DemoUserOrder
2025-06-28 23:40:17,710 DEBUG [get_order_model] Called with user_type: 'live'
2025-06-28 23:40:17,711 DEBUG [get_order_model] Returning UserOrder
2025-06-28 23:40:17,712 DEBUG [get_all_open_orders_by_user_id] Called for user 4 with order_model: UserOrder
2025-06-28 23:40:17,716 DEBUG [get_all_open_orders_by_user_id] Retrieved 0 open orders for user 4 using model UserOrder
2025-06-28 23:40:17,735 DEBUG [get_order_model] Called with user_type: 'live'
2025-06-28 23:40:17,736 DEBUG [get_order_model] Returning UserOrder
2025-06-28 23:40:17,736 DEBUG [get_all_open_orders_by_user_id] Called for user 9 with order_model: UserOrder
2025-06-28 23:40:17,744 DEBUG [get_all_open_orders_by_user_id] Retrieved 1 open orders for user 9 using model UserOrder
2025-06-28 23:40:18,247 DEBUG [get_order_model] Called with user_type: 'demo'
2025-06-28 23:40:18,248 DEBUG [get_order_model] Returning DemoUserOrder
2025-06-28 23:40:18,248 DEBUG [get_all_open_orders_by_user_id] Called for user 1 with order_model: DemoUserOrder
2025-06-28 23:40:18,254 DEBUG [get_all_open_orders_by_user_id] Retrieved 0 open orders for user 1 using model DemoUserOrder
2025-06-28 23:40:18,278 DEBUG [get_order_model] Called with user_type: 'demo'
2025-06-28 23:40:18,279 DEBUG [get_order_model] Returning DemoUserOrder
2025-06-28 23:40:18,279 DEBUG [get_all_open_orders_by_user_id] Called for user 4 with order_model: DemoUserOrder
2025-06-28 23:40:18,289 DEBUG [get_all_open_orders_by_user_id] Retrieved 0 open orders for user 4 using model DemoUserOrder
2025-06-28 23:40:18,312 DEBUG [get_order_model] Called with user_type: 'demo'
2025-06-28 23:40:18,313 DEBUG [get_order_model] Returning DemoUserOrder
2025-06-28 23:40:18,315 DEBUG [get_all_open_orders_by_user_id] Called for user 10 with order_model: DemoUserOrder
2025-06-28 23:40:18,327 DEBUG [get_all_open_orders_by_user_id] Retrieved 3 open orders for user 10 using model DemoUserOrder
2025-06-28 23:41:17,726 DEBUG [get_order_model] Called with user_type: 'live'
2025-06-28 23:41:17,727 DEBUG [get_order_model] Returning UserOrder
2025-06-28 23:41:17,728 DEBUG [get_all_open_orders_by_user_id] Called for user 4 with order_model: UserOrder
2025-06-28 23:41:17,742 DEBUG [get_all_open_orders_by_user_id] Retrieved 0 open orders for user 4 using model UserOrder
2025-06-28 23:41:17,764 DEBUG [get_order_model] Called with user_type: 'live'
2025-06-28 23:41:17,766 DEBUG [get_order_model] Returning UserOrder
2025-06-28 23:41:17,767 DEBUG [get_all_open_orders_by_user_id] Called for user 9 with order_model: UserOrder
2025-06-28 23:41:17,774 DEBUG [get_all_open_orders_by_user_id] Retrieved 1 open orders for user 9 using model UserOrder
2025-06-28 23:41:18,355 DEBUG [get_order_model] Called with user_type: 'demo'
2025-06-28 23:41:18,356 DEBUG [get_order_model] Returning DemoUserOrder
2025-06-28 23:41:18,356 DEBUG [get_all_open_orders_by_user_id] Called for user 1 with order_model: DemoUserOrder
2025-06-28 23:41:18,370 DEBUG [get_all_open_orders_by_user_id] Retrieved 0 open orders for user 1 using model DemoUserOrder
2025-06-28 23:41:18,402 DEBUG [get_order_model] Called with user_type: 'demo'
2025-06-28 23:41:18,403 DEBUG [get_order_model] Returning DemoUserOrder
2025-06-28 23:41:18,404 DEBUG [get_all_open_orders_by_user_id] Called for user 4 with order_model: DemoUserOrder
2025-06-28 23:41:18,416 DEBUG [get_all_open_orders_by_user_id] Retrieved 0 open orders for user 4 using model DemoUserOrder
2025-06-28 23:41:18,442 DEBUG [get_order_model] Called with user_type: 'demo'
2025-06-28 23:41:18,443 DEBUG [get_order_model] Returning DemoUserOrder
2025-06-28 23:41:18,443 DEBUG [get_all_open_orders_by_user_id] Called for user 10 with order_model: DemoUserOrder
2025-06-28 23:41:18,451 DEBUG [get_all_open_orders_by_user_id] Retrieved 3 open orders for user 10 using model DemoUserOrder
2025-06-28 23:42:17,724 DEBUG [get_order_model] Called with user_type: 'live'
2025-06-28 23:42:17,724 DEBUG [get_order_model] Returning UserOrder
2025-06-28 23:42:17,725 DEBUG [get_all_open_orders_by_user_id] Called for user 4 with order_model: UserOrder
2025-06-28 23:42:17,731 DEBUG [get_all_open_orders_by_user_id] Retrieved 0 open orders for user 4 using model UserOrder
2025-06-28 23:42:17,771 DEBUG [get_order_model] Called with user_type: 'live'
2025-06-28 23:42:17,772 DEBUG [get_order_model] Returning UserOrder
2025-06-28 23:42:17,772 DEBUG [get_all_open_orders_by_user_id] Called for user 9 with order_model: UserOrder
2025-06-28 23:42:17,783 DEBUG [get_all_open_orders_by_user_id] Retrieved 1 open orders for user 9 using model UserOrder
2025-06-28 23:42:18,369 DEBUG [get_order_model] Called with user_type: 'demo'
2025-06-28 23:42:18,369 DEBUG [get_order_model] Returning DemoUserOrder
2025-06-28 23:42:18,369 DEBUG [get_all_open_orders_by_user_id] Called for user 1 with order_model: DemoUserOrder
2025-06-28 23:42:18,388 DEBUG [get_all_open_orders_by_user_id] Retrieved 0 open orders for user 1 using model DemoUserOrder
2025-06-28 23:42:18,446 DEBUG [get_order_model] Called with user_type: 'demo'
2025-06-28 23:42:18,446 DEBUG [get_order_model] Returning DemoUserOrder
2025-06-28 23:42:18,447 DEBUG [get_all_open_orders_by_user_id] Called for user 4 with order_model: DemoUserOrder
2025-06-28 23:42:18,453 DEBUG [get_all_open_orders_by_user_id] Retrieved 0 open orders for user 4 using model DemoUserOrder
2025-06-28 23:42:18,474 DEBUG [get_order_model] Called with user_type: 'demo'
2025-06-28 23:42:18,474 DEBUG [get_order_model] Returning DemoUserOrder
2025-06-28 23:42:18,475 DEBUG [get_all_open_orders_by_user_id] Called for user 10 with order_model: DemoUserOrder
2025-06-28 23:42:18,491 DEBUG [get_all_open_orders_by_user_id] Retrieved 3 open orders for user 10 using model DemoUserOrder
2025-06-28 23:43:17,703 DEBUG [get_order_model] Called with user_type: 'live'
2025-06-28 23:43:17,704 DEBUG [get_order_model] Returning UserOrder
2025-06-28 23:43:17,704 DEBUG [get_all_open_orders_by_user_id] Called for user 4 with order_model: UserOrder
2025-06-28 23:43:17,714 DEBUG [get_all_open_orders_by_user_id] Retrieved 0 open orders for user 4 using model UserOrder
2025-06-28 23:43:17,745 DEBUG [get_order_model] Called with user_type: 'live'
2025-06-28 23:43:17,746 DEBUG [get_order_model] Returning UserOrder
2025-06-28 23:43:17,746 DEBUG [get_all_open_orders_by_user_id] Called for user 9 with order_model: UserOrder
2025-06-28 23:43:17,754 DEBUG [get_all_open_orders_by_user_id] Retrieved 1 open orders for user 9 using model UserOrder
2025-06-28 23:43:18,285 DEBUG [get_order_model] Called with user_type: 'demo'
2025-06-28 23:43:18,286 DEBUG [get_order_model] Returning DemoUserOrder
2025-06-28 23:43:18,286 DEBUG [get_all_open_orders_by_user_id] Called for user 1 with order_model: DemoUserOrder
2025-06-28 23:43:18,291 DEBUG [get_all_open_orders_by_user_id] Retrieved 0 open orders for user 1 using model DemoUserOrder
2025-06-28 23:43:18,315 DEBUG [get_order_model] Called with user_type: 'demo'
2025-06-28 23:43:18,316 DEBUG [get_order_model] Returning DemoUserOrder
2025-06-28 23:43:18,317 DEBUG [get_all_open_orders_by_user_id] Called for user 4 with order_model: DemoUserOrder
2025-06-28 23:43:18,329 DEBUG [get_all_open_orders_by_user_id] Retrieved 0 open orders for user 4 using model DemoUserOrder
2025-06-28 23:43:18,357 DEBUG [get_order_model] Called with user_type: 'demo'
2025-06-28 23:43:18,358 DEBUG [get_order_model] Returning DemoUserOrder
2025-06-28 23:43:18,359 DEBUG [get_all_open_orders_by_user_id] Called for user 10 with order_model: DemoUserOrder
2025-06-28 23:43:18,368 DEBUG [get_all_open_orders_by_user_id] Retrieved 3 open orders for user 10 using model DemoUserOrder
2025-06-28 23:43:21,344 DEBUG [get_all_open_orders] Fetching all open orders for both live and demo users
2025-06-28 23:43:21,361 DEBUG [get_all_open_orders] Found 1 live open orders
2025-06-28 23:43:21,380 DEBUG [get_all_open_orders] Found 3 demo open orders
2025-06-28 23:43:21,420 DEBUG [get_order_model] Called with user_type: 'demo'
2025-06-28 23:43:21,423 DEBUG [get_order_model] Returning DemoUserOrder
2025-06-28 23:43:21,424 DEBUG [get_all_open_orders_by_user_id] Called for user 10 with order_model: DemoUserOrder
2025-06-28 23:43:21,445 DEBUG [get_all_open_orders_by_user_id] Retrieved 3 open orders for user 10 using model DemoUserOrder
2025-06-28 23:43:21,456 DEBUG [get_orders_by_user_id_and_statuses] Retrieved 0 orders for user 10 with statuses ['BUY_LIMIT', 'SELL_LIMIT', 'BUY_STOP', 'SELL_STOP', 'PENDING'] using model DemoUserOrder
2025-06-28 23:43:55,534 DEBUG [get_all_open_orders] Fetching all open orders for both live and demo users
2025-06-28 23:43:55,543 DEBUG [get_all_open_orders] Found 1 live open orders
2025-06-28 23:43:55,567 DEBUG [get_all_open_orders] Found 3 demo open orders
2025-06-28 23:43:55,627 DEBUG [get_order_model] Called with user_type: 'demo'
2025-06-28 23:43:55,628 DEBUG [get_order_model] Returning DemoUserOrder
2025-06-28 23:43:55,629 DEBUG [get_all_open_orders_by_user_id] Called for user 10 with order_model: DemoUserOrder
2025-06-28 23:43:55,644 DEBUG [get_all_open_orders_by_user_id] Retrieved 3 open orders for user 10 using model DemoUserOrder
2025-06-28 23:43:55,665 DEBUG [get_orders_by_user_id_and_statuses] Retrieved 0 orders for user 10 with statuses ['BUY_LIMIT', 'SELL_LIMIT', 'BUY_STOP', 'SELL_STOP', 'PENDING'] using model DemoUserOrder
2025-06-28 23:44:17,705 DEBUG [get_order_model] Called with user_type: 'live'
2025-06-28 23:44:17,707 DEBUG [get_order_model] Returning UserOrder
2025-06-28 23:44:17,708 DEBUG [get_all_open_orders_by_user_id] Called for user 4 with order_model: UserOrder
2025-06-28 23:44:17,724 DEBUG [get_all_open_orders_by_user_id] Retrieved 0 open orders for user 4 using model UserOrder
2025-06-28 23:44:17,756 DEBUG [get_order_model] Called with user_type: 'live'
2025-06-28 23:44:17,757 DEBUG [get_order_model] Returning UserOrder
2025-06-28 23:44:17,759 DEBUG [get_all_open_orders_by_user_id] Called for user 9 with order_model: UserOrder
2025-06-28 23:44:17,776 DEBUG [get_all_open_orders_by_user_id] Retrieved 1 open orders for user 9 using model UserOrder
2025-06-28 23:44:18,364 DEBUG [get_order_model] Called with user_type: 'demo'
2025-06-28 23:44:18,365 DEBUG [get_order_model] Returning DemoUserOrder
2025-06-28 23:44:18,366 DEBUG [get_all_open_orders_by_user_id] Called for user 1 with order_model: DemoUserOrder
2025-06-28 23:44:18,379 DEBUG [get_all_open_orders_by_user_id] Retrieved 0 open orders for user 1 using model DemoUserOrder
2025-06-28 23:44:18,409 DEBUG [get_order_model] Called with user_type: 'demo'
2025-06-28 23:44:18,410 DEBUG [get_order_model] Returning DemoUserOrder
2025-06-28 23:44:18,411 DEBUG [get_all_open_orders_by_user_id] Called for user 4 with order_model: DemoUserOrder
2025-06-28 23:44:18,422 DEBUG [get_all_open_orders_by_user_id] Retrieved 0 open orders for user 4 using model DemoUserOrder
2025-06-28 23:44:18,460 DEBUG [get_order_model] Called with user_type: 'demo'
2025-06-28 23:44:18,461 DEBUG [get_order_model] Returning DemoUserOrder
2025-06-28 23:44:18,462 DEBUG [get_all_open_orders_by_user_id] Called for user 10 with order_model: DemoUserOrder
2025-06-28 23:44:18,468 DEBUG [get_all_open_orders_by_user_id] Retrieved 3 open orders for user 10 using model DemoUserOrder
2025-06-28 23:45:17,722 DEBUG [get_order_model] Called with user_type: 'live'
2025-06-28 23:45:17,725 DEBUG [get_order_model] Returning UserOrder
2025-06-28 23:45:17,726 DEBUG [get_all_open_orders_by_user_id] Called for user 4 with order_model: UserOrder
2025-06-28 23:45:17,739 DEBUG [get_all_open_orders_by_user_id] Retrieved 0 open orders for user 4 using model UserOrder
2025-06-28 23:45:17,776 DEBUG [get_order_model] Called with user_type: 'live'
2025-06-28 23:45:17,777 DEBUG [get_order_model] Returning UserOrder
2025-06-28 23:45:17,778 DEBUG [get_all_open_orders_by_user_id] Called for user 9 with order_model: UserOrder
2025-06-28 23:45:17,788 DEBUG [get_all_open_orders_by_user_id] Retrieved 1 open orders for user 9 using model UserOrder
2025-06-28 23:45:18,404 DEBUG [get_order_model] Called with user_type: 'demo'
2025-06-28 23:45:18,405 DEBUG [get_order_model] Returning DemoUserOrder
2025-06-28 23:45:18,406 DEBUG [get_all_open_orders_by_user_id] Called for user 1 with order_model: DemoUserOrder
2025-06-28 23:45:18,420 DEBUG [get_all_open_orders_by_user_id] Retrieved 0 open orders for user 1 using model DemoUserOrder
2025-06-28 23:45:18,471 DEBUG [get_order_model] Called with user_type: 'demo'
2025-06-28 23:45:18,472 DEBUG [get_order_model] Returning DemoUserOrder
2025-06-28 23:45:18,473 DEBUG [get_all_open_orders_by_user_id] Called for user 4 with order_model: DemoUserOrder
2025-06-28 23:45:18,482 DEBUG [get_all_open_orders_by_user_id] Retrieved 0 open orders for user 4 using model DemoUserOrder
2025-06-28 23:45:18,510 DEBUG [get_order_model] Called with user_type: 'demo'
2025-06-28 23:45:18,512 DEBUG [get_order_model] Returning DemoUserOrder
2025-06-28 23:45:18,512 DEBUG [get_all_open_orders_by_user_id] Called for user 10 with order_model: DemoUserOrder
2025-06-28 23:45:18,523 DEBUG [get_all_open_orders_by_user_id] Retrieved 3 open orders for user 10 using model DemoUserOrder
2025-06-28 23:46:17,698 DEBUG [get_order_model] Called with user_type: 'live'
2025-06-28 23:46:17,698 DEBUG [get_order_model] Returning UserOrder
2025-06-28 23:46:17,699 DEBUG [get_all_open_orders_by_user_id] Called for user 4 with order_model: UserOrder
2025-06-28 23:46:17,709 DEBUG [get_all_open_orders_by_user_id] Retrieved 0 open orders for user 4 using model UserOrder
2025-06-28 23:46:17,737 DEBUG [get_order_model] Called with user_type: 'live'
2025-06-28 23:46:17,739 DEBUG [get_order_model] Returning UserOrder
2025-06-28 23:46:17,740 DEBUG [get_all_open_orders_by_user_id] Called for user 9 with order_model: UserOrder
2025-06-28 23:46:17,754 DEBUG [get_all_open_orders_by_user_id] Retrieved 1 open orders for user 9 using model UserOrder
2025-06-28 23:46:18,308 DEBUG [get_order_model] Called with user_type: 'demo'
2025-06-28 23:46:18,308 DEBUG [get_order_model] Returning DemoUserOrder
2025-06-28 23:46:18,309 DEBUG [get_all_open_orders_by_user_id] Called for user 1 with order_model: DemoUserOrder
2025-06-28 23:46:18,321 DEBUG [get_all_open_orders_by_user_id] Retrieved 0 open orders for user 1 using model DemoUserOrder
2025-06-28 23:46:18,357 DEBUG [get_order_model] Called with user_type: 'demo'
2025-06-28 23:46:18,358 DEBUG [get_order_model] Returning DemoUserOrder
2025-06-28 23:46:18,359 DEBUG [get_all_open_orders_by_user_id] Called for user 4 with order_model: DemoUserOrder
2025-06-28 23:46:18,368 DEBUG [get_all_open_orders_by_user_id] Retrieved 0 open orders for user 4 using model DemoUserOrder
2025-06-28 23:46:18,409 DEBUG [get_order_model] Called with user_type: 'demo'
2025-06-28 23:46:18,410 DEBUG [get_order_model] Returning DemoUserOrder
2025-06-28 23:46:18,410 DEBUG [get_all_open_orders_by_user_id] Called for user 10 with order_model: DemoUserOrder
2025-06-28 23:46:18,421 DEBUG [get_all_open_orders_by_user_id] Retrieved 3 open orders for user 10 using model DemoUserOrder
2025-06-28 23:47:17,701 DEBUG [get_order_model] Called with user_type: 'live'
2025-06-28 23:47:17,701 DEBUG [get_order_model] Returning UserOrder
2025-06-28 23:47:17,703 DEBUG [get_all_open_orders_by_user_id] Called for user 4 with order_model: UserOrder
2025-06-28 23:47:17,711 DEBUG [get_all_open_orders_by_user_id] Retrieved 0 open orders for user 4 using model UserOrder
2025-06-28 23:47:17,730 DEBUG [get_order_model] Called with user_type: 'live'
2025-06-28 23:47:17,731 DEBUG [get_order_model] Returning UserOrder
2025-06-28 23:47:17,732 DEBUG [get_all_open_orders_by_user_id] Called for user 9 with order_model: UserOrder
2025-06-28 23:47:17,743 DEBUG [get_all_open_orders_by_user_id] Retrieved 1 open orders for user 9 using model UserOrder
2025-06-28 23:47:18,247 DEBUG [get_order_model] Called with user_type: 'demo'
2025-06-28 23:47:18,248 DEBUG [get_order_model] Returning DemoUserOrder
2025-06-28 23:47:18,249 DEBUG [get_all_open_orders_by_user_id] Called for user 1 with order_model: DemoUserOrder
2025-06-28 23:47:18,256 DEBUG [get_all_open_orders_by_user_id] Retrieved 0 open orders for user 1 using model DemoUserOrder
2025-06-28 23:47:18,284 DEBUG [get_order_model] Called with user_type: 'demo'
2025-06-28 23:47:18,285 DEBUG [get_order_model] Returning DemoUserOrder
2025-06-28 23:47:18,286 DEBUG [get_all_open_orders_by_user_id] Called for user 4 with order_model: DemoUserOrder
2025-06-28 23:47:18,296 DEBUG [get_all_open_orders_by_user_id] Retrieved 0 open orders for user 4 using model DemoUserOrder
2025-06-28 23:47:18,320 DEBUG [get_order_model] Called with user_type: 'demo'
2025-06-28 23:47:18,320 DEBUG [get_order_model] Returning DemoUserOrder
2025-06-28 23:47:18,321 DEBUG [get_all_open_orders_by_user_id] Called for user 10 with order_model: DemoUserOrder
2025-06-28 23:47:18,332 DEBUG [get_all_open_orders_by_user_id] Retrieved 3 open orders for user 10 using model DemoUserOrder
2025-06-28 23:48:17,707 DEBUG [get_order_model] Called with user_type: 'live'
2025-06-28 23:48:17,709 DEBUG [get_order_model] Returning UserOrder
2025-06-28 23:48:17,710 DEBUG [get_all_open_orders_by_user_id] Called for user 4 with order_model: UserOrder
2025-06-28 23:48:17,722 DEBUG [get_all_open_orders_by_user_id] Retrieved 0 open orders for user 4 using model UserOrder
2025-06-28 23:48:17,754 DEBUG [get_order_model] Called with user_type: 'live'
2025-06-28 23:48:17,755 DEBUG [get_order_model] Returning UserOrder
2025-06-28 23:48:17,756 DEBUG [get_all_open_orders_by_user_id] Called for user 9 with order_model: UserOrder
2025-06-28 23:48:17,763 DEBUG [get_all_open_orders_by_user_id] Retrieved 1 open orders for user 9 using model UserOrder
2025-06-28 23:48:18,430 DEBUG [get_order_model] Called with user_type: 'demo'
2025-06-28 23:48:18,430 DEBUG [get_order_model] Returning DemoUserOrder
2025-06-28 23:48:18,431 DEBUG [get_all_open_orders_by_user_id] Called for user 1 with order_model: DemoUserOrder
2025-06-28 23:48:18,437 DEBUG [get_all_open_orders_by_user_id] Retrieved 0 open orders for user 1 using model DemoUserOrder
2025-06-28 23:48:18,468 DEBUG [get_order_model] Called with user_type: 'demo'
2025-06-28 23:48:18,470 DEBUG [get_order_model] Returning DemoUserOrder
2025-06-28 23:48:18,471 DEBUG [get_all_open_orders_by_user_id] Called for user 4 with order_model: DemoUserOrder
2025-06-28 23:48:18,480 DEBUG [get_all_open_orders_by_user_id] Retrieved 0 open orders for user 4 using model DemoUserOrder
2025-06-28 23:48:18,513 DEBUG [get_order_model] Called with user_type: 'demo'
2025-06-28 23:48:18,514 DEBUG [get_order_model] Returning DemoUserOrder
2025-06-28 23:48:18,514 DEBUG [get_all_open_orders_by_user_id] Called for user 10 with order_model: DemoUserOrder
2025-06-28 23:48:18,522 DEBUG [get_all_open_orders_by_user_id] Retrieved 3 open orders for user 10 using model DemoUserOrder
