2025-06-27 03:18:03,782 - pending_orders - INFO - Starting the pending order and SL/TP checker background task.
2025-06-27 03:18:03,784 - pending_orders - ERROR - Error in pending order checker loop: module 'app.crud.group' has no attribute 'get_all_groups'
Traceback (most recent call last):
  File "C:\Users\Dhanush\FASTAPI\app\main.py", line 716, in run_pending_order_checker
    all_groups = await crud_group.get_all_groups(db)
                       ^^^^^^^^^^^^^^^^^^^^^^^^^
AttributeError: module 'app.crud.group' has no attribute 'get_all_groups'. Did you mean: 'get_groups'?
2025-06-27 03:18:08,794 - pending_orders - ERROR - Error in pending order checker loop: module 'app.crud.group' has no attribute 'get_all_groups'
Traceback (most recent call last):
  File "C:\Users\Dhanush\FASTAPI\app\main.py", line 716, in run_pending_order_checker
    all_groups = await crud_group.get_all_groups(db)
                       ^^^^^^^^^^^^^^^^^^^^^^^^^
AttributeError: module 'app.crud.group' has no attribute 'get_all_groups'. Did you mean: 'get_groups'?
2025-06-27 03:18:13,819 - pending_orders - ERROR - Error in pending order checker loop: module 'app.crud.group' has no attribute 'get_all_groups'
Traceback (most recent call last):
  File "C:\Users\Dhanush\FASTAPI\app\main.py", line 716, in run_pending_order_checker
    all_groups = await crud_group.get_all_groups(db)
                       ^^^^^^^^^^^^^^^^^^^^^^^^^
AttributeError: module 'app.crud.group' has no attribute 'get_all_groups'. Did you mean: 'get_groups'?
2025-06-27 03:18:18,830 - pending_orders - ERROR - Error in pending order checker loop: module 'app.crud.group' has no attribute 'get_all_groups'
Traceback (most recent call last):
  File "C:\Users\Dhanush\FASTAPI\app\main.py", line 716, in run_pending_order_checker
    all_groups = await crud_group.get_all_groups(db)
                       ^^^^^^^^^^^^^^^^^^^^^^^^^
AttributeError: module 'app.crud.group' has no attribute 'get_all_groups'. Did you mean: 'get_groups'?
2025-06-27 03:18:23,835 - pending_orders - ERROR - Error in pending order checker loop: module 'app.crud.group' has no attribute 'get_all_groups'
Traceback (most recent call last):
  File "C:\Users\Dhanush\FASTAPI\app\main.py", line 716, in run_pending_order_checker
    all_groups = await crud_group.get_all_groups(db)
                       ^^^^^^^^^^^^^^^^^^^^^^^^^
AttributeError: module 'app.crud.group' has no attribute 'get_all_groups'. Did you mean: 'get_groups'?
2025-06-27 03:18:28,838 - pending_orders - ERROR - Error in pending order checker loop: module 'app.crud.group' has no attribute 'get_all_groups'
Traceback (most recent call last):
  File "C:\Users\Dhanush\FASTAPI\app\main.py", line 716, in run_pending_order_checker
    all_groups = await crud_group.get_all_groups(db)
                       ^^^^^^^^^^^^^^^^^^^^^^^^^
AttributeError: module 'app.crud.group' has no attribute 'get_all_groups'. Did you mean: 'get_groups'?
2025-06-27 03:18:33,849 - pending_orders - ERROR - Error in pending order checker loop: module 'app.crud.group' has no attribute 'get_all_groups'
Traceback (most recent call last):
  File "C:\Users\Dhanush\FASTAPI\app\main.py", line 716, in run_pending_order_checker
    all_groups = await crud_group.get_all_groups(db)
                       ^^^^^^^^^^^^^^^^^^^^^^^^^
AttributeError: module 'app.crud.group' has no attribute 'get_all_groups'. Did you mean: 'get_groups'?
2025-06-27 03:18:38,860 - pending_orders - ERROR - Error in pending order checker loop: module 'app.crud.group' has no attribute 'get_all_groups'
Traceback (most recent call last):
  File "C:\Users\Dhanush\FASTAPI\app\main.py", line 716, in run_pending_order_checker
    all_groups = await crud_group.get_all_groups(db)
                       ^^^^^^^^^^^^^^^^^^^^^^^^^
AttributeError: module 'app.crud.group' has no attribute 'get_all_groups'. Did you mean: 'get_groups'?
2025-06-27 03:18:43,877 - pending_orders - ERROR - Error in pending order checker loop: module 'app.crud.group' has no attribute 'get_all_groups'
Traceback (most recent call last):
  File "C:\Users\Dhanush\FASTAPI\app\main.py", line 716, in run_pending_order_checker
    all_groups = await crud_group.get_all_groups(db)
                       ^^^^^^^^^^^^^^^^^^^^^^^^^
AttributeError: module 'app.crud.group' has no attribute 'get_all_groups'. Did you mean: 'get_groups'?
2025-06-27 03:18:48,881 - pending_orders - ERROR - Error in pending order checker loop: module 'app.crud.group' has no attribute 'get_all_groups'
Traceback (most recent call last):
  File "C:\Users\Dhanush\FASTAPI\app\main.py", line 716, in run_pending_order_checker
    all_groups = await crud_group.get_all_groups(db)
                       ^^^^^^^^^^^^^^^^^^^^^^^^^
AttributeError: module 'app.crud.group' has no attribute 'get_all_groups'. Did you mean: 'get_groups'?
2025-06-27 03:18:53,887 - pending_orders - ERROR - Error in pending order checker loop: module 'app.crud.group' has no attribute 'get_all_groups'
Traceback (most recent call last):
  File "C:\Users\Dhanush\FASTAPI\app\main.py", line 716, in run_pending_order_checker
    all_groups = await crud_group.get_all_groups(db)
                       ^^^^^^^^^^^^^^^^^^^^^^^^^
AttributeError: module 'app.crud.group' has no attribute 'get_all_groups'. Did you mean: 'get_groups'?
2025-06-27 03:18:58,893 - pending_orders - ERROR - Error in pending order checker loop: module 'app.crud.group' has no attribute 'get_all_groups'
Traceback (most recent call last):
  File "C:\Users\Dhanush\FASTAPI\app\main.py", line 716, in run_pending_order_checker
    all_groups = await crud_group.get_all_groups(db)
                       ^^^^^^^^^^^^^^^^^^^^^^^^^
AttributeError: module 'app.crud.group' has no attribute 'get_all_groups'. Did you mean: 'get_groups'?
2025-06-27 03:19:03,899 - pending_orders - ERROR - Error in pending order checker loop: module 'app.crud.group' has no attribute 'get_all_groups'
Traceback (most recent call last):
  File "C:\Users\Dhanush\FASTAPI\app\main.py", line 716, in run_pending_order_checker
    all_groups = await crud_group.get_all_groups(db)
                       ^^^^^^^^^^^^^^^^^^^^^^^^^
AttributeError: module 'app.crud.group' has no attribute 'get_all_groups'. Did you mean: 'get_groups'?
2025-06-27 03:19:08,906 - pending_orders - ERROR - Error in pending order checker loop: module 'app.crud.group' has no attribute 'get_all_groups'
Traceback (most recent call last):
  File "C:\Users\Dhanush\FASTAPI\app\main.py", line 716, in run_pending_order_checker
    all_groups = await crud_group.get_all_groups(db)
                       ^^^^^^^^^^^^^^^^^^^^^^^^^
AttributeError: module 'app.crud.group' has no attribute 'get_all_groups'. Did you mean: 'get_groups'?
2025-06-27 03:19:13,911 - pending_orders - ERROR - Error in pending order checker loop: module 'app.crud.group' has no attribute 'get_all_groups'
Traceback (most recent call last):
  File "C:\Users\Dhanush\FASTAPI\app\main.py", line 716, in run_pending_order_checker
    all_groups = await crud_group.get_all_groups(db)
                       ^^^^^^^^^^^^^^^^^^^^^^^^^
AttributeError: module 'app.crud.group' has no attribute 'get_all_groups'. Did you mean: 'get_groups'?
2025-06-27 03:19:18,913 - pending_orders - ERROR - Error in pending order checker loop: module 'app.crud.group' has no attribute 'get_all_groups'
Traceback (most recent call last):
  File "C:\Users\Dhanush\FASTAPI\app\main.py", line 716, in run_pending_order_checker
    all_groups = await crud_group.get_all_groups(db)
                       ^^^^^^^^^^^^^^^^^^^^^^^^^
AttributeError: module 'app.crud.group' has no attribute 'get_all_groups'. Did you mean: 'get_groups'?
