2025-06-29 21:42:57,160 - redis_cleanup - INFO - [REDIS_CLEANUP] Starting orphaned orders cleanup
2025-06-29 21:42:57,163 - redis_cleanup - INFO - [REDIS_CLEANUP] No pending orders found in Redis
2025-06-29 21:43:03,257 - redis_cleanup - INFO - [REDIS_CLEANUP] Starting orphaned orders cleanup
2025-06-29 21:43:03,261 - redis_cleanup - INFO - [REDIS_CLEANUP] No pending orders found in Redis
2025-06-29 22:14:06,229 - redis_cleanup - ERROR - [REDIS_CLEANUP] Error processing Redis key pending_orders:AUDCAD:BUY_LIMIT: WRONGTYPE Operation against a key holding the wrong kind of value
2025-06-29 22:53:38,142 - redis_cleanup - ERROR - [REDIS_CLEANUP] Error processing Redis key pending_orders:AUDCAD:BUY_LIMIT: WRONGTYPE Operation against a key holding the wrong kind of value
2025-06-29 23:19:14,912 - redis_cleanup - ERROR - [REDIS_CLEANUP] Error processing Redis key pending_orders:AUDCAD:BUY_LIMIT: WRONGTYPE Operation against a key holding the wrong kind of value
2025-06-29 23:21:21,878 - redis_cleanup - ERROR - [REDIS_CLEANUP] Error processing Redis key pending_orders:AUDJPY:BUY_LIMIT: WRONGTYPE Operation against a key holding the wrong kind of value
2025-06-29 23:21:21,879 - redis_cleanup - ERROR - [REDIS_CLEANUP] Error processing Redis key pending_orders:AUDCAD:BUY_LIMIT: WRONGTYPE Operation against a key holding the wrong kind of value
2025-06-29 23:21:21,879 - redis_cleanup - ERROR - [REDIS_CLEANUP] Error processing Redis key pending_orders:AUDJPY:SELL_LIMIT: WRONGTYPE Operation against a key holding the wrong kind of value
2025-06-29 23:23:01,633 - redis_cleanup - ERROR - [REDIS_CLEANUP] Error processing Redis key pending_orders:AUDJPY:BUY_LIMIT: WRONGTYPE Operation against a key holding the wrong kind of value
2025-06-29 23:23:01,635 - redis_cleanup - ERROR - [REDIS_CLEANUP] Error processing Redis key pending_orders:AUDCAD:BUY_LIMIT: WRONGTYPE Operation against a key holding the wrong kind of value
2025-06-29 23:23:01,637 - redis_cleanup - ERROR - [REDIS_CLEANUP] Error processing Redis key pending_orders:AUDJPY:SELL_LIMIT: WRONGTYPE Operation against a key holding the wrong kind of value
2025-06-29 23:26:27,742 - redis_cleanup - ERROR - [REDIS_CLEANUP] Error processing Redis key pending_orders:AUDJPY:BUY_LIMIT: WRONGTYPE Operation against a key holding the wrong kind of value
2025-06-29 23:26:27,743 - redis_cleanup - ERROR - [REDIS_CLEANUP] Error processing Redis key pending_orders:AUDCAD:BUY_LIMIT: WRONGTYPE Operation against a key holding the wrong kind of value
2025-06-29 23:26:27,744 - redis_cleanup - ERROR - [REDIS_CLEANUP] Error processing Redis key pending_orders:AUDJPY:SELL_LIMIT: WRONGTYPE Operation against a key holding the wrong kind of value
2025-06-29 23:28:29,295 - redis_cleanup - ERROR - [REDIS_CLEANUP] Error processing Redis key pending_orders:AUDJPY:BUY_LIMIT: WRONGTYPE Operation against a key holding the wrong kind of value
2025-06-29 23:28:29,296 - redis_cleanup - ERROR - [REDIS_CLEANUP] Error processing Redis key pending_orders:AUDCAD:BUY_LIMIT: WRONGTYPE Operation against a key holding the wrong kind of value
2025-06-29 23:28:29,296 - redis_cleanup - ERROR - [REDIS_CLEANUP] Error processing Redis key pending_orders:AUDJPY:SELL_LIMIT: WRONGTYPE Operation against a key holding the wrong kind of value
2025-06-29 23:29:54,148 - redis_cleanup - ERROR - [REDIS_CLEANUP] Error processing Redis key pending_orders:AUDJPY:BUY_LIMIT: WRONGTYPE Operation against a key holding the wrong kind of value
2025-06-29 23:29:54,149 - redis_cleanup - ERROR - [REDIS_CLEANUP] Error processing Redis key pending_orders:AUDCAD:BUY_LIMIT: WRONGTYPE Operation against a key holding the wrong kind of value
2025-06-29 23:29:54,149 - redis_cleanup - ERROR - [REDIS_CLEANUP] Error processing Redis key pending_orders:AUDJPY:SELL_LIMIT: WRONGTYPE Operation against a key holding the wrong kind of value
2025-06-29 23:32:38,145 - redis_cleanup - ERROR - [REDIS_CLEANUP] Error processing Redis key pending_orders:AUDJPY:BUY_LIMIT: WRONGTYPE Operation against a key holding the wrong kind of value
2025-06-29 23:32:38,146 - redis_cleanup - ERROR - [REDIS_CLEANUP] Error processing Redis key pending_orders:AUDCAD:BUY_LIMIT: WRONGTYPE Operation against a key holding the wrong kind of value
2025-06-29 23:32:38,146 - redis_cleanup - ERROR - [REDIS_CLEANUP] Error processing Redis key pending_orders:AUDJPY:SELL_LIMIT: WRONGTYPE Operation against a key holding the wrong kind of value
2025-06-29 23:34:50,865 - redis_cleanup - ERROR - [REDIS_CLEANUP] Error processing Redis key pending_orders:AUDJPY:BUY_LIMIT: WRONGTYPE Operation against a key holding the wrong kind of value
2025-06-29 23:34:50,866 - redis_cleanup - ERROR - [REDIS_CLEANUP] Error processing Redis key pending_orders:AUDCAD:BUY_LIMIT: WRONGTYPE Operation against a key holding the wrong kind of value
2025-06-29 23:34:50,867 - redis_cleanup - ERROR - [REDIS_CLEANUP] Error processing Redis key pending_orders:AUDJPY:SELL_LIMIT: WRONGTYPE Operation against a key holding the wrong kind of value
2025-06-29 23:36:37,261 - redis_cleanup - ERROR - [REDIS_CLEANUP] Error processing Redis key pending_orders:AUDJPY:BUY_LIMIT: WRONGTYPE Operation against a key holding the wrong kind of value
2025-06-29 23:36:37,262 - redis_cleanup - ERROR - [REDIS_CLEANUP] Error processing Redis key pending_orders:AUDCAD:BUY_LIMIT: WRONGTYPE Operation against a key holding the wrong kind of value
2025-06-29 23:36:37,263 - redis_cleanup - ERROR - [REDIS_CLEANUP] Error processing Redis key pending_orders:AUDJPY:SELL_LIMIT: WRONGTYPE Operation against a key holding the wrong kind of value
2025-06-29 23:37:15,389 - redis_cleanup - ERROR - [REDIS_CLEANUP] Error processing Redis key pending_orders:AUDJPY:BUY_LIMIT: WRONGTYPE Operation against a key holding the wrong kind of value
2025-06-29 23:37:15,390 - redis_cleanup - ERROR - [REDIS_CLEANUP] Error processing Redis key pending_orders:AUDCAD:BUY_LIMIT: WRONGTYPE Operation against a key holding the wrong kind of value
2025-06-29 23:37:15,390 - redis_cleanup - ERROR - [REDIS_CLEANUP] Error processing Redis key pending_orders:AUDJPY:SELL_LIMIT: WRONGTYPE Operation against a key holding the wrong kind of value
