2025-06-28 04:34:46,665 - sltp - INFO - Starting the SL/TP checker task (triggered by market updates).
2025-06-28 23:31:25,331 - sltp - INFO - Starting the SL/TP checker task (triggered by market updates).
2025-06-28 23:32:01,802 - sltp - INFO - Market data update received, triggering SL/TP check
2025-06-28 23:32:01,802 - sltp - INFO - [SLTP_CHECK] Starting SL/TP check triggered by market data update
2025-06-28 23:32:01,934 - sltp - INFO - [SLTP_CHECK] Found 1 live orders and 1 demo orders to check
2025-06-28 23:32:01,934 - sltp - INFO - [SLTP_CHECK] Processing live order 8776888990 for symbol AUDCHF
2025-06-28 23:32:01,934 - sltp - INFO - [SLTP_CHECK] Processing live order 8776888990 for user 9, symbol AUDCHF
2025-06-28 23:32:02,030 - sltp - INFO - [SLTP_CHECK] Order 8776888990 - Current prices: Buy=0.5227700000, Sell=0.5210900000
2025-06-28 23:32:02,030 - sltp - INFO - [SLTP_CHECK] Processing demo order 5363180045 for symbol AUDCAD
2025-06-28 23:32:02,030 - sltp - INFO - [SLTP_CHECK] Processing demo order 5363180045 for user 10, symbol AUDCAD
2025-06-28 23:32:02,118 - sltp - INFO - [SLTP_CHECK] Order 5363180045 - Current prices: Buy=0.8943200000, Sell=0.8927500000
2025-06-28 23:32:02,118 - sltp - INFO - [SLTP_CHECK] Completed SL/TP check cycle
2025-06-28 23:32:03,526 - sltp - INFO - Market data update received, triggering SL/TP check
2025-06-28 23:32:03,527 - sltp - INFO - [SLTP_CHECK] Starting SL/TP check triggered by market data update
2025-06-28 23:32:03,573 - sltp - INFO - [SLTP_CHECK] Found 1 live orders and 1 demo orders to check
2025-06-28 23:32:03,573 - sltp - INFO - [SLTP_CHECK] Processing live order 8776888990 for symbol AUDCHF
2025-06-28 23:32:03,573 - sltp - INFO - [SLTP_CHECK] Processing live order 8776888990 for user 9, symbol AUDCHF
2025-06-28 23:32:03,598 - sltp - INFO - [SLTP_CHECK] Order 8776888990 - Current prices: Buy=0.5227700000, Sell=0.5210900000
2025-06-28 23:32:03,598 - sltp - INFO - [SLTP_CHECK] Processing demo order 5363180045 for symbol AUDCAD
2025-06-28 23:32:03,599 - sltp - INFO - [SLTP_CHECK] Processing demo order 5363180045 for user 10, symbol AUDCAD
2025-06-28 23:32:03,637 - sltp - INFO - [SLTP_CHECK] Order 5363180045 - Current prices: Buy=0.8943200000, Sell=0.8927500000
2025-06-28 23:32:03,638 - sltp - INFO - [SLTP_CHECK] Completed SL/TP check cycle
2025-06-28 23:33:09,810 - sltp - INFO - Market data update received, triggering SL/TP check
2025-06-28 23:33:09,811 - sltp - INFO - [SLTP_CHECK] Starting SL/TP check triggered by market data update
2025-06-28 23:33:09,890 - sltp - INFO - [SLTP_CHECK] Found 1 live orders and 0 demo orders to check
2025-06-28 23:33:09,890 - sltp - INFO - [SLTP_CHECK] Processing live order 8776888990 for symbol AUDCHF
2025-06-28 23:33:09,890 - sltp - INFO - [SLTP_CHECK] Processing live order 8776888990 for user 9, symbol AUDCHF
2025-06-28 23:33:09,918 - sltp - INFO - [SLTP_CHECK] Order 8776888990 - Current prices: Buy=0.5227700000, Sell=0.5210900000
2025-06-28 23:33:09,918 - sltp - INFO - [SLTP_CHECK] Completed SL/TP check cycle
2025-06-28 23:33:15,108 - sltp - INFO - Market data update received, triggering SL/TP check
2025-06-28 23:33:15,108 - sltp - INFO - [SLTP_CHECK] Starting SL/TP check triggered by market data update
2025-06-28 23:33:15,170 - sltp - INFO - [SLTP_CHECK] Found 1 live orders and 1 demo orders to check
2025-06-28 23:33:15,170 - sltp - INFO - [SLTP_CHECK] Processing live order 8776888990 for symbol AUDCHF
2025-06-28 23:33:15,170 - sltp - INFO - [SLTP_CHECK] Processing live order 8776888990 for user 9, symbol AUDCHF
2025-06-28 23:33:15,201 - sltp - INFO - [SLTP_CHECK] Order 8776888990 - Current prices: Buy=0.5227700000, Sell=0.5210900000
2025-06-28 23:33:15,201 - sltp - INFO - [SLTP_CHECK] Processing demo order 8909351175 for symbol AUDCAD
2025-06-28 23:33:15,201 - sltp - INFO - [SLTP_CHECK] Processing demo order 8909351175 for user 10, symbol AUDCAD
2025-06-28 23:33:15,218 - sltp - INFO - [SLTP_CHECK] Order 8909351175 - Current prices: Buy=0.8943200000, Sell=0.8927500000
2025-06-28 23:33:15,219 - sltp - INFO - [SLTP_CHECK] Completed SL/TP check cycle
2025-06-28 23:33:19,773 - sltp - INFO - Market data update received, triggering SL/TP check
2025-06-28 23:33:19,773 - sltp - INFO - [SLTP_CHECK] Starting SL/TP check triggered by market data update
2025-06-28 23:33:19,821 - sltp - INFO - [SLTP_CHECK] Found 1 live orders and 2 demo orders to check
2025-06-28 23:33:19,822 - sltp - INFO - [SLTP_CHECK] Processing live order 8776888990 for symbol AUDCHF
2025-06-28 23:33:19,822 - sltp - INFO - [SLTP_CHECK] Processing live order 8776888990 for user 9, symbol AUDCHF
2025-06-28 23:33:19,848 - sltp - INFO - [SLTP_CHECK] Order 8776888990 - Current prices: Buy=0.5227700000, Sell=0.5210900000
2025-06-28 23:33:19,849 - sltp - INFO - [SLTP_CHECK] Processing demo order 8909351175 for symbol AUDCAD
2025-06-28 23:33:19,849 - sltp - INFO - [SLTP_CHECK] Processing demo order 8909351175 for user 10, symbol AUDCAD
2025-06-28 23:33:19,875 - sltp - INFO - [SLTP_CHECK] Order 8909351175 - Current prices: Buy=0.8943200000, Sell=0.8927500000
2025-06-28 23:33:19,875 - sltp - INFO - [SLTP_CHECK] Processing demo order 2371146888 for symbol AUDCAD
2025-06-28 23:33:19,876 - sltp - INFO - [SLTP_CHECK] Processing demo order 2371146888 for user 10, symbol AUDCAD
2025-06-28 23:33:19,907 - sltp - INFO - [SLTP_CHECK] Order 2371146888 - Current prices: Buy=0.8943200000, Sell=0.8927500000
2025-06-28 23:33:19,908 - sltp - INFO - [SLTP_CHECK] Completed SL/TP check cycle
2025-06-28 23:33:23,967 - sltp - INFO - Market data update received, triggering SL/TP check
2025-06-28 23:33:23,968 - sltp - INFO - [SLTP_CHECK] Starting SL/TP check triggered by market data update
2025-06-28 23:33:24,037 - sltp - INFO - [SLTP_CHECK] Found 1 live orders and 3 demo orders to check
2025-06-28 23:33:24,037 - sltp - INFO - [SLTP_CHECK] Processing live order 8776888990 for symbol AUDCHF
2025-06-28 23:33:24,037 - sltp - INFO - [SLTP_CHECK] Processing live order 8776888990 for user 9, symbol AUDCHF
2025-06-28 23:33:24,078 - sltp - INFO - [SLTP_CHECK] Order 8776888990 - Current prices: Buy=0.5227700000, Sell=0.5210900000
2025-06-28 23:33:24,079 - sltp - INFO - [SLTP_CHECK] Processing demo order 8909351175 for symbol AUDCAD
2025-06-28 23:33:24,079 - sltp - INFO - [SLTP_CHECK] Processing demo order 8909351175 for user 10, symbol AUDCAD
2025-06-28 23:33:24,126 - sltp - INFO - [SLTP_CHECK] Order 8909351175 - Current prices: Buy=0.8943200000, Sell=0.8927500000
2025-06-28 23:33:24,127 - sltp - INFO - [SLTP_CHECK] Processing demo order 2371146888 for symbol AUDCAD
2025-06-28 23:33:24,127 - sltp - INFO - [SLTP_CHECK] Processing demo order 2371146888 for user 10, symbol AUDCAD
2025-06-28 23:33:24,170 - sltp - INFO - [SLTP_CHECK] Order 2371146888 - Current prices: Buy=0.8943200000, Sell=0.8927500000
2025-06-28 23:33:24,170 - sltp - INFO - [SLTP_CHECK] Processing demo order 3305059370 for symbol AUDCAD
2025-06-28 23:33:24,171 - sltp - INFO - [SLTP_CHECK] Processing demo order 3305059370 for user 10, symbol AUDCAD
2025-06-28 23:33:24,200 - sltp - INFO - [SLTP_CHECK] Order 3305059370 - Current prices: Buy=0.8943200000, Sell=0.8927500000
2025-06-28 23:33:24,200 - sltp - INFO - [SLTP_CHECK] Completed SL/TP check cycle
2025-06-28 23:34:22,665 - sltp - INFO - Market data update received, triggering SL/TP check
2025-06-28 23:34:22,666 - sltp - INFO - [SLTP_CHECK] Starting SL/TP check triggered by market data update
2025-06-28 23:34:22,699 - sltp - INFO - [SLTP_CHECK] Found 1 live orders and 3 demo orders to check
2025-06-28 23:34:22,699 - sltp - INFO - [SLTP_CHECK] Processing live order 8776888990 for symbol AUDCHF
2025-06-28 23:34:22,700 - sltp - INFO - [SLTP_CHECK] Processing live order 8776888990 for user 9, symbol AUDCHF
2025-06-28 23:34:22,726 - sltp - WARNING - [SLTP_CHECK] No adjusted price available for AUDCHF in group Group B
2025-06-28 23:34:22,727 - sltp - INFO - [SLTP_CHECK] Processing demo order 8909351175 for symbol AUDCAD
2025-06-28 23:34:22,727 - sltp - INFO - [SLTP_CHECK] Processing demo order 8909351175 for user 10, symbol AUDCAD
2025-06-28 23:34:22,751 - sltp - WARNING - [SLTP_CHECK] No adjusted price available for AUDCAD in group Group B
2025-06-28 23:34:22,751 - sltp - INFO - [SLTP_CHECK] Processing demo order 2371146888 for symbol AUDCAD
2025-06-28 23:34:22,751 - sltp - INFO - [SLTP_CHECK] Processing demo order 2371146888 for user 10, symbol AUDCAD
2025-06-28 23:34:22,779 - sltp - WARNING - [SLTP_CHECK] No adjusted price available for AUDCAD in group Group B
2025-06-28 23:34:22,779 - sltp - INFO - [SLTP_CHECK] Processing demo order 3305059370 for symbol AUDCAD
2025-06-28 23:34:22,779 - sltp - INFO - [SLTP_CHECK] Processing demo order 3305059370 for user 10, symbol AUDCAD
2025-06-28 23:34:22,799 - sltp - WARNING - [SLTP_CHECK] No adjusted price available for AUDCAD in group Group B
2025-06-28 23:34:22,799 - sltp - INFO - [SLTP_CHECK] Completed SL/TP check cycle
2025-06-28 23:34:24,668 - sltp - INFO - Market data update received, triggering SL/TP check
2025-06-28 23:34:24,668 - sltp - INFO - [SLTP_CHECK] Starting SL/TP check triggered by market data update
2025-06-28 23:34:24,729 - sltp - INFO - [SLTP_CHECK] Found 1 live orders and 3 demo orders to check
2025-06-28 23:34:24,730 - sltp - INFO - [SLTP_CHECK] Processing live order 8776888990 for symbol AUDCHF
2025-06-28 23:34:24,730 - sltp - INFO - [SLTP_CHECK] Processing live order 8776888990 for user 9, symbol AUDCHF
2025-06-28 23:34:24,749 - sltp - WARNING - [SLTP_CHECK] No adjusted price available for AUDCHF in group Group B
2025-06-28 23:34:24,749 - sltp - INFO - [SLTP_CHECK] Processing demo order 8909351175 for symbol AUDCAD
2025-06-28 23:34:24,749 - sltp - INFO - [SLTP_CHECK] Processing demo order 8909351175 for user 10, symbol AUDCAD
2025-06-28 23:34:24,767 - sltp - WARNING - [SLTP_CHECK] No adjusted price available for AUDCAD in group Group B
2025-06-28 23:34:24,767 - sltp - INFO - [SLTP_CHECK] Processing demo order 2371146888 for symbol AUDCAD
2025-06-28 23:34:24,767 - sltp - INFO - [SLTP_CHECK] Processing demo order 2371146888 for user 10, symbol AUDCAD
2025-06-28 23:34:24,813 - sltp - WARNING - [SLTP_CHECK] No adjusted price available for AUDCAD in group Group B
2025-06-28 23:34:24,813 - sltp - INFO - [SLTP_CHECK] Processing demo order 3305059370 for symbol AUDCAD
2025-06-28 23:34:24,814 - sltp - INFO - [SLTP_CHECK] Processing demo order 3305059370 for user 10, symbol AUDCAD
2025-06-28 23:34:24,837 - sltp - WARNING - [SLTP_CHECK] No adjusted price available for AUDCAD in group Group B
2025-06-28 23:34:24,837 - sltp - INFO - [SLTP_CHECK] Completed SL/TP check cycle
2025-06-28 23:34:29,195 - sltp - INFO - Market data update received, triggering SL/TP check
2025-06-28 23:34:29,196 - sltp - INFO - [SLTP_CHECK] Starting SL/TP check triggered by market data update
2025-06-28 23:34:29,233 - sltp - INFO - [SLTP_CHECK] Found 1 live orders and 3 demo orders to check
2025-06-28 23:34:29,233 - sltp - INFO - [SLTP_CHECK] Processing live order 8776888990 for symbol AUDCHF
2025-06-28 23:34:29,234 - sltp - INFO - [SLTP_CHECK] Processing live order 8776888990 for user 9, symbol AUDCHF
2025-06-28 23:34:29,286 - sltp - WARNING - [SLTP_CHECK] No adjusted price available for AUDCHF in group Group B
2025-06-28 23:34:29,286 - sltp - INFO - [SLTP_CHECK] Processing demo order 8909351175 for symbol AUDCAD
2025-06-28 23:34:29,287 - sltp - INFO - [SLTP_CHECK] Processing demo order 8909351175 for user 10, symbol AUDCAD
2025-06-28 23:34:29,296 - sltp - WARNING - [SLTP_CHECK] No adjusted price available for AUDCAD in group Group B
2025-06-28 23:34:29,296 - sltp - INFO - [SLTP_CHECK] Processing demo order 2371146888 for symbol AUDCAD
2025-06-28 23:34:29,296 - sltp - INFO - [SLTP_CHECK] Processing demo order 2371146888 for user 10, symbol AUDCAD
2025-06-28 23:34:29,319 - sltp - WARNING - [SLTP_CHECK] No adjusted price available for AUDCAD in group Group B
2025-06-28 23:34:29,320 - sltp - INFO - [SLTP_CHECK] Processing demo order 3305059370 for symbol AUDCAD
2025-06-28 23:34:29,320 - sltp - INFO - [SLTP_CHECK] Processing demo order 3305059370 for user 10, symbol AUDCAD
2025-06-28 23:34:29,338 - sltp - WARNING - [SLTP_CHECK] No adjusted price available for AUDCAD in group Group B
2025-06-28 23:34:29,338 - sltp - INFO - [SLTP_CHECK] Completed SL/TP check cycle
2025-06-28 23:35:54,736 - sltp - INFO - Market data update received, triggering SL/TP check
2025-06-28 23:35:54,736 - sltp - INFO - [SLTP_CHECK] Starting SL/TP check triggered by market data update
2025-06-28 23:35:54,750 - sltp - INFO - [SLTP_CHECK] Found 1 live orders and 3 demo orders to check
2025-06-28 23:35:54,750 - sltp - INFO - [SLTP_CHECK] Processing live order 8776888990 for symbol AUDCHF
2025-06-28 23:35:54,750 - sltp - INFO - [SLTP_CHECK] Processing live order 8776888990 for user 9, symbol AUDCHF
2025-06-28 23:35:54,773 - sltp - WARNING - [SLTP_CHECK] No adjusted price available for AUDCHF in group Group B
2025-06-28 23:35:54,773 - sltp - INFO - [SLTP_CHECK] Processing demo order 8909351175 for symbol AUDCAD
2025-06-28 23:35:54,775 - sltp - INFO - [SLTP_CHECK] Processing demo order 8909351175 for user 10, symbol AUDCAD
2025-06-28 23:35:54,795 - sltp - WARNING - [SLTP_CHECK] No adjusted price available for AUDCAD in group Group B
2025-06-28 23:35:54,795 - sltp - INFO - [SLTP_CHECK] Processing demo order 2371146888 for symbol AUDCAD
2025-06-28 23:35:54,795 - sltp - INFO - [SLTP_CHECK] Processing demo order 2371146888 for user 10, symbol AUDCAD
2025-06-28 23:35:54,803 - sltp - WARNING - [SLTP_CHECK] No adjusted price available for AUDCAD in group Group B
2025-06-28 23:35:54,803 - sltp - INFO - [SLTP_CHECK] Processing demo order 3305059370 for symbol AUDCAD
2025-06-28 23:35:54,803 - sltp - INFO - [SLTP_CHECK] Processing demo order 3305059370 for user 10, symbol AUDCAD
2025-06-28 23:35:54,819 - sltp - WARNING - [SLTP_CHECK] No adjusted price available for AUDCAD in group Group B
2025-06-28 23:35:54,819 - sltp - INFO - [SLTP_CHECK] Completed SL/TP check cycle
2025-06-28 23:43:21,342 - sltp - INFO - Market data update received, triggering SL/TP check
2025-06-28 23:43:21,342 - sltp - INFO - [SLTP_CHECK] Starting SL/TP check triggered by market data update
2025-06-28 23:43:21,380 - sltp - INFO - [SLTP_CHECK] Found 1 live orders and 3 demo orders to check
2025-06-28 23:43:21,381 - sltp - INFO - [SLTP_CHECK] Processing live order 8776888990 for symbol AUDCHF
2025-06-28 23:43:21,381 - sltp - INFO - [SLTP_CHECK] Processing live order 8776888990 for user 9, symbol AUDCHF
2025-06-28 23:43:21,404 - sltp - WARNING - [SLTP_CHECK] No adjusted price available for AUDCHF in group Group B
2025-06-28 23:43:21,405 - sltp - INFO - [SLTP_CHECK] Processing demo order 8909351175 for symbol AUDCAD
2025-06-28 23:43:21,405 - sltp - INFO - [SLTP_CHECK] Processing demo order 8909351175 for user 10, symbol AUDCAD
2025-06-28 23:43:21,435 - sltp - WARNING - [SLTP_CHECK] No adjusted price available for AUDCAD in group Group B
2025-06-28 23:43:21,435 - sltp - INFO - [SLTP_CHECK] Processing demo order 2371146888 for symbol AUDCAD
2025-06-28 23:43:21,435 - sltp - INFO - [SLTP_CHECK] Processing demo order 2371146888 for user 10, symbol AUDCAD
2025-06-28 23:43:21,460 - sltp - WARNING - [SLTP_CHECK] No adjusted price available for AUDCAD in group Group B
2025-06-28 23:43:21,461 - sltp - INFO - [SLTP_CHECK] Processing demo order 3305059370 for symbol AUDCAD
2025-06-28 23:43:21,461 - sltp - INFO - [SLTP_CHECK] Processing demo order 3305059370 for user 10, symbol AUDCAD
2025-06-28 23:43:21,477 - sltp - WARNING - [SLTP_CHECK] No adjusted price available for AUDCAD in group Group B
2025-06-28 23:43:21,477 - sltp - INFO - [SLTP_CHECK] Completed SL/TP check cycle
2025-06-28 23:43:55,534 - sltp - INFO - Market data update received, triggering SL/TP check
2025-06-28 23:43:55,534 - sltp - INFO - [SLTP_CHECK] Starting SL/TP check triggered by market data update
2025-06-28 23:43:55,569 - sltp - INFO - [SLTP_CHECK] Found 1 live orders and 3 demo orders to check
2025-06-28 23:43:55,569 - sltp - INFO - [SLTP_CHECK] Processing live order 8776888990 for symbol AUDCHF
2025-06-28 23:43:55,569 - sltp - INFO - [SLTP_CHECK] Processing live order 8776888990 for user 9, symbol AUDCHF
2025-06-28 23:43:55,605 - sltp - WARNING - [SLTP_CHECK] No adjusted price available for AUDCHF in group Group B
2025-06-28 23:43:55,605 - sltp - INFO - [SLTP_CHECK] Processing demo order 8909351175 for symbol AUDCAD
2025-06-28 23:43:55,605 - sltp - INFO - [SLTP_CHECK] Processing demo order 8909351175 for user 10, symbol AUDCAD
2025-06-28 23:43:55,621 - sltp - WARNING - [SLTP_CHECK] No adjusted price available for AUDCAD in group Group B
2025-06-28 23:43:55,622 - sltp - INFO - [SLTP_CHECK] Processing demo order 2371146888 for symbol AUDCAD
2025-06-28 23:43:55,622 - sltp - INFO - [SLTP_CHECK] Processing demo order 2371146888 for user 10, symbol AUDCAD
2025-06-28 23:43:55,657 - sltp - WARNING - [SLTP_CHECK] No adjusted price available for AUDCAD in group Group B
2025-06-28 23:43:55,657 - sltp - INFO - [SLTP_CHECK] Processing demo order 3305059370 for symbol AUDCAD
2025-06-28 23:43:55,657 - sltp - INFO - [SLTP_CHECK] Processing demo order 3305059370 for user 10, symbol AUDCAD
2025-06-28 23:43:55,680 - sltp - WARNING - [SLTP_CHECK] No adjusted price available for AUDCAD in group Group B
2025-06-28 23:43:55,680 - sltp - INFO - [SLTP_CHECK] Completed SL/TP check cycle
