2025-07-08 09:37:02,044 - INFO - websocket - Redis publisher task started. Publishing to channel 'market_data_updates'.
2025-07-08 09:37:02,421 - INFO - websocket - --- MINIMAL TEST: ENTERED websocket_endpoint --- Connection ID: 127.0.0.1:61211-1751992622421
2025-07-08 09:37:02,422 - INFO - websocket - WebSocket connection accepted (early) for 127.0.0.1:61211 in 0.001s
2025-07-08 09:37:02,424 - DEBUG - websocket - User 0: Successfully sent loading message
2025-07-08 09:37:02,425 - INFO - websocket - WebSocket auth: token payload={'sub': '1', 'user_type': 'demo', 'account_number': '5O42G', 'exp': 1751992626, 'iat': 1751990826}, account_number=5O42G, user_type=demo
2025-07-08 09:37:02,425 - INFO - websocket - WebSocket auth: About to call get_demo_user_by_account_number with account_number=5O42G, user_type=demo
2025-07-08 09:37:02,452 - INFO - websocket - WebSocket auth: get_demo_user_by_account_number(5O42G, demo) returned: <app.database.models.DemoUser object at 0x000001DC987F34D0>
2025-07-08 09:37:08,221 - INFO - websocket - [WS] Using order model: DemoUserOrder for user_type=demo, account_number=5O42G
2025-07-08 09:37:08,231 - INFO - websocket - [WS] Open positions from DB for user_id=1: [<app.database.models.DemoUserOrder object at 0x000001DC9884EE40>, <app.database.models.DemoUserOrder object at 0x000001DC9885A350>]
2025-07-08 09:37:17,164 - DEBUG - websocket - Cached/updated group-symbol settings for group 'Group B'.
2025-07-08 09:37:17,168 - INFO - websocket - User 1: Fetched 2 open orders directly from database
2025-07-08 09:37:17,174 - INFO - websocket - User 1: Fetched 1 pending orders directly from database
2025-07-08 09:37:17,175 - INFO - websocket - User 1: Updated static orders cache with 2 open orders and 1 pending orders
2025-07-08 09:37:17,187 - INFO - websocket - User 5O42G: Fetching initial market data for 79 symbols from cache (adjusted or last known price)
2025-07-08 09:37:17,190 - DEBUG - websocket - User 5O42G: Fallback last price for SGDJPY: Buy=114.6465000000, Sell=114.5995000000
2025-07-08 09:37:17,193 - DEBUG - websocket - User 5O42G: Fallback last price for EURNZD: Buy=1.9538450000, Sell=1.9534350000
2025-07-08 09:37:17,195 - DEBUG - websocket - User 5O42G: Fallback last price for EURJPY: Buy=171.8445000000, Sell=171.8125000000
2025-07-08 09:37:17,196 - DEBUG - websocket - User 5O42G: Fallback last price for US30: Buy=44290.5000000000, Sell=44288.7000000000
2025-07-08 09:37:17,197 - DEBUG - websocket - User 5O42G: Fallback last price for EURGBP: Buy=0.8628500000, Sell=0.8625200000
2025-07-08 09:37:17,198 - DEBUG - websocket - User 5O42G: Fallback last price for BTCUSD: Buy=108300.0000000000, Sell=108199.9000000000
2025-07-08 09:37:17,200 - DEBUG - websocket - User 5O42G: Fallback last price for NOKSEK: Buy=0.9447950000, Sell=0.9443750000
2025-07-08 09:37:17,202 - DEBUG - websocket - User 5O42G: Fallback last price for EURUSD: Buy=1.1705200000, Sell=1.1703500000
2025-07-08 09:37:17,203 - DEBUG - websocket - User 5O42G: Fallback last price for GBPNOK: Buy=13.7220500000, Sell=13.7180500000
2025-07-08 09:37:17,204 - DEBUG - websocket - User 5O42G: Fallback last price for USDCAD: Buy=1.3678700000, Sell=1.3675700000
2025-07-08 09:37:17,205 - DEBUG - websocket - User 5O42G: Fallback last price for USDJPY: Buy=146.8570000000, Sell=146.7520000000
2025-07-08 09:37:17,207 - DEBUG - websocket - User 5O42G: Fallback last price for GBPSEK: Buy=12.9602500000, Sell=12.9567500000
2025-07-08 09:37:17,215 - DEBUG - websocket - User 5O42G: Fallback last price for JP225: Buy=39974.1100000000, Sell=39970.1100000000
2025-07-08 09:37:17,219 - DEBUG - websocket - User 5O42G: Fallback last price for EURZAR: Buy=20.8932500000, Sell=20.8853500000
2025-07-08 09:37:17,222 - DEBUG - websocket - User 5O42G: Fallback last price for D30: Buy=24221.8700000000, Sell=24221.8700000000
2025-07-08 09:37:17,224 - DEBUG - websocket - User 5O42G: Fallback last price for CADCHF: Buy=0.5829350000, Sell=0.5826450000
2025-07-08 09:37:17,225 - DEBUG - websocket - User 5O42G: Fallback last price for GBPUSD: Buy=1.3568800000, Sell=1.3566700000
2025-07-08 09:37:17,226 - DEBUG - websocket - User 5O42G: Fallback last price for NZDUSD: Buy=0.5992700000, Sell=0.5989700000
2025-07-08 09:37:17,231 - DEBUG - websocket - User 5O42G: Fallback last price for USDCNH: Buy=7.1822500000, Sell=7.1819300000
2025-07-08 09:37:17,232 - DEBUG - websocket - User 5O42G: Fallback last price for CHFSGD: Buy=1.6071750000, Sell=1.6067150000
2025-07-08 09:37:17,237 - DEBUG - websocket - User 5O42G: Fallback last price for AUDJPY: Buy=95.7950000000, Sell=95.6890000000
2025-07-08 09:37:17,240 - DEBUG - websocket - User 5O42G: Fallback last price for AUDCHF: Buy=0.5200300000, Sell=0.5195700000
2025-07-08 09:37:17,243 - DEBUG - websocket - User 5O42G: Fallback last price for CHFJPY: Buy=184.2150000000, Sell=184.1650000000
2025-07-08 09:37:17,246 - DEBUG - websocket - User 5O42G: Fallback last price for XAGUSD: Buy=36.4360000000, Sell=36.4000000000
2025-07-08 09:37:17,248 - DEBUG - websocket - User 5O42G: Fallback last price for EURSGD: Buy=1.4993650000, Sell=1.4990050000
2025-07-08 09:37:17,250 - DEBUG - websocket - User 5O42G: Fallback last price for USDNOK: Buy=10.1133800000, Sell=10.1116800000
2025-07-08 09:37:17,251 - DEBUG - websocket - User 5O42G: Fallback last price for USDCHF: Buy=0.7971900000, Sell=0.7968600000
2025-07-08 09:37:17,253 - DEBUG - websocket - User 5O42G: Fallback last price for EURCHF: Buy=0.9330500000, Sell=0.9327100000
2025-07-08 09:37:17,254 - DEBUG - websocket - User 5O42G: Fallback last price for EURAUD: Buy=1.7949200000, Sell=1.7945300000
2025-07-08 09:37:17,257 - DEBUG - websocket - User 5O42G: Fallback last price for USDZAR: Buy=17.8500000000, Sell=17.8443200000
2025-07-08 09:37:17,259 - DEBUG - websocket - User 5O42G: Fallback last price for AUDUSD: Buy=0.6523400000, Sell=0.6520300000
2025-07-08 09:37:17,260 - DEBUG - websocket - User 5O42G: Fallback last price for EURNOK: Buy=11.8370500000, Sell=11.8346500000
2025-07-08 09:37:17,262 - DEBUG - websocket - User 5O42G: Fallback last price for AUDCAD: Buy=0.8920000000, Sell=0.8919600000
2025-07-08 09:37:17,264 - DEBUG - websocket - User 5O42G: Fallback last price for NZDJPY: Buy=87.9685000000, Sell=87.9375000000
2025-07-08 09:37:17,267 - DEBUG - websocket - User 5O42G: Fallback last price for EURPLN: Buy=4.2426400000, Sell=4.2412200000
2025-07-08 09:37:17,275 - DEBUG - websocket - User 5O42G: Fallback last price for USDTRY: Buy=40.0257100000, Sell=40.0214100000
2025-07-08 09:37:17,278 - DEBUG - websocket - User 5O42G: Fallback last price for USDCZK: Buy=21.1000000000, Sell=21.0300000000
2025-07-08 09:37:17,280 - DEBUG - websocket - User 5O42G: Fallback last price for EURCAD: Buy=1.6009400000, Sell=1.6007100000
2025-07-08 09:37:17,282 - DEBUG - websocket - User 5O42G: Fallback last price for USDSEK: Buy=9.5519000000, Sell=9.5505000000
2025-07-08 09:37:17,283 - DEBUG - websocket - User 5O42G: Fallback last price for USDSGD: Buy=1.2809500000, Sell=1.2806000000
2025-07-08 09:37:17,285 - DEBUG - websocket - User 5O42G: Fallback last price for CADJPY: Buy=107.3535000000, Sell=107.3225000000
2025-07-08 09:37:17,288 - DEBUG - websocket - User 5O42G: Fallback last price for GBPAUD: Buy=2.0804700000, Sell=2.0801100000
2025-07-08 09:37:17,289 - DEBUG - websocket - User 5O42G: Fallback last price for GBPNZD: Buy=2.2649200000, Sell=2.2643800000
2025-07-08 09:37:17,290 - DEBUG - websocket - User 5O42G: Fallback last price for NZDCAD: Buy=0.8195800000, Sell=0.8192000000
2025-07-08 09:37:17,291 - DEBUG - websocket - User 5O42G: Fallback last price for EURSEK: Buy=11.1791800000, Sell=11.1766600000
2025-07-08 09:37:17,295 - INFO - websocket - User 1: WebSocket disconnected while sending initial connection data
2025-07-08 09:37:17,295 - WARNING - websocket - User 5O42G: Failed to send initial connection data, connection may be closed
2025-07-08 09:37:19,346 - DEBUG - websocket - Checking 1 users with BUY_LIMIT orders for symbol CADJPY
2025-07-08 09:37:19,362 - DEBUG - websocket - Checking 1 users with BUY_LIMIT orders for symbol AUDCAD
2025-07-08 09:37:19,375 - DEBUG - websocket - Checking 1 users with SELL_LIMIT orders for symbol AUDCAD
2025-07-08 09:37:19,508 - DEBUG - websocket - Checking 1 users with BUY_LIMIT orders for symbol CADJPY
2025-07-08 09:37:19,525 - DEBUG - websocket - Checking 1 users with BUY_LIMIT orders for symbol AUDCAD
2025-07-08 09:37:19,526 - DEBUG - websocket - Checking 1 users with SELL_LIMIT orders for symbol AUDCAD
2025-07-08 09:37:19,709 - DEBUG - websocket - Checking 1 users with BUY_LIMIT orders for symbol CADJPY
2025-07-08 09:37:19,717 - DEBUG - websocket - Checking 1 users with BUY_LIMIT orders for symbol AUDCAD
2025-07-08 09:37:19,718 - DEBUG - websocket - Checking 1 users with SELL_LIMIT orders for symbol AUDCAD
2025-07-08 09:37:19,845 - DEBUG - websocket - Checking 1 users with BUY_LIMIT orders for symbol CADJPY
2025-07-08 09:37:19,854 - DEBUG - websocket - Checking 1 users with BUY_LIMIT orders for symbol AUDCAD
2025-07-08 09:37:19,857 - DEBUG - websocket - Checking 1 users with SELL_LIMIT orders for symbol AUDCAD
2025-07-08 09:37:20,005 - DEBUG - websocket - Checking 1 users with BUY_LIMIT orders for symbol CADJPY
2025-07-08 09:37:20,019 - DEBUG - websocket - Checking 1 users with BUY_LIMIT orders for symbol AUDCAD
2025-07-08 09:37:20,021 - DEBUG - websocket - Checking 1 users with SELL_LIMIT orders for symbol AUDCAD
2025-07-08 09:37:20,394 - DEBUG - websocket - Checking 1 users with BUY_LIMIT orders for symbol CADJPY
2025-07-08 09:37:20,427 - DEBUG - websocket - Checking 1 users with BUY_LIMIT orders for symbol AUDCAD
2025-07-08 09:37:20,431 - DEBUG - websocket - Checking 1 users with SELL_LIMIT orders for symbol AUDCAD
2025-07-08 09:37:20,747 - DEBUG - websocket - Checking 1 users with BUY_LIMIT orders for symbol CADJPY
2025-07-08 09:37:20,759 - DEBUG - websocket - Checking 1 users with BUY_LIMIT orders for symbol AUDCAD
2025-07-08 09:37:20,760 - DEBUG - websocket - Checking 1 users with SELL_LIMIT orders for symbol AUDCAD
2025-07-08 09:37:20,877 - DEBUG - websocket - Checking 1 users with BUY_LIMIT orders for symbol CADJPY
2025-07-08 09:37:20,884 - DEBUG - websocket - Checking 1 users with BUY_LIMIT orders for symbol AUDCAD
2025-07-08 09:37:20,885 - DEBUG - websocket - Checking 1 users with SELL_LIMIT orders for symbol AUDCAD
2025-07-08 09:37:20,970 - INFO - websocket - --- MINIMAL TEST: ENTERED websocket_endpoint --- Connection ID: 127.0.0.1:61302-1751992640970
2025-07-08 09:37:20,972 - INFO - websocket - WebSocket connection accepted (early) for 127.0.0.1:61302 in 0.001s
2025-07-08 09:37:20,980 - DEBUG - websocket - User 0: Successfully sent loading message
2025-07-08 09:37:20,981 - INFO - websocket - WebSocket auth: token payload={'sub': '1', 'user_type': 'demo', 'account_number': '5O42G', 'exp': 1751994438, 'iat': 1751992638}, account_number=5O42G, user_type=demo
2025-07-08 09:37:20,981 - INFO - websocket - WebSocket auth: About to call get_demo_user_by_account_number with account_number=5O42G, user_type=demo
2025-07-08 09:37:20,995 - INFO - websocket - WebSocket auth: get_demo_user_by_account_number(5O42G, demo) returned: <app.database.models.DemoUser object at 0x000001DC990C8FC0>
2025-07-08 09:37:21,010 - INFO - websocket - [WS] Using order model: DemoUserOrder for user_type=demo, account_number=5O42G
2025-07-08 09:37:21,026 - INFO - websocket - [WS] Open positions from DB for user_id=1: [<app.database.models.DemoUserOrder object at 0x000001DC99078F50>, <app.database.models.DemoUserOrder object at 0x000001DC99078690>]
2025-07-08 09:37:21,458 - DEBUG - websocket - Checking 1 users with BUY_LIMIT orders for symbol CADJPY
2025-07-08 09:37:21,507 - DEBUG - websocket - Checking 1 users with BUY_LIMIT orders for symbol AUDCAD
2025-07-08 09:37:21,508 - DEBUG - websocket - Checking 1 users with SELL_LIMIT orders for symbol AUDCAD
2025-07-08 09:37:21,949 - DEBUG - websocket - Cached/updated group-symbol settings for group 'Group B'.
2025-07-08 09:37:21,956 - INFO - websocket - User 1: Fetched 2 open orders directly from database
2025-07-08 09:37:21,964 - INFO - websocket - User 1: Fetched 1 pending orders directly from database
2025-07-08 09:37:21,966 - INFO - websocket - User 1: Updated static orders cache with 2 open orders and 1 pending orders
2025-07-08 09:37:21,991 - INFO - websocket - User 5O42G: Fetching initial market data for 79 symbols from cache (adjusted or last known price)
2025-07-08 09:37:22,048 - DEBUG - websocket - Checking 1 users with BUY_LIMIT orders for symbol CADJPY
2025-07-08 09:37:22,061 - DEBUG - websocket - Checking 1 users with BUY_LIMIT orders for symbol AUDCAD
2025-07-08 09:37:22,064 - DEBUG - websocket - Checking 1 users with SELL_LIMIT orders for symbol AUDCAD
2025-07-08 09:37:22,084 - DEBUG - websocket - User 1: Successfully sent initial connection data
2025-07-08 09:37:22,084 - INFO - websocket - User 5O42G: Sent initial connection data with 48 symbols (fresh from cache)
2025-07-08 09:37:22,218 - DEBUG - websocket - Checking 1 users with BUY_LIMIT orders for symbol CADJPY
2025-07-08 09:37:22,226 - DEBUG - websocket - Checking 1 users with BUY_LIMIT orders for symbol AUDCAD
2025-07-08 09:37:22,227 - DEBUG - websocket - Checking 1 users with SELL_LIMIT orders for symbol AUDCAD
2025-07-08 09:37:22,352 - DEBUG - websocket - Checking 1 users with BUY_LIMIT orders for symbol CADJPY
2025-07-08 09:37:22,359 - DEBUG - websocket - Checking 1 users with BUY_LIMIT orders for symbol AUDCAD
2025-07-08 09:37:22,360 - DEBUG - websocket - Checking 1 users with SELL_LIMIT orders for symbol AUDCAD
2025-07-08 09:37:22,468 - DEBUG - websocket - Checking 1 users with BUY_LIMIT orders for symbol CADJPY
2025-07-08 09:37:22,478 - DEBUG - websocket - Checking 1 users with BUY_LIMIT orders for symbol AUDCAD
2025-07-08 09:37:22,479 - DEBUG - websocket - Checking 1 users with SELL_LIMIT orders for symbol AUDCAD
2025-07-08 09:37:22,630 - DEBUG - websocket - Checking 1 users with BUY_LIMIT orders for symbol CADJPY
2025-07-08 09:37:22,638 - DEBUG - websocket - Checking 1 users with BUY_LIMIT orders for symbol AUDCAD
2025-07-08 09:37:22,640 - DEBUG - websocket - Checking 1 users with SELL_LIMIT orders for symbol AUDCAD
2025-07-08 09:37:22,808 - DEBUG - websocket - Checking 1 users with BUY_LIMIT orders for symbol CADJPY
2025-07-08 09:37:22,817 - DEBUG - websocket - Checking 1 users with BUY_LIMIT orders for symbol AUDCAD
2025-07-08 09:37:22,818 - DEBUG - websocket - Checking 1 users with SELL_LIMIT orders for symbol AUDCAD
2025-07-08 09:37:22,944 - DEBUG - websocket - Checking 1 users with BUY_LIMIT orders for symbol CADJPY
2025-07-08 09:37:22,954 - DEBUG - websocket - Checking 1 users with BUY_LIMIT orders for symbol AUDCAD
2025-07-08 09:37:22,955 - DEBUG - websocket - Checking 1 users with SELL_LIMIT orders for symbol AUDCAD
2025-07-08 09:37:23,144 - DEBUG - websocket - Checking 1 users with BUY_LIMIT orders for symbol CADJPY
2025-07-08 09:37:23,158 - DEBUG - websocket - Checking 1 users with BUY_LIMIT orders for symbol AUDCAD
2025-07-08 09:37:23,160 - DEBUG - websocket - Checking 1 users with SELL_LIMIT orders for symbol AUDCAD
2025-07-08 09:37:23,368 - DEBUG - websocket - User 1: Successfully sent market update
2025-07-08 09:37:23,453 - DEBUG - websocket - Checking 1 users with BUY_LIMIT orders for symbol CADJPY
2025-07-08 09:37:23,464 - DEBUG - websocket - Checking 1 users with BUY_LIMIT orders for symbol AUDCAD
2025-07-08 09:37:23,465 - DEBUG - websocket - Checking 1 users with SELL_LIMIT orders for symbol AUDCAD
2025-07-08 09:37:23,620 - DEBUG - websocket - Checking 1 users with BUY_LIMIT orders for symbol CADJPY
2025-07-08 09:37:23,627 - DEBUG - websocket - Checking 1 users with BUY_LIMIT orders for symbol AUDCAD
2025-07-08 09:37:23,628 - DEBUG - websocket - Checking 1 users with SELL_LIMIT orders for symbol AUDCAD
2025-07-08 09:37:23,768 - DEBUG - websocket - Checking 1 users with BUY_LIMIT orders for symbol CADJPY
2025-07-08 09:37:23,778 - DEBUG - websocket - Checking 1 users with BUY_LIMIT orders for symbol AUDCAD
2025-07-08 09:37:23,779 - DEBUG - websocket - Checking 1 users with SELL_LIMIT orders for symbol AUDCAD
2025-07-08 09:37:23,895 - DEBUG - websocket - Checking 1 users with BUY_LIMIT orders for symbol CADJPY
2025-07-08 09:37:23,903 - DEBUG - websocket - Checking 1 users with BUY_LIMIT orders for symbol AUDCAD
2025-07-08 09:37:23,904 - DEBUG - websocket - Checking 1 users with SELL_LIMIT orders for symbol AUDCAD
2025-07-08 09:37:24,002 - DEBUG - websocket - Checking 1 users with BUY_LIMIT orders for symbol CADJPY
2025-07-08 09:37:24,010 - DEBUG - websocket - Checking 1 users with BUY_LIMIT orders for symbol AUDCAD
2025-07-08 09:37:24,011 - DEBUG - websocket - Checking 1 users with SELL_LIMIT orders for symbol AUDCAD
2025-07-08 09:37:24,088 - DEBUG - websocket - Checking 1 users with BUY_LIMIT orders for symbol CADJPY
2025-07-08 09:37:24,093 - DEBUG - websocket - Checking 1 users with BUY_LIMIT orders for symbol AUDCAD
2025-07-08 09:37:24,094 - DEBUG - websocket - Checking 1 users with SELL_LIMIT orders for symbol AUDCAD
2025-07-08 09:37:24,164 - DEBUG - websocket - Checking 1 users with BUY_LIMIT orders for symbol CADJPY
2025-07-08 09:37:24,168 - DEBUG - websocket - Checking 1 users with BUY_LIMIT orders for symbol AUDCAD
2025-07-08 09:37:24,169 - DEBUG - websocket - Checking 1 users with SELL_LIMIT orders for symbol AUDCAD
2025-07-08 09:37:24,245 - DEBUG - websocket - Checking 1 users with BUY_LIMIT orders for symbol CADJPY
2025-07-08 09:37:24,252 - DEBUG - websocket - Checking 1 users with BUY_LIMIT orders for symbol AUDCAD
2025-07-08 09:37:24,253 - DEBUG - websocket - Checking 1 users with SELL_LIMIT orders for symbol AUDCAD
2025-07-08 09:37:24,330 - DEBUG - websocket - Checking 1 users with BUY_LIMIT orders for symbol CADJPY
2025-07-08 09:37:24,334 - DEBUG - websocket - Checking 1 users with BUY_LIMIT orders for symbol AUDCAD
2025-07-08 09:37:24,336 - DEBUG - websocket - Checking 1 users with SELL_LIMIT orders for symbol AUDCAD
2025-07-08 09:37:24,415 - DEBUG - websocket - Checking 1 users with BUY_LIMIT orders for symbol CADJPY
2025-07-08 09:37:24,420 - DEBUG - websocket - Checking 1 users with BUY_LIMIT orders for symbol AUDCAD
2025-07-08 09:37:24,421 - DEBUG - websocket - Checking 1 users with SELL_LIMIT orders for symbol AUDCAD
2025-07-08 09:37:24,559 - DEBUG - websocket - Checking 1 users with BUY_LIMIT orders for symbol CADJPY
2025-07-08 09:37:24,568 - DEBUG - websocket - Checking 1 users with BUY_LIMIT orders for symbol AUDCAD
2025-07-08 09:37:24,570 - DEBUG - websocket - Checking 1 users with SELL_LIMIT orders for symbol AUDCAD
2025-07-08 09:37:24,735 - DEBUG - websocket - Checking 1 users with BUY_LIMIT orders for symbol CADJPY
2025-07-08 09:37:24,746 - DEBUG - websocket - Checking 1 users with BUY_LIMIT orders for symbol AUDCAD
2025-07-08 09:37:24,747 - DEBUG - websocket - Checking 1 users with SELL_LIMIT orders for symbol AUDCAD
2025-07-08 09:37:24,900 - DEBUG - websocket - Checking 1 users with BUY_LIMIT orders for symbol CADJPY
2025-07-08 09:37:24,911 - DEBUG - websocket - Checking 1 users with BUY_LIMIT orders for symbol AUDCAD
2025-07-08 09:37:24,911 - DEBUG - websocket - Checking 1 users with SELL_LIMIT orders for symbol AUDCAD
2025-07-08 09:37:25,013 - DEBUG - websocket - Checking 1 users with BUY_LIMIT orders for symbol CADJPY
2025-07-08 09:37:25,019 - DEBUG - websocket - Checking 1 users with BUY_LIMIT orders for symbol AUDCAD
2025-07-08 09:37:25,019 - DEBUG - websocket - Checking 1 users with SELL_LIMIT orders for symbol AUDCAD
2025-07-08 09:37:25,104 - DEBUG - websocket - Checking 1 users with BUY_LIMIT orders for symbol CADJPY
2025-07-08 09:37:25,108 - DEBUG - websocket - Checking 1 users with BUY_LIMIT orders for symbol AUDCAD
2025-07-08 09:37:25,109 - DEBUG - websocket - Checking 1 users with SELL_LIMIT orders for symbol AUDCAD
2025-07-08 09:37:25,226 - DEBUG - websocket - Checking 1 users with BUY_LIMIT orders for symbol CADJPY
2025-07-08 09:37:25,235 - DEBUG - websocket - Checking 1 users with BUY_LIMIT orders for symbol AUDCAD
2025-07-08 09:37:25,236 - DEBUG - websocket - Checking 1 users with SELL_LIMIT orders for symbol AUDCAD
2025-07-08 09:37:25,378 - DEBUG - websocket - Checking 1 users with BUY_LIMIT orders for symbol CADJPY
2025-07-08 09:37:25,386 - DEBUG - websocket - Checking 1 users with BUY_LIMIT orders for symbol AUDCAD
2025-07-08 09:37:25,387 - DEBUG - websocket - Checking 1 users with SELL_LIMIT orders for symbol AUDCAD
2025-07-08 09:37:25,518 - DEBUG - websocket - Checking 1 users with BUY_LIMIT orders for symbol CADJPY
2025-07-08 09:37:25,531 - DEBUG - websocket - Checking 1 users with BUY_LIMIT orders for symbol AUDCAD
2025-07-08 09:37:25,532 - DEBUG - websocket - Checking 1 users with SELL_LIMIT orders for symbol AUDCAD
2025-07-08 09:37:25,622 - DEBUG - websocket - User 1: Successfully sent market update
2025-07-08 09:37:25,722 - DEBUG - websocket - Checking 1 users with BUY_LIMIT orders for symbol CADJPY
2025-07-08 09:37:25,727 - DEBUG - websocket - Checking 1 users with BUY_LIMIT orders for symbol AUDCAD
2025-07-08 09:37:25,728 - DEBUG - websocket - Checking 1 users with SELL_LIMIT orders for symbol AUDCAD
2025-07-08 09:37:25,842 - DEBUG - websocket - Checking 1 users with BUY_LIMIT orders for symbol CADJPY
2025-07-08 09:37:25,848 - DEBUG - websocket - Checking 1 users with BUY_LIMIT orders for symbol AUDCAD
2025-07-08 09:37:25,849 - DEBUG - websocket - Checking 1 users with SELL_LIMIT orders for symbol AUDCAD
2025-07-08 09:37:25,941 - DEBUG - websocket - Checking 1 users with BUY_LIMIT orders for symbol CADJPY
2025-07-08 09:37:25,945 - DEBUG - websocket - Checking 1 users with BUY_LIMIT orders for symbol AUDCAD
2025-07-08 09:37:25,946 - DEBUG - websocket - Checking 1 users with SELL_LIMIT orders for symbol AUDCAD
2025-07-08 09:37:26,042 - DEBUG - websocket - Checking 1 users with BUY_LIMIT orders for symbol CADJPY
2025-07-08 09:37:26,047 - DEBUG - websocket - Checking 1 users with BUY_LIMIT orders for symbol AUDCAD
2025-07-08 09:37:26,048 - DEBUG - websocket - Checking 1 users with SELL_LIMIT orders for symbol AUDCAD
2025-07-08 09:37:26,177 - DEBUG - websocket - Checking 1 users with BUY_LIMIT orders for symbol CADJPY
2025-07-08 09:37:26,189 - DEBUG - websocket - Checking 1 users with BUY_LIMIT orders for symbol AUDCAD
2025-07-08 09:37:26,191 - DEBUG - websocket - Checking 1 users with SELL_LIMIT orders for symbol AUDCAD
2025-07-08 09:37:26,317 - DEBUG - websocket - Checking 1 users with BUY_LIMIT orders for symbol CADJPY
2025-07-08 09:37:26,321 - DEBUG - websocket - Checking 1 users with BUY_LIMIT orders for symbol AUDCAD
2025-07-08 09:37:26,322 - DEBUG - websocket - Checking 1 users with SELL_LIMIT orders for symbol AUDCAD
2025-07-08 09:37:26,418 - DEBUG - websocket - Checking 1 users with BUY_LIMIT orders for symbol CADJPY
2025-07-08 09:37:26,424 - DEBUG - websocket - Checking 1 users with BUY_LIMIT orders for symbol AUDCAD
2025-07-08 09:37:26,425 - DEBUG - websocket - Checking 1 users with SELL_LIMIT orders for symbol AUDCAD
2025-07-08 09:37:26,509 - DEBUG - websocket - Checking 1 users with BUY_LIMIT orders for symbol CADJPY
2025-07-08 09:37:26,513 - DEBUG - websocket - Checking 1 users with BUY_LIMIT orders for symbol AUDCAD
2025-07-08 09:37:26,513 - DEBUG - websocket - Checking 1 users with SELL_LIMIT orders for symbol AUDCAD
2025-07-08 09:37:26,554 - DEBUG - websocket - Checking 1 users with BUY_LIMIT orders for symbol CADJPY
2025-07-08 09:37:26,556 - DEBUG - websocket - Checking 1 users with BUY_LIMIT orders for symbol AUDCAD
2025-07-08 09:37:26,556 - DEBUG - websocket - Checking 1 users with SELL_LIMIT orders for symbol AUDCAD
2025-07-08 09:37:26,595 - DEBUG - websocket - Checking 1 users with BUY_LIMIT orders for symbol CADJPY
2025-07-08 09:37:26,599 - DEBUG - websocket - Checking 1 users with BUY_LIMIT orders for symbol AUDCAD
2025-07-08 09:37:26,600 - DEBUG - websocket - Checking 1 users with SELL_LIMIT orders for symbol AUDCAD
2025-07-08 09:37:26,681 - DEBUG - websocket - Checking 1 users with BUY_LIMIT orders for symbol CADJPY
2025-07-08 09:37:26,689 - DEBUG - websocket - Checking 1 users with BUY_LIMIT orders for symbol AUDCAD
2025-07-08 09:37:26,689 - DEBUG - websocket - Checking 1 users with SELL_LIMIT orders for symbol AUDCAD
2025-07-08 09:37:26,841 - DEBUG - websocket - Checking 1 users with BUY_LIMIT orders for symbol CADJPY
2025-07-08 09:37:26,850 - DEBUG - websocket - Checking 1 users with BUY_LIMIT orders for symbol AUDCAD
2025-07-08 09:37:26,850 - DEBUG - websocket - Checking 1 users with SELL_LIMIT orders for symbol AUDCAD
2025-07-08 09:37:26,993 - DEBUG - websocket - Checking 1 users with BUY_LIMIT orders for symbol CADJPY
2025-07-08 09:37:27,003 - DEBUG - websocket - Checking 1 users with BUY_LIMIT orders for symbol AUDCAD
2025-07-08 09:37:27,003 - DEBUG - websocket - Checking 1 users with SELL_LIMIT orders for symbol AUDCAD
2025-07-08 09:37:27,153 - DEBUG - websocket - Checking 1 users with BUY_LIMIT orders for symbol CADJPY
2025-07-08 09:37:27,163 - DEBUG - websocket - Checking 1 users with BUY_LIMIT orders for symbol AUDCAD
2025-07-08 09:37:27,164 - DEBUG - websocket - Checking 1 users with SELL_LIMIT orders for symbol AUDCAD
2025-07-08 09:37:27,300 - DEBUG - websocket - Checking 1 users with BUY_LIMIT orders for symbol CADJPY
2025-07-08 09:37:27,308 - DEBUG - websocket - Checking 1 users with BUY_LIMIT orders for symbol AUDCAD
2025-07-08 09:37:27,308 - DEBUG - websocket - Checking 1 users with SELL_LIMIT orders for symbol AUDCAD
2025-07-08 09:37:27,433 - DEBUG - websocket - Checking 1 users with BUY_LIMIT orders for symbol CADJPY
2025-07-08 09:37:27,442 - DEBUG - websocket - Checking 1 users with BUY_LIMIT orders for symbol AUDCAD
2025-07-08 09:37:27,443 - DEBUG - websocket - Checking 1 users with SELL_LIMIT orders for symbol AUDCAD
2025-07-08 09:37:27,870 - DEBUG - websocket - User 1: Successfully sent market update
2025-07-08 09:37:28,522 - DEBUG - websocket - Checking 1 users with BUY_LIMIT orders for symbol AUDCAD
2025-07-08 09:37:28,522 - DEBUG - websocket - Checking 1 users with SELL_LIMIT orders for symbol AUDCAD
2025-07-08 09:37:28,543 - DEBUG - websocket - Checking 1 users with BUY_LIMIT orders for symbol CADJPY
2025-07-08 09:37:28,644 - DEBUG - websocket - Checking 1 users with BUY_LIMIT orders for symbol AUDCAD
2025-07-08 09:37:28,645 - DEBUG - websocket - Checking 1 users with SELL_LIMIT orders for symbol AUDCAD
2025-07-08 09:37:28,651 - DEBUG - websocket - Checking 1 users with BUY_LIMIT orders for symbol CADJPY
2025-07-08 09:37:28,694 - DEBUG - websocket - Checking 1 users with BUY_LIMIT orders for symbol AUDCAD
2025-07-08 09:37:28,694 - DEBUG - websocket - Checking 1 users with SELL_LIMIT orders for symbol AUDCAD
2025-07-08 09:37:28,701 - DEBUG - websocket - Checking 1 users with BUY_LIMIT orders for symbol CADJPY
2025-07-08 09:37:28,763 - DEBUG - websocket - Checking 1 users with BUY_LIMIT orders for symbol AUDCAD
2025-07-08 09:37:28,764 - DEBUG - websocket - Checking 1 users with SELL_LIMIT orders for symbol AUDCAD
2025-07-08 09:37:28,780 - DEBUG - websocket - Checking 1 users with BUY_LIMIT orders for symbol CADJPY
2025-07-08 09:37:28,872 - DEBUG - websocket - Checking 1 users with BUY_LIMIT orders for symbol AUDCAD
2025-07-08 09:37:28,872 - DEBUG - websocket - Checking 1 users with SELL_LIMIT orders for symbol AUDCAD
2025-07-08 09:37:28,885 - DEBUG - websocket - Checking 1 users with BUY_LIMIT orders for symbol CADJPY
2025-07-08 09:37:28,969 - DEBUG - websocket - Checking 1 users with BUY_LIMIT orders for symbol AUDCAD
2025-07-08 09:37:28,969 - DEBUG - websocket - Checking 1 users with SELL_LIMIT orders for symbol AUDCAD
2025-07-08 09:37:28,988 - DEBUG - websocket - Checking 1 users with BUY_LIMIT orders for symbol CADJPY
2025-07-08 09:37:29,118 - DEBUG - websocket - Checking 1 users with BUY_LIMIT orders for symbol AUDCAD
2025-07-08 09:37:29,118 - DEBUG - websocket - Checking 1 users with SELL_LIMIT orders for symbol AUDCAD
2025-07-08 09:37:29,141 - DEBUG - websocket - Checking 1 users with BUY_LIMIT orders for symbol CADJPY
2025-07-08 09:37:29,273 - DEBUG - websocket - Checking 1 users with BUY_LIMIT orders for symbol AUDCAD
2025-07-08 09:37:29,274 - DEBUG - websocket - Checking 1 users with SELL_LIMIT orders for symbol AUDCAD
2025-07-08 09:37:29,302 - DEBUG - websocket - Checking 1 users with BUY_LIMIT orders for symbol CADJPY
2025-07-08 09:37:29,440 - DEBUG - websocket - Checking 1 users with BUY_LIMIT orders for symbol AUDCAD
2025-07-08 09:37:29,441 - DEBUG - websocket - Checking 1 users with SELL_LIMIT orders for symbol AUDCAD
2025-07-08 09:37:29,466 - DEBUG - websocket - Checking 1 users with BUY_LIMIT orders for symbol CADJPY
2025-07-08 09:37:29,586 - DEBUG - websocket - Checking 1 users with BUY_LIMIT orders for symbol AUDCAD
2025-07-08 09:37:29,587 - DEBUG - websocket - Checking 1 users with SELL_LIMIT orders for symbol AUDCAD
2025-07-08 09:37:29,613 - DEBUG - websocket - Checking 1 users with BUY_LIMIT orders for symbol CADJPY
2025-07-08 09:37:29,789 - DEBUG - websocket - User 1: Successfully sent order update
2025-07-08 09:37:29,799 - DEBUG - websocket - User 1: Successfully sent user data update
2025-07-08 09:37:29,810 - DEBUG - websocket - User 1: Successfully sent market update
2025-07-08 09:37:29,936 - DEBUG - websocket - Checking 1 users with BUY_LIMIT orders for symbol AUDCAD
2025-07-08 09:37:29,937 - DEBUG - websocket - Checking 1 users with SELL_LIMIT orders for symbol AUDCAD
2025-07-08 09:37:29,964 - DEBUG - websocket - Checking 1 users with BUY_LIMIT orders for symbol CADJPY
2025-07-08 09:37:30,158 - DEBUG - websocket - Checking 1 users with BUY_LIMIT orders for symbol AUDCAD
2025-07-08 09:37:30,160 - DEBUG - websocket - Checking 1 users with SELL_LIMIT orders for symbol AUDCAD
2025-07-08 09:37:30,177 - DEBUG - websocket - User 1: Successfully sent market update
2025-07-08 09:37:30,265 - DEBUG - websocket - Checking 1 users with BUY_LIMIT orders for symbol CADJPY
2025-07-08 09:37:30,510 - DEBUG - websocket - User 1: Successfully sent order update
2025-07-08 09:37:30,529 - DEBUG - websocket - User 1: Successfully sent user data update
2025-07-08 09:37:30,550 - DEBUG - websocket - User 1: Successfully sent market update
2025-07-08 09:37:30,648 - DEBUG - websocket - Checking 1 users with BUY_LIMIT orders for symbol AUDCAD
2025-07-08 09:37:30,649 - DEBUG - websocket - Checking 1 users with SELL_LIMIT orders for symbol AUDCAD
2025-07-08 09:37:30,677 - DEBUG - websocket - Checking 1 users with BUY_LIMIT orders for symbol CADJPY
2025-07-08 09:37:30,839 - DEBUG - websocket - Checking 1 users with BUY_LIMIT orders for symbol AUDCAD
2025-07-08 09:37:30,841 - DEBUG - websocket - Checking 1 users with SELL_LIMIT orders for symbol AUDCAD
2025-07-08 09:37:30,876 - DEBUG - websocket - Checking 1 users with BUY_LIMIT orders for symbol CADJPY
2025-07-08 09:37:31,017 - DEBUG - websocket - Checking 1 users with BUY_LIMIT orders for symbol AUDCAD
2025-07-08 09:37:31,018 - DEBUG - websocket - Checking 1 users with SELL_LIMIT orders for symbol AUDCAD
2025-07-08 09:37:31,037 - DEBUG - websocket - Checking 1 users with BUY_LIMIT orders for symbol CADJPY
2025-07-08 09:37:31,193 - DEBUG - websocket - Checking 1 users with BUY_LIMIT orders for symbol AUDCAD
2025-07-08 09:37:31,194 - DEBUG - websocket - Checking 1 users with SELL_LIMIT orders for symbol AUDCAD
2025-07-08 09:37:31,227 - DEBUG - websocket - Checking 1 users with BUY_LIMIT orders for symbol CADJPY
2025-07-08 09:37:31,387 - DEBUG - websocket - Checking 1 users with BUY_LIMIT orders for symbol AUDCAD
2025-07-08 09:37:31,388 - DEBUG - websocket - Checking 1 users with SELL_LIMIT orders for symbol AUDCAD
2025-07-08 09:37:31,414 - DEBUG - websocket - Checking 1 users with BUY_LIMIT orders for symbol CADJPY
2025-07-08 09:37:31,559 - DEBUG - websocket - Checking 1 users with BUY_LIMIT orders for symbol AUDCAD
2025-07-08 09:37:31,559 - DEBUG - websocket - Checking 1 users with SELL_LIMIT orders for symbol AUDCAD
2025-07-08 09:37:31,581 - DEBUG - websocket - Checking 1 users with BUY_LIMIT orders for symbol CADJPY
2025-07-08 09:37:31,699 - DEBUG - websocket - Checking 1 users with BUY_LIMIT orders for symbol AUDCAD
2025-07-08 09:37:31,700 - DEBUG - websocket - Checking 1 users with SELL_LIMIT orders for symbol AUDCAD
2025-07-08 09:37:31,724 - DEBUG - websocket - Checking 1 users with BUY_LIMIT orders for symbol CADJPY
2025-07-08 09:37:31,830 - DEBUG - websocket - Checking 1 users with BUY_LIMIT orders for symbol AUDCAD
2025-07-08 09:37:31,831 - DEBUG - websocket - Checking 1 users with SELL_LIMIT orders for symbol AUDCAD
2025-07-08 09:37:31,847 - DEBUG - websocket - Checking 1 users with BUY_LIMIT orders for symbol CADJPY
2025-07-08 09:37:31,935 - DEBUG - websocket - Checking 1 users with BUY_LIMIT orders for symbol AUDCAD
2025-07-08 09:37:31,936 - DEBUG - websocket - Checking 1 users with SELL_LIMIT orders for symbol AUDCAD
2025-07-08 09:37:31,956 - DEBUG - websocket - Checking 1 users with BUY_LIMIT orders for symbol CADJPY
2025-07-08 09:37:32,045 - DEBUG - websocket - Checking 1 users with BUY_LIMIT orders for symbol AUDCAD
2025-07-08 09:37:32,045 - DEBUG - websocket - Checking 1 users with SELL_LIMIT orders for symbol AUDCAD
2025-07-08 09:37:32,059 - DEBUG - websocket - Checking 1 users with BUY_LIMIT orders for symbol CADJPY
2025-07-08 09:37:32,141 - DEBUG - websocket - Checking 1 users with BUY_LIMIT orders for symbol AUDCAD
2025-07-08 09:37:32,142 - DEBUG - websocket - Checking 1 users with SELL_LIMIT orders for symbol AUDCAD
2025-07-08 09:37:32,169 - DEBUG - websocket - Checking 1 users with BUY_LIMIT orders for symbol CADJPY
2025-07-08 09:37:32,354 - DEBUG - websocket - Checking 1 users with BUY_LIMIT orders for symbol AUDCAD
2025-07-08 09:37:32,356 - DEBUG - websocket - Checking 1 users with SELL_LIMIT orders for symbol AUDCAD
2025-07-08 09:37:32,389 - DEBUG - websocket - Checking 1 users with BUY_LIMIT orders for symbol CADJPY
2025-07-08 09:37:32,602 - DEBUG - websocket - User 1: Successfully sent market update
2025-07-08 09:37:32,708 - DEBUG - websocket - Checking 1 users with BUY_LIMIT orders for symbol AUDCAD
2025-07-08 09:37:32,709 - DEBUG - websocket - Checking 1 users with SELL_LIMIT orders for symbol AUDCAD
2025-07-08 09:37:32,741 - DEBUG - websocket - Checking 1 users with BUY_LIMIT orders for symbol CADJPY
2025-07-08 09:37:32,924 - DEBUG - websocket - Checking 1 users with BUY_LIMIT orders for symbol AUDCAD
2025-07-08 09:37:32,925 - DEBUG - websocket - Checking 1 users with SELL_LIMIT orders for symbol AUDCAD
2025-07-08 09:37:32,959 - DEBUG - websocket - Checking 1 users with BUY_LIMIT orders for symbol CADJPY
2025-07-08 09:37:33,143 - DEBUG - websocket - Checking 1 users with BUY_LIMIT orders for symbol AUDCAD
2025-07-08 09:37:33,144 - DEBUG - websocket - Checking 1 users with SELL_LIMIT orders for symbol AUDCAD
2025-07-08 09:37:33,178 - DEBUG - websocket - Checking 1 users with BUY_LIMIT orders for symbol CADJPY
2025-07-08 09:37:33,298 - DEBUG - websocket - Checking 1 users with BUY_LIMIT orders for symbol AUDCAD
2025-07-08 09:37:33,299 - DEBUG - websocket - Checking 1 users with SELL_LIMIT orders for symbol AUDCAD
2025-07-08 09:37:33,317 - DEBUG - websocket - Checking 1 users with BUY_LIMIT orders for symbol CADJPY
2025-07-08 09:37:33,413 - DEBUG - websocket - Checking 1 users with BUY_LIMIT orders for symbol AUDCAD
2025-07-08 09:37:33,414 - DEBUG - websocket - Checking 1 users with SELL_LIMIT orders for symbol AUDCAD
2025-07-08 09:37:33,435 - DEBUG - websocket - Checking 1 users with BUY_LIMIT orders for symbol CADJPY
2025-07-08 09:37:33,582 - DEBUG - websocket - Checking 1 users with BUY_LIMIT orders for symbol AUDCAD
2025-07-08 09:37:33,583 - DEBUG - websocket - Checking 1 users with SELL_LIMIT orders for symbol AUDCAD
2025-07-08 09:37:33,610 - DEBUG - websocket - Checking 1 users with BUY_LIMIT orders for symbol CADJPY
2025-07-08 09:37:33,730 - DEBUG - websocket - Checking 1 users with BUY_LIMIT orders for symbol AUDCAD
2025-07-08 09:37:33,731 - DEBUG - websocket - Checking 1 users with SELL_LIMIT orders for symbol AUDCAD
2025-07-08 09:37:33,753 - DEBUG - websocket - Checking 1 users with BUY_LIMIT orders for symbol CADJPY
2025-07-08 09:37:33,872 - DEBUG - websocket - Checking 1 users with BUY_LIMIT orders for symbol AUDCAD
2025-07-08 09:37:33,897 - DEBUG - websocket - Checking 1 users with SELL_LIMIT orders for symbol AUDCAD
2025-07-08 09:37:33,925 - DEBUG - websocket - Checking 1 users with BUY_LIMIT orders for symbol CADJPY
2025-07-08 09:37:34,026 - DEBUG - websocket - Checking 1 users with BUY_LIMIT orders for symbol AUDCAD
2025-07-08 09:37:34,026 - DEBUG - websocket - Checking 1 users with SELL_LIMIT orders for symbol AUDCAD
2025-07-08 09:37:34,051 - DEBUG - websocket - Checking 1 users with BUY_LIMIT orders for symbol CADJPY
2025-07-08 09:37:34,151 - DEBUG - websocket - Checking 1 users with BUY_LIMIT orders for symbol AUDCAD
2025-07-08 09:37:34,152 - DEBUG - websocket - Checking 1 users with SELL_LIMIT orders for symbol AUDCAD
2025-07-08 09:37:34,173 - DEBUG - websocket - Checking 1 users with BUY_LIMIT orders for symbol CADJPY
2025-07-08 09:37:34,275 - DEBUG - websocket - Checking 1 users with BUY_LIMIT orders for symbol AUDCAD
2025-07-08 09:37:34,276 - DEBUG - websocket - Checking 1 users with SELL_LIMIT orders for symbol AUDCAD
2025-07-08 09:37:34,298 - DEBUG - websocket - Checking 1 users with BUY_LIMIT orders for symbol CADJPY
2025-07-08 09:37:34,429 - DEBUG - websocket - Checking 1 users with BUY_LIMIT orders for symbol AUDCAD
2025-07-08 09:37:34,430 - DEBUG - websocket - Checking 1 users with SELL_LIMIT orders for symbol AUDCAD
2025-07-08 09:37:34,449 - DEBUG - websocket - Checking 1 users with BUY_LIMIT orders for symbol CADJPY
2025-07-08 09:37:34,572 - DEBUG - websocket - Checking 1 users with BUY_LIMIT orders for symbol AUDCAD
2025-07-08 09:37:34,572 - DEBUG - websocket - Checking 1 users with SELL_LIMIT orders for symbol AUDCAD
2025-07-08 09:37:34,590 - DEBUG - websocket - Checking 1 users with BUY_LIMIT orders for symbol CADJPY
2025-07-08 09:37:34,718 - DEBUG - websocket - Checking 1 users with BUY_LIMIT orders for symbol AUDCAD
2025-07-08 09:37:34,719 - DEBUG - websocket - Checking 1 users with SELL_LIMIT orders for symbol AUDCAD
2025-07-08 09:37:34,739 - DEBUG - websocket - Checking 1 users with BUY_LIMIT orders for symbol CADJPY
2025-07-08 09:37:34,858 - DEBUG - websocket - Checking 1 users with BUY_LIMIT orders for symbol AUDCAD
2025-07-08 09:37:34,859 - DEBUG - websocket - Checking 1 users with SELL_LIMIT orders for symbol AUDCAD
2025-07-08 09:37:34,885 - DEBUG - websocket - Checking 1 users with BUY_LIMIT orders for symbol CADJPY
2025-07-08 09:37:35,008 - DEBUG - websocket - Checking 1 users with BUY_LIMIT orders for symbol AUDCAD
2025-07-08 09:37:35,009 - DEBUG - websocket - Checking 1 users with SELL_LIMIT orders for symbol AUDCAD
2025-07-08 09:37:35,035 - DEBUG - websocket - Checking 1 users with BUY_LIMIT orders for symbol CADJPY
2025-07-08 09:37:35,131 - DEBUG - websocket - User 1: Successfully sent market update
2025-07-08 09:37:35,247 - DEBUG - websocket - Checking 1 users with BUY_LIMIT orders for symbol AUDCAD
2025-07-08 09:37:35,248 - DEBUG - websocket - Checking 1 users with SELL_LIMIT orders for symbol AUDCAD
2025-07-08 09:37:35,271 - DEBUG - websocket - Checking 1 users with BUY_LIMIT orders for symbol CADJPY
2025-07-08 09:37:35,372 - DEBUG - websocket - Checking 1 users with BUY_LIMIT orders for symbol AUDCAD
2025-07-08 09:37:35,374 - DEBUG - websocket - Checking 1 users with SELL_LIMIT orders for symbol AUDCAD
2025-07-08 09:37:35,391 - DEBUG - websocket - Checking 1 users with BUY_LIMIT orders for symbol CADJPY
2025-07-08 09:37:35,463 - DEBUG - websocket - Checking 1 users with BUY_LIMIT orders for symbol AUDCAD
2025-07-08 09:37:35,464 - DEBUG - websocket - Checking 1 users with SELL_LIMIT orders for symbol AUDCAD
2025-07-08 09:37:35,475 - DEBUG - websocket - Checking 1 users with BUY_LIMIT orders for symbol CADJPY
2025-07-08 09:37:35,600 - DEBUG - websocket - Checking 1 users with BUY_LIMIT orders for symbol AUDCAD
2025-07-08 09:37:35,601 - DEBUG - websocket - Checking 1 users with SELL_LIMIT orders for symbol AUDCAD
2025-07-08 09:37:35,628 - DEBUG - websocket - Checking 1 users with BUY_LIMIT orders for symbol CADJPY
2025-07-08 09:37:35,753 - DEBUG - websocket - Checking 1 users with BUY_LIMIT orders for symbol AUDCAD
2025-07-08 09:37:35,754 - DEBUG - websocket - Checking 1 users with SELL_LIMIT orders for symbol AUDCAD
2025-07-08 09:37:35,781 - DEBUG - websocket - Checking 1 users with BUY_LIMIT orders for symbol CADJPY
2025-07-08 09:37:35,899 - DEBUG - websocket - Checking 1 users with BUY_LIMIT orders for symbol AUDCAD
2025-07-08 09:37:35,900 - DEBUG - websocket - Checking 1 users with SELL_LIMIT orders for symbol AUDCAD
2025-07-08 09:37:35,913 - DEBUG - websocket - Checking 1 users with BUY_LIMIT orders for symbol CADJPY
2025-07-08 09:37:36,020 - DEBUG - websocket - Checking 1 users with BUY_LIMIT orders for symbol AUDCAD
2025-07-08 09:37:36,021 - DEBUG - websocket - Checking 1 users with SELL_LIMIT orders for symbol AUDCAD
2025-07-08 09:37:36,042 - DEBUG - websocket - Checking 1 users with BUY_LIMIT orders for symbol CADJPY
2025-07-08 09:37:36,170 - DEBUG - websocket - Checking 1 users with BUY_LIMIT orders for symbol AUDCAD
2025-07-08 09:37:36,170 - DEBUG - websocket - Checking 1 users with SELL_LIMIT orders for symbol AUDCAD
2025-07-08 09:37:36,195 - DEBUG - websocket - Checking 1 users with BUY_LIMIT orders for symbol CADJPY
2025-07-08 09:37:36,298 - DEBUG - websocket - Checking 1 users with BUY_LIMIT orders for symbol AUDCAD
2025-07-08 09:37:36,298 - DEBUG - websocket - Checking 1 users with SELL_LIMIT orders for symbol AUDCAD
2025-07-08 09:37:36,320 - DEBUG - websocket - Checking 1 users with BUY_LIMIT orders for symbol CADJPY
2025-07-08 09:37:36,457 - DEBUG - websocket - Checking 1 users with BUY_LIMIT orders for symbol AUDCAD
2025-07-08 09:37:36,458 - DEBUG - websocket - Checking 1 users with SELL_LIMIT orders for symbol AUDCAD
2025-07-08 09:37:36,480 - DEBUG - websocket - Checking 1 users with BUY_LIMIT orders for symbol CADJPY
2025-07-08 09:37:36,594 - DEBUG - websocket - Checking 1 users with BUY_LIMIT orders for symbol AUDCAD
2025-07-08 09:37:36,595 - DEBUG - websocket - Checking 1 users with SELL_LIMIT orders for symbol AUDCAD
2025-07-08 09:37:36,616 - DEBUG - websocket - Checking 1 users with BUY_LIMIT orders for symbol CADJPY
2025-07-08 09:37:36,756 - DEBUG - websocket - Checking 1 users with BUY_LIMIT orders for symbol AUDCAD
2025-07-08 09:37:36,757 - DEBUG - websocket - Checking 1 users with SELL_LIMIT orders for symbol AUDCAD
2025-07-08 09:37:36,783 - DEBUG - websocket - Checking 1 users with BUY_LIMIT orders for symbol CADJPY
2025-07-08 09:37:36,907 - DEBUG - websocket - Checking 1 users with BUY_LIMIT orders for symbol AUDCAD
2025-07-08 09:37:36,908 - DEBUG - websocket - Checking 1 users with SELL_LIMIT orders for symbol AUDCAD
2025-07-08 09:37:36,918 - DEBUG - websocket - Checking 1 users with BUY_LIMIT orders for symbol CADJPY
2025-07-08 09:37:36,954 - DEBUG - websocket - Checking 1 users with BUY_LIMIT orders for symbol AUDCAD
2025-07-08 09:37:36,954 - DEBUG - websocket - Checking 1 users with SELL_LIMIT orders for symbol AUDCAD
2025-07-08 09:37:36,963 - DEBUG - websocket - Checking 1 users with BUY_LIMIT orders for symbol CADJPY
2025-07-08 09:37:37,086 - DEBUG - websocket - User 1: Successfully sent market update
2025-07-08 09:37:37,107 - DEBUG - websocket - Checking 1 users with BUY_LIMIT orders for symbol AUDCAD
2025-07-08 09:37:37,111 - DEBUG - websocket - Checking 1 users with SELL_LIMIT orders for symbol AUDCAD
2025-07-08 09:37:37,162 - DEBUG - websocket - Checking 1 users with BUY_LIMIT orders for symbol CADJPY
2025-07-08 09:37:37,329 - DEBUG - websocket - Checking 1 users with BUY_LIMIT orders for symbol AUDCAD
2025-07-08 09:37:37,330 - DEBUG - websocket - Checking 1 users with SELL_LIMIT orders for symbol AUDCAD
2025-07-08 09:37:37,353 - DEBUG - websocket - Checking 1 users with BUY_LIMIT orders for symbol CADJPY
2025-07-08 09:37:37,457 - DEBUG - websocket - Checking 1 users with BUY_LIMIT orders for symbol AUDCAD
2025-07-08 09:37:37,458 - DEBUG - websocket - Checking 1 users with SELL_LIMIT orders for symbol AUDCAD
2025-07-08 09:37:37,479 - DEBUG - websocket - Checking 1 users with BUY_LIMIT orders for symbol CADJPY
2025-07-08 09:37:37,574 - DEBUG - websocket - Checking 1 users with BUY_LIMIT orders for symbol AUDCAD
2025-07-08 09:37:37,574 - DEBUG - websocket - Checking 1 users with SELL_LIMIT orders for symbol AUDCAD
2025-07-08 09:37:37,592 - DEBUG - websocket - Checking 1 users with BUY_LIMIT orders for symbol CADJPY
2025-07-08 09:37:37,673 - DEBUG - websocket - Checking 1 users with BUY_LIMIT orders for symbol AUDCAD
2025-07-08 09:37:37,674 - DEBUG - websocket - Checking 1 users with SELL_LIMIT orders for symbol AUDCAD
2025-07-08 09:37:37,687 - DEBUG - websocket - Checking 1 users with BUY_LIMIT orders for symbol CADJPY
2025-07-08 09:37:37,743 - DEBUG - websocket - Checking 1 users with BUY_LIMIT orders for symbol AUDCAD
2025-07-08 09:37:37,743 - DEBUG - websocket - Checking 1 users with SELL_LIMIT orders for symbol AUDCAD
2025-07-08 09:37:37,751 - DEBUG - websocket - Checking 1 users with BUY_LIMIT orders for symbol CADJPY
2025-07-08 09:37:37,854 - DEBUG - websocket - Checking 1 users with BUY_LIMIT orders for symbol AUDCAD
2025-07-08 09:37:37,855 - DEBUG - websocket - Checking 1 users with SELL_LIMIT orders for symbol AUDCAD
2025-07-08 09:37:37,869 - DEBUG - websocket - Checking 1 users with BUY_LIMIT orders for symbol CADJPY
2025-07-08 09:37:37,974 - DEBUG - websocket - Checking 1 users with BUY_LIMIT orders for symbol AUDCAD
2025-07-08 09:37:37,990 - DEBUG - websocket - Checking 1 users with SELL_LIMIT orders for symbol AUDCAD
2025-07-08 09:37:38,018 - DEBUG - websocket - Checking 1 users with BUY_LIMIT orders for symbol CADJPY
2025-07-08 09:37:38,151 - DEBUG - websocket - Checking 1 users with BUY_LIMIT orders for symbol AUDCAD
2025-07-08 09:37:38,152 - DEBUG - websocket - Checking 1 users with SELL_LIMIT orders for symbol AUDCAD
2025-07-08 09:37:38,167 - DEBUG - websocket - Checking 1 users with BUY_LIMIT orders for symbol CADJPY
2025-07-08 09:37:38,256 - DEBUG - websocket - Checking 1 users with BUY_LIMIT orders for symbol AUDCAD
2025-07-08 09:37:38,256 - DEBUG - websocket - Checking 1 users with SELL_LIMIT orders for symbol AUDCAD
2025-07-08 09:37:38,271 - DEBUG - websocket - Checking 1 users with BUY_LIMIT orders for symbol CADJPY
2025-07-08 09:37:38,347 - DEBUG - websocket - Checking 1 users with BUY_LIMIT orders for symbol AUDCAD
2025-07-08 09:37:38,347 - DEBUG - websocket - Checking 1 users with SELL_LIMIT orders for symbol AUDCAD
2025-07-08 09:37:38,352 - DEBUG - websocket - Checking 1 users with BUY_LIMIT orders for symbol CADJPY
2025-07-08 09:37:38,397 - DEBUG - websocket - Checking 1 users with BUY_LIMIT orders for symbol AUDCAD
2025-07-08 09:37:38,398 - DEBUG - websocket - Checking 1 users with SELL_LIMIT orders for symbol AUDCAD
2025-07-08 09:37:38,406 - DEBUG - websocket - Checking 1 users with BUY_LIMIT orders for symbol CADJPY
2025-07-08 09:37:38,521 - DEBUG - websocket - Checking 1 users with BUY_LIMIT orders for symbol AUDCAD
2025-07-08 09:37:38,522 - DEBUG - websocket - Checking 1 users with SELL_LIMIT orders for symbol AUDCAD
2025-07-08 09:37:38,548 - DEBUG - websocket - Checking 1 users with BUY_LIMIT orders for symbol CADJPY
2025-07-08 09:37:38,734 - DEBUG - websocket - Checking 1 users with BUY_LIMIT orders for symbol AUDCAD
2025-07-08 09:37:38,735 - DEBUG - websocket - Checking 1 users with SELL_LIMIT orders for symbol AUDCAD
2025-07-08 09:37:38,774 - DEBUG - websocket - Checking 1 users with BUY_LIMIT orders for symbol CADJPY
2025-07-08 09:37:38,958 - DEBUG - websocket - Checking 1 users with BUY_LIMIT orders for symbol AUDCAD
2025-07-08 09:37:38,960 - DEBUG - websocket - Checking 1 users with SELL_LIMIT orders for symbol AUDCAD
2025-07-08 09:37:38,993 - DEBUG - websocket - Checking 1 users with BUY_LIMIT orders for symbol CADJPY
2025-07-08 09:37:39,174 - DEBUG - websocket - Checking 1 users with BUY_LIMIT orders for symbol AUDCAD
2025-07-08 09:37:39,175 - DEBUG - websocket - Checking 1 users with SELL_LIMIT orders for symbol AUDCAD
2025-07-08 09:37:39,189 - DEBUG - websocket - Checking 1 users with BUY_LIMIT orders for symbol CADJPY
2025-07-08 09:37:39,372 - DEBUG - websocket - User 1: Successfully sent market update
2025-07-08 09:37:39,483 - DEBUG - websocket - Checking 1 users with BUY_LIMIT orders for symbol AUDCAD
2025-07-08 09:37:39,484 - DEBUG - websocket - Checking 1 users with SELL_LIMIT orders for symbol AUDCAD
2025-07-08 09:37:39,516 - DEBUG - websocket - Checking 1 users with BUY_LIMIT orders for symbol CADJPY
2025-07-08 09:37:39,696 - DEBUG - websocket - Checking 1 users with BUY_LIMIT orders for symbol AUDCAD
2025-07-08 09:37:39,697 - DEBUG - websocket - Checking 1 users with SELL_LIMIT orders for symbol AUDCAD
2025-07-08 09:37:39,729 - DEBUG - websocket - Checking 1 users with BUY_LIMIT orders for symbol CADJPY
2025-07-08 09:37:40,294 - DEBUG - websocket - User 1: Successfully sent order update
2025-07-08 09:37:40,307 - DEBUG - websocket - User 1: Successfully sent user data update
2025-07-08 09:37:40,341 - DEBUG - websocket - User 1: Successfully sent market update
2025-07-08 09:37:40,343 - INFO - websocket - User 1: Fetched 1 open orders directly from database
2025-07-08 09:37:40,351 - INFO - websocket - User 1: Fetched 1 pending orders directly from database
2025-07-08 09:37:40,363 - INFO - websocket - User 1: Updated static orders cache with 1 open orders and 1 pending orders
2025-07-08 09:37:40,434 - DEBUG - websocket - Checking 1 users with BUY_LIMIT orders for symbol AUDCAD
2025-07-08 09:37:40,435 - DEBUG - websocket - Checking 1 users with SELL_LIMIT orders for symbol AUDCAD
2025-07-08 09:37:40,454 - DEBUG - websocket - Checking 1 users with BUY_LIMIT orders for symbol CADJPY
2025-07-08 09:37:40,558 - DEBUG - websocket - Checking 1 users with BUY_LIMIT orders for symbol AUDCAD
2025-07-08 09:37:40,559 - DEBUG - websocket - Checking 1 users with SELL_LIMIT orders for symbol AUDCAD
2025-07-08 09:37:40,594 - DEBUG - websocket - Checking 1 users with BUY_LIMIT orders for symbol CADJPY
2025-07-08 09:37:40,746 - DEBUG - websocket - Checking 1 users with BUY_LIMIT orders for symbol AUDCAD
2025-07-08 09:37:40,748 - DEBUG - websocket - Checking 1 users with SELL_LIMIT orders for symbol AUDCAD
2025-07-08 09:37:40,777 - DEBUG - websocket - Checking 1 users with BUY_LIMIT orders for symbol CADJPY
2025-07-08 09:37:40,913 - DEBUG - websocket - Checking 1 users with BUY_LIMIT orders for symbol AUDCAD
2025-07-08 09:37:40,914 - DEBUG - websocket - Checking 1 users with SELL_LIMIT orders for symbol AUDCAD
2025-07-08 09:37:40,943 - DEBUG - websocket - Checking 1 users with BUY_LIMIT orders for symbol CADJPY
2025-07-08 09:37:41,128 - DEBUG - websocket - Checking 1 users with BUY_LIMIT orders for symbol AUDCAD
2025-07-08 09:37:41,130 - DEBUG - websocket - Checking 1 users with SELL_LIMIT orders for symbol AUDCAD
2025-07-08 09:37:41,176 - DEBUG - websocket - Checking 1 users with BUY_LIMIT orders for symbol CADJPY
2025-07-08 09:37:41,329 - DEBUG - websocket - Checking 1 users with BUY_LIMIT orders for symbol AUDCAD
2025-07-08 09:37:41,330 - DEBUG - websocket - Checking 1 users with SELL_LIMIT orders for symbol AUDCAD
2025-07-08 09:37:41,357 - DEBUG - websocket - Checking 1 users with BUY_LIMIT orders for symbol CADJPY
2025-07-08 09:37:41,512 - DEBUG - websocket - Checking 1 users with BUY_LIMIT orders for symbol AUDCAD
2025-07-08 09:37:41,514 - DEBUG - websocket - Checking 1 users with SELL_LIMIT orders for symbol AUDCAD
2025-07-08 09:37:41,540 - DEBUG - websocket - Checking 1 users with BUY_LIMIT orders for symbol CADJPY
2025-07-08 09:37:41,639 - DEBUG - websocket - User 1: Successfully sent market update
2025-07-08 09:37:41,744 - DEBUG - websocket - Checking 1 users with BUY_LIMIT orders for symbol CADJPY
2025-07-08 09:37:41,751 - DEBUG - websocket - Checking 1 users with BUY_LIMIT orders for symbol AUDCAD
2025-07-08 09:37:41,752 - DEBUG - websocket - Checking 1 users with SELL_LIMIT orders for symbol AUDCAD
2025-07-08 09:37:42,950 - DEBUG - websocket - Checking 1 users with BUY_LIMIT orders for symbol CADJPY
2025-07-08 09:37:42,957 - DEBUG - websocket - Checking 1 users with BUY_LIMIT orders for symbol AUDCAD
2025-07-08 09:37:42,957 - DEBUG - websocket - Checking 1 users with SELL_LIMIT orders for symbol AUDCAD
2025-07-08 09:37:43,065 - DEBUG - websocket - Checking 1 users with BUY_LIMIT orders for symbol CADJPY
2025-07-08 09:37:43,074 - DEBUG - websocket - Checking 1 users with BUY_LIMIT orders for symbol AUDCAD
2025-07-08 09:37:43,075 - DEBUG - websocket - Checking 1 users with SELL_LIMIT orders for symbol AUDCAD
2025-07-08 09:37:43,165 - DEBUG - websocket - Checking 1 users with BUY_LIMIT orders for symbol CADJPY
2025-07-08 09:37:43,173 - DEBUG - websocket - Checking 1 users with BUY_LIMIT orders for symbol AUDCAD
2025-07-08 09:37:43,173 - DEBUG - websocket - Checking 1 users with SELL_LIMIT orders for symbol AUDCAD
2025-07-08 09:37:43,299 - DEBUG - websocket - Checking 1 users with BUY_LIMIT orders for symbol CADJPY
2025-07-08 09:37:43,306 - DEBUG - websocket - Checking 1 users with BUY_LIMIT orders for symbol AUDCAD
2025-07-08 09:37:43,307 - DEBUG - websocket - Checking 1 users with SELL_LIMIT orders for symbol AUDCAD
2025-07-08 09:37:43,429 - DEBUG - websocket - Checking 1 users with BUY_LIMIT orders for symbol CADJPY
2025-07-08 09:37:43,433 - DEBUG - websocket - Checking 1 users with BUY_LIMIT orders for symbol AUDCAD
2025-07-08 09:37:43,433 - DEBUG - websocket - Checking 1 users with SELL_LIMIT orders for symbol AUDCAD
2025-07-08 09:37:43,574 - DEBUG - websocket - Checking 1 users with BUY_LIMIT orders for symbol CADJPY
2025-07-08 09:37:43,582 - DEBUG - websocket - Checking 1 users with BUY_LIMIT orders for symbol AUDCAD
2025-07-08 09:37:43,583 - DEBUG - websocket - Checking 1 users with SELL_LIMIT orders for symbol AUDCAD
2025-07-08 09:37:43,717 - DEBUG - websocket - Checking 1 users with BUY_LIMIT orders for symbol CADJPY
2025-07-08 09:37:43,725 - DEBUG - websocket - Checking 1 users with BUY_LIMIT orders for symbol AUDCAD
2025-07-08 09:37:43,727 - DEBUG - websocket - Checking 1 users with SELL_LIMIT orders for symbol AUDCAD
2025-07-08 09:37:43,876 - DEBUG - websocket - Checking 1 users with BUY_LIMIT orders for symbol CADJPY
2025-07-08 09:37:43,887 - DEBUG - websocket - Checking 1 users with BUY_LIMIT orders for symbol AUDCAD
2025-07-08 09:37:43,888 - DEBUG - websocket - Checking 1 users with SELL_LIMIT orders for symbol AUDCAD
2025-07-08 09:37:43,961 - DEBUG - websocket - User 1: Successfully sent market update
2025-07-08 09:37:44,135 - DEBUG - websocket - Checking 1 users with BUY_LIMIT orders for symbol CADJPY
2025-07-08 09:37:44,147 - DEBUG - websocket - Checking 1 users with BUY_LIMIT orders for symbol AUDCAD
2025-07-08 09:37:44,148 - DEBUG - websocket - Checking 1 users with SELL_LIMIT orders for symbol AUDCAD
2025-07-08 09:37:44,300 - DEBUG - websocket - Checking 1 users with BUY_LIMIT orders for symbol CADJPY
2025-07-08 09:37:44,311 - DEBUG - websocket - Checking 1 users with BUY_LIMIT orders for symbol AUDCAD
2025-07-08 09:37:44,312 - DEBUG - websocket - Checking 1 users with SELL_LIMIT orders for symbol AUDCAD
2025-07-08 09:37:44,490 - DEBUG - websocket - Checking 1 users with BUY_LIMIT orders for symbol CADJPY
2025-07-08 09:37:44,501 - DEBUG - websocket - Checking 1 users with BUY_LIMIT orders for symbol AUDCAD
2025-07-08 09:37:44,502 - DEBUG - websocket - Checking 1 users with SELL_LIMIT orders for symbol AUDCAD
2025-07-08 09:37:44,604 - DEBUG - websocket - Checking 1 users with BUY_LIMIT orders for symbol CADJPY
2025-07-08 09:37:44,610 - DEBUG - websocket - Checking 1 users with BUY_LIMIT orders for symbol AUDCAD
2025-07-08 09:37:44,610 - DEBUG - websocket - Checking 1 users with SELL_LIMIT orders for symbol AUDCAD
2025-07-08 09:37:44,695 - DEBUG - websocket - Checking 1 users with BUY_LIMIT orders for symbol CADJPY
2025-07-08 09:37:44,700 - DEBUG - websocket - Checking 1 users with BUY_LIMIT orders for symbol AUDCAD
2025-07-08 09:37:44,700 - DEBUG - websocket - Checking 1 users with SELL_LIMIT orders for symbol AUDCAD
2025-07-08 09:37:44,778 - DEBUG - websocket - Checking 1 users with BUY_LIMIT orders for symbol CADJPY
2025-07-08 09:37:44,805 - DEBUG - websocket - Checking 1 users with BUY_LIMIT orders for symbol AUDCAD
2025-07-08 09:37:44,805 - DEBUG - websocket - Checking 1 users with SELL_LIMIT orders for symbol AUDCAD
2025-07-08 09:37:44,916 - DEBUG - websocket - Checking 1 users with BUY_LIMIT orders for symbol CADJPY
2025-07-08 09:37:44,924 - DEBUG - websocket - Checking 1 users with BUY_LIMIT orders for symbol AUDCAD
2025-07-08 09:37:44,925 - DEBUG - websocket - Checking 1 users with SELL_LIMIT orders for symbol AUDCAD
2025-07-08 09:37:45,064 - DEBUG - websocket - Checking 1 users with BUY_LIMIT orders for symbol CADJPY
2025-07-08 09:37:45,074 - DEBUG - websocket - Checking 1 users with BUY_LIMIT orders for symbol AUDCAD
2025-07-08 09:37:45,075 - DEBUG - websocket - Checking 1 users with SELL_LIMIT orders for symbol AUDCAD
2025-07-08 09:37:45,200 - DEBUG - websocket - Checking 1 users with BUY_LIMIT orders for symbol CADJPY
2025-07-08 09:37:45,208 - DEBUG - websocket - Checking 1 users with BUY_LIMIT orders for symbol AUDCAD
2025-07-08 09:37:45,208 - DEBUG - websocket - Checking 1 users with SELL_LIMIT orders for symbol AUDCAD
2025-07-08 09:37:45,341 - DEBUG - websocket - Checking 1 users with BUY_LIMIT orders for symbol CADJPY
2025-07-08 09:37:45,761 - DEBUG - websocket - Checking 1 users with BUY_LIMIT orders for symbol AUDCAD
2025-07-08 09:37:45,764 - DEBUG - websocket - Checking 1 users with SELL_LIMIT orders for symbol AUDCAD
2025-07-08 09:37:45,829 - DEBUG - websocket - User 1: Successfully sent order update
2025-07-08 09:37:45,853 - DEBUG - websocket - User 1: Successfully sent user data update
2025-07-08 09:37:45,877 - DEBUG - websocket - User 1: Successfully sent market update
2025-07-08 09:37:45,885 - INFO - websocket - User 1: Fetched 2 open orders directly from database
2025-07-08 09:37:45,895 - INFO - websocket - User 1: Fetched 1 pending orders directly from database
2025-07-08 09:37:45,898 - INFO - websocket - User 1: Updated static orders cache with 2 open orders and 1 pending orders
2025-07-08 09:37:46,051 - DEBUG - websocket - Checking 1 users with BUY_LIMIT orders for symbol CADJPY
2025-07-08 09:37:46,065 - DEBUG - websocket - Checking 1 users with BUY_LIMIT orders for symbol AUDCAD
2025-07-08 09:37:46,066 - DEBUG - websocket - Checking 1 users with SELL_LIMIT orders for symbol AUDCAD
2025-07-08 09:37:46,244 - DEBUG - websocket - Checking 1 users with BUY_LIMIT orders for symbol CADJPY
2025-07-08 09:37:46,258 - DEBUG - websocket - Checking 1 users with BUY_LIMIT orders for symbol AUDCAD
2025-07-08 09:37:46,259 - DEBUG - websocket - Checking 1 users with SELL_LIMIT orders for symbol AUDCAD
2025-07-08 09:37:46,314 - DEBUG - websocket - User 1: Successfully sent market update
2025-07-08 09:37:46,501 - DEBUG - websocket - Checking 1 users with BUY_LIMIT orders for symbol CADJPY
2025-07-08 09:37:46,514 - DEBUG - websocket - Checking 1 users with BUY_LIMIT orders for symbol AUDCAD
2025-07-08 09:37:46,515 - DEBUG - websocket - Checking 1 users with SELL_LIMIT orders for symbol AUDCAD
2025-07-08 09:37:46,654 - DEBUG - websocket - Checking 1 users with BUY_LIMIT orders for symbol CADJPY
2025-07-08 09:37:46,664 - DEBUG - websocket - Checking 1 users with BUY_LIMIT orders for symbol AUDCAD
2025-07-08 09:37:46,665 - DEBUG - websocket - Checking 1 users with SELL_LIMIT orders for symbol AUDCAD
2025-07-08 09:37:46,746 - DEBUG - websocket - Checking 1 users with BUY_LIMIT orders for symbol CADJPY
2025-07-08 09:37:46,752 - DEBUG - websocket - Checking 1 users with BUY_LIMIT orders for symbol AUDCAD
2025-07-08 09:37:46,753 - DEBUG - websocket - Checking 1 users with SELL_LIMIT orders for symbol AUDCAD
2025-07-08 09:37:46,831 - DEBUG - websocket - Checking 1 users with BUY_LIMIT orders for symbol CADJPY
2025-07-08 09:37:46,836 - DEBUG - websocket - Checking 1 users with BUY_LIMIT orders for symbol AUDCAD
2025-07-08 09:37:46,837 - DEBUG - websocket - Checking 1 users with SELL_LIMIT orders for symbol AUDCAD
2025-07-08 09:37:46,902 - DEBUG - websocket - Checking 1 users with BUY_LIMIT orders for symbol CADJPY
2025-07-08 09:37:46,905 - DEBUG - websocket - Checking 1 users with BUY_LIMIT orders for symbol AUDCAD
2025-07-08 09:37:46,906 - DEBUG - websocket - Checking 1 users with SELL_LIMIT orders for symbol AUDCAD
2025-07-08 09:37:46,998 - DEBUG - websocket - Checking 1 users with BUY_LIMIT orders for symbol CADJPY
2025-07-08 09:37:47,004 - DEBUG - websocket - Checking 1 users with BUY_LIMIT orders for symbol AUDCAD
2025-07-08 09:37:47,005 - DEBUG - websocket - Checking 1 users with SELL_LIMIT orders for symbol AUDCAD
2025-07-08 09:37:47,091 - DEBUG - websocket - Checking 1 users with BUY_LIMIT orders for symbol CADJPY
2025-07-08 09:37:47,099 - DEBUG - websocket - Checking 1 users with BUY_LIMIT orders for symbol AUDCAD
2025-07-08 09:37:47,100 - DEBUG - websocket - Checking 1 users with SELL_LIMIT orders for symbol AUDCAD
2025-07-08 09:37:47,272 - DEBUG - websocket - Checking 1 users with BUY_LIMIT orders for symbol CADJPY
2025-07-08 09:37:47,285 - DEBUG - websocket - Checking 1 users with BUY_LIMIT orders for symbol AUDCAD
2025-07-08 09:37:47,286 - DEBUG - websocket - Checking 1 users with SELL_LIMIT orders for symbol AUDCAD
2025-07-08 09:37:47,480 - DEBUG - websocket - Checking 1 users with BUY_LIMIT orders for symbol CADJPY
2025-07-08 09:37:47,493 - DEBUG - websocket - Checking 1 users with BUY_LIMIT orders for symbol AUDCAD
2025-07-08 09:37:47,494 - DEBUG - websocket - Checking 1 users with SELL_LIMIT orders for symbol AUDCAD
2025-07-08 09:37:47,660 - DEBUG - websocket - Checking 1 users with BUY_LIMIT orders for symbol CADJPY
2025-07-08 09:37:47,669 - DEBUG - websocket - Checking 1 users with BUY_LIMIT orders for symbol AUDCAD
2025-07-08 09:37:47,670 - DEBUG - websocket - Checking 1 users with SELL_LIMIT orders for symbol AUDCAD
2025-07-08 09:37:47,804 - DEBUG - websocket - Checking 1 users with BUY_LIMIT orders for symbol CADJPY
2025-07-08 09:37:47,811 - DEBUG - websocket - Checking 1 users with BUY_LIMIT orders for symbol AUDCAD
2025-07-08 09:37:47,812 - DEBUG - websocket - Checking 1 users with SELL_LIMIT orders for symbol AUDCAD
2025-07-08 09:37:47,922 - DEBUG - websocket - Checking 1 users with BUY_LIMIT orders for symbol CADJPY
2025-07-08 09:37:47,929 - DEBUG - websocket - Checking 1 users with BUY_LIMIT orders for symbol AUDCAD
2025-07-08 09:37:47,930 - DEBUG - websocket - Checking 1 users with SELL_LIMIT orders for symbol AUDCAD
2025-07-08 09:37:48,020 - DEBUG - websocket - Checking 1 users with BUY_LIMIT orders for symbol CADJPY
2025-07-08 09:37:48,026 - DEBUG - websocket - Checking 1 users with BUY_LIMIT orders for symbol AUDCAD
2025-07-08 09:37:48,026 - DEBUG - websocket - Checking 1 users with SELL_LIMIT orders for symbol AUDCAD
2025-07-08 09:37:48,093 - DEBUG - websocket - Checking 1 users with BUY_LIMIT orders for symbol CADJPY
2025-07-08 09:37:48,097 - DEBUG - websocket - Checking 1 users with BUY_LIMIT orders for symbol AUDCAD
2025-07-08 09:37:48,097 - DEBUG - websocket - Checking 1 users with SELL_LIMIT orders for symbol AUDCAD
2025-07-08 09:37:48,217 - DEBUG - websocket - Checking 1 users with BUY_LIMIT orders for symbol CADJPY
2025-07-08 09:37:48,224 - DEBUG - websocket - Checking 1 users with BUY_LIMIT orders for symbol AUDCAD
2025-07-08 09:37:48,225 - DEBUG - websocket - Checking 1 users with SELL_LIMIT orders for symbol AUDCAD
2025-07-08 09:37:48,348 - DEBUG - websocket - Checking 1 users with BUY_LIMIT orders for symbol CADJPY
2025-07-08 09:37:48,356 - DEBUG - websocket - Checking 1 users with BUY_LIMIT orders for symbol AUDCAD
2025-07-08 09:37:48,357 - DEBUG - websocket - Checking 1 users with SELL_LIMIT orders for symbol AUDCAD
2025-07-08 09:37:48,477 - DEBUG - websocket - User 1: Successfully sent market update
2025-07-08 09:37:48,622 - DEBUG - websocket - Checking 1 users with BUY_LIMIT orders for symbol CADJPY
2025-07-08 09:37:48,634 - DEBUG - websocket - Checking 1 users with BUY_LIMIT orders for symbol AUDCAD
2025-07-08 09:37:48,635 - DEBUG - websocket - Checking 1 users with SELL_LIMIT orders for symbol AUDCAD
2025-07-08 09:37:48,825 - DEBUG - websocket - Checking 1 users with BUY_LIMIT orders for symbol CADJPY
2025-07-08 09:37:48,838 - DEBUG - websocket - Checking 1 users with BUY_LIMIT orders for symbol AUDCAD
2025-07-08 09:37:48,840 - DEBUG - websocket - Checking 1 users with SELL_LIMIT orders for symbol AUDCAD
2025-07-08 09:37:49,022 - DEBUG - websocket - Checking 1 users with BUY_LIMIT orders for symbol CADJPY
2025-07-08 09:37:49,031 - DEBUG - websocket - Checking 1 users with BUY_LIMIT orders for symbol AUDCAD
2025-07-08 09:37:49,032 - DEBUG - websocket - Checking 1 users with SELL_LIMIT orders for symbol AUDCAD
2025-07-08 09:37:49,179 - DEBUG - websocket - Checking 1 users with BUY_LIMIT orders for symbol CADJPY
2025-07-08 09:37:49,183 - DEBUG - websocket - Checking 1 users with BUY_LIMIT orders for symbol AUDCAD
2025-07-08 09:37:49,183 - DEBUG - websocket - Checking 1 users with SELL_LIMIT orders for symbol AUDCAD
2025-07-08 09:37:49,257 - DEBUG - websocket - Checking 1 users with BUY_LIMIT orders for symbol CADJPY
2025-07-08 09:37:49,262 - DEBUG - websocket - Checking 1 users with BUY_LIMIT orders for symbol AUDCAD
2025-07-08 09:37:49,263 - DEBUG - websocket - Checking 1 users with SELL_LIMIT orders for symbol AUDCAD
2025-07-08 09:37:49,389 - DEBUG - websocket - Checking 1 users with BUY_LIMIT orders for symbol CADJPY
2025-07-08 09:37:49,397 - DEBUG - websocket - Checking 1 users with BUY_LIMIT orders for symbol AUDCAD
2025-07-08 09:37:49,398 - DEBUG - websocket - Checking 1 users with SELL_LIMIT orders for symbol AUDCAD
2025-07-08 09:37:49,546 - DEBUG - websocket - Checking 1 users with BUY_LIMIT orders for symbol CADJPY
2025-07-08 09:37:49,553 - DEBUG - websocket - Checking 1 users with BUY_LIMIT orders for symbol AUDCAD
2025-07-08 09:37:49,554 - DEBUG - websocket - Checking 1 users with SELL_LIMIT orders for symbol AUDCAD
2025-07-08 09:37:49,694 - DEBUG - websocket - Checking 1 users with BUY_LIMIT orders for symbol CADJPY
2025-07-08 09:37:49,700 - DEBUG - websocket - Checking 1 users with BUY_LIMIT orders for symbol AUDCAD
2025-07-08 09:37:49,701 - DEBUG - websocket - Checking 1 users with SELL_LIMIT orders for symbol AUDCAD
2025-07-08 09:37:49,837 - DEBUG - websocket - Checking 1 users with BUY_LIMIT orders for symbol CADJPY
2025-07-08 09:37:49,845 - DEBUG - websocket - Checking 1 users with BUY_LIMIT orders for symbol AUDCAD
2025-07-08 09:37:49,846 - DEBUG - websocket - Checking 1 users with SELL_LIMIT orders for symbol AUDCAD
2025-07-08 09:37:49,993 - DEBUG - websocket - Checking 1 users with BUY_LIMIT orders for symbol CADJPY
2025-07-08 09:37:50,004 - DEBUG - websocket - Checking 1 users with BUY_LIMIT orders for symbol AUDCAD
2025-07-08 09:37:50,005 - DEBUG - websocket - Checking 1 users with SELL_LIMIT orders for symbol AUDCAD
2025-07-08 09:37:50,146 - DEBUG - websocket - Checking 1 users with BUY_LIMIT orders for symbol CADJPY
2025-07-08 09:37:50,154 - DEBUG - websocket - Checking 1 users with BUY_LIMIT orders for symbol AUDCAD
2025-07-08 09:37:50,155 - DEBUG - websocket - Checking 1 users with SELL_LIMIT orders for symbol AUDCAD
2025-07-08 09:37:50,282 - DEBUG - websocket - Checking 1 users with BUY_LIMIT orders for symbol CADJPY
2025-07-08 09:37:50,289 - DEBUG - websocket - Checking 1 users with BUY_LIMIT orders for symbol AUDCAD
2025-07-08 09:37:50,290 - DEBUG - websocket - Checking 1 users with SELL_LIMIT orders for symbol AUDCAD
2025-07-08 09:37:50,400 - DEBUG - websocket - Checking 1 users with BUY_LIMIT orders for symbol CADJPY
2025-07-08 09:37:50,404 - DEBUG - websocket - Checking 1 users with BUY_LIMIT orders for symbol AUDCAD
2025-07-08 09:37:50,405 - DEBUG - websocket - Checking 1 users with SELL_LIMIT orders for symbol AUDCAD
2025-07-08 09:37:50,493 - DEBUG - websocket - Checking 1 users with BUY_LIMIT orders for symbol CADJPY
2025-07-08 09:37:50,498 - DEBUG - websocket - Checking 1 users with BUY_LIMIT orders for symbol AUDCAD
2025-07-08 09:37:50,499 - DEBUG - websocket - Checking 1 users with SELL_LIMIT orders for symbol AUDCAD
2025-07-08 09:37:50,635 - DEBUG - websocket - Checking 1 users with BUY_LIMIT orders for symbol CADJPY
2025-07-08 09:37:50,644 - DEBUG - websocket - Checking 1 users with BUY_LIMIT orders for symbol AUDCAD
2025-07-08 09:37:50,646 - DEBUG - websocket - Checking 1 users with SELL_LIMIT orders for symbol AUDCAD
2025-07-08 09:37:50,805 - DEBUG - websocket - User 1: Successfully sent market update
2025-07-08 09:37:50,871 - DEBUG - websocket - Checking 1 users with BUY_LIMIT orders for symbol CADJPY
2025-07-08 09:37:50,878 - DEBUG - websocket - Checking 1 users with BUY_LIMIT orders for symbol AUDCAD
2025-07-08 09:37:50,879 - DEBUG - websocket - Checking 1 users with SELL_LIMIT orders for symbol AUDCAD
2025-07-08 09:37:51,011 - DEBUG - websocket - Checking 1 users with BUY_LIMIT orders for symbol CADJPY
2025-07-08 09:37:51,020 - DEBUG - websocket - Checking 1 users with BUY_LIMIT orders for symbol AUDCAD
2025-07-08 09:37:51,021 - DEBUG - websocket - Checking 1 users with SELL_LIMIT orders for symbol AUDCAD
2025-07-08 09:37:51,171 - DEBUG - websocket - Checking 1 users with BUY_LIMIT orders for symbol CADJPY
2025-07-08 09:37:51,178 - DEBUG - websocket - Checking 1 users with BUY_LIMIT orders for symbol AUDCAD
2025-07-08 09:37:51,179 - DEBUG - websocket - Checking 1 users with SELL_LIMIT orders for symbol AUDCAD
2025-07-08 09:37:51,276 - DEBUG - websocket - Checking 1 users with BUY_LIMIT orders for symbol CADJPY
2025-07-08 09:37:51,281 - DEBUG - websocket - Checking 1 users with BUY_LIMIT orders for symbol AUDCAD
2025-07-08 09:37:51,282 - DEBUG - websocket - Checking 1 users with SELL_LIMIT orders for symbol AUDCAD
2025-07-08 09:37:51,386 - DEBUG - websocket - Checking 1 users with BUY_LIMIT orders for symbol CADJPY
2025-07-08 09:37:51,390 - DEBUG - websocket - Checking 1 users with BUY_LIMIT orders for symbol AUDCAD
2025-07-08 09:37:51,391 - DEBUG - websocket - Checking 1 users with SELL_LIMIT orders for symbol AUDCAD
2025-07-08 09:37:51,489 - DEBUG - websocket - Checking 1 users with BUY_LIMIT orders for symbol CADJPY
2025-07-08 09:37:51,494 - DEBUG - websocket - Checking 1 users with BUY_LIMIT orders for symbol AUDCAD
2025-07-08 09:37:51,495 - DEBUG - websocket - Checking 1 users with SELL_LIMIT orders for symbol AUDCAD
2025-07-08 09:37:51,645 - DEBUG - websocket - Checking 1 users with BUY_LIMIT orders for symbol CADJPY
2025-07-08 09:37:51,653 - DEBUG - websocket - Checking 1 users with BUY_LIMIT orders for symbol AUDCAD
2025-07-08 09:37:51,654 - DEBUG - websocket - Checking 1 users with SELL_LIMIT orders for symbol AUDCAD
2025-07-08 09:37:51,839 - DEBUG - websocket - Checking 1 users with BUY_LIMIT orders for symbol CADJPY
2025-07-08 09:37:51,847 - DEBUG - websocket - Checking 1 users with BUY_LIMIT orders for symbol AUDCAD
2025-07-08 09:37:51,848 - DEBUG - websocket - Checking 1 users with SELL_LIMIT orders for symbol AUDCAD
2025-07-08 09:37:51,970 - DEBUG - websocket - Checking 1 users with BUY_LIMIT orders for symbol CADJPY
2025-07-08 09:37:51,974 - DEBUG - websocket - Checking 1 users with BUY_LIMIT orders for symbol AUDCAD
2025-07-08 09:37:51,975 - DEBUG - websocket - Checking 1 users with SELL_LIMIT orders for symbol AUDCAD
2025-07-08 09:37:52,088 - DEBUG - websocket - Checking 1 users with BUY_LIMIT orders for symbol CADJPY
2025-07-08 09:37:52,095 - DEBUG - websocket - Checking 1 users with BUY_LIMIT orders for symbol AUDCAD
2025-07-08 09:37:52,096 - DEBUG - websocket - Checking 1 users with SELL_LIMIT orders for symbol AUDCAD
2025-07-08 09:37:52,212 - DEBUG - websocket - Checking 1 users with BUY_LIMIT orders for symbol CADJPY
2025-07-08 09:37:52,216 - DEBUG - websocket - Checking 1 users with BUY_LIMIT orders for symbol AUDCAD
2025-07-08 09:37:52,217 - DEBUG - websocket - Checking 1 users with SELL_LIMIT orders for symbol AUDCAD
2025-07-08 09:37:52,320 - DEBUG - websocket - Checking 1 users with BUY_LIMIT orders for symbol CADJPY
2025-07-08 09:37:52,324 - DEBUG - websocket - Checking 1 users with BUY_LIMIT orders for symbol AUDCAD
2025-07-08 09:37:52,324 - DEBUG - websocket - Checking 1 users with SELL_LIMIT orders for symbol AUDCAD
2025-07-08 09:37:52,402 - DEBUG - websocket - Checking 1 users with BUY_LIMIT orders for symbol CADJPY
2025-07-08 09:37:52,409 - DEBUG - websocket - Checking 1 users with BUY_LIMIT orders for symbol AUDCAD
2025-07-08 09:37:52,410 - DEBUG - websocket - Checking 1 users with SELL_LIMIT orders for symbol AUDCAD
2025-07-08 09:37:52,581 - DEBUG - websocket - Checking 1 users with BUY_LIMIT orders for symbol CADJPY
2025-07-08 09:37:52,590 - DEBUG - websocket - Checking 1 users with BUY_LIMIT orders for symbol AUDCAD
2025-07-08 09:37:52,591 - DEBUG - websocket - Checking 1 users with SELL_LIMIT orders for symbol AUDCAD
2025-07-08 09:37:52,729 - DEBUG - websocket - Checking 1 users with BUY_LIMIT orders for symbol CADJPY
2025-07-08 09:37:52,740 - DEBUG - websocket - Checking 1 users with BUY_LIMIT orders for symbol AUDCAD
2025-07-08 09:37:52,741 - DEBUG - websocket - Checking 1 users with SELL_LIMIT orders for symbol AUDCAD
2025-07-08 09:37:52,869 - DEBUG - websocket - Checking 1 users with BUY_LIMIT orders for symbol CADJPY
2025-07-08 09:37:52,873 - DEBUG - websocket - Checking 1 users with BUY_LIMIT orders for symbol AUDCAD
2025-07-08 09:37:52,874 - DEBUG - websocket - Checking 1 users with SELL_LIMIT orders for symbol AUDCAD
2025-07-08 09:37:52,928 - DEBUG - websocket - Checking 1 users with BUY_LIMIT orders for symbol CADJPY
2025-07-08 09:37:52,930 - DEBUG - websocket - Checking 1 users with BUY_LIMIT orders for symbol AUDCAD
2025-07-08 09:37:52,930 - DEBUG - websocket - Checking 1 users with SELL_LIMIT orders for symbol AUDCAD
2025-07-08 09:37:53,059 - DEBUG - websocket - User 1: Successfully sent market update
2025-07-08 09:37:53,078 - DEBUG - websocket - Checking 1 users with BUY_LIMIT orders for symbol CADJPY
2025-07-08 09:37:53,099 - DEBUG - websocket - Checking 1 users with BUY_LIMIT orders for symbol AUDCAD
2025-07-08 09:37:53,101 - DEBUG - websocket - Checking 1 users with SELL_LIMIT orders for symbol AUDCAD
2025-07-08 09:37:53,235 - DEBUG - websocket - Checking 1 users with BUY_LIMIT orders for symbol CADJPY
2025-07-08 09:37:53,240 - DEBUG - websocket - Checking 1 users with BUY_LIMIT orders for symbol AUDCAD
2025-07-08 09:37:53,241 - DEBUG - websocket - Checking 1 users with SELL_LIMIT orders for symbol AUDCAD
2025-07-08 09:37:53,358 - DEBUG - websocket - Checking 1 users with BUY_LIMIT orders for symbol CADJPY
2025-07-08 09:37:53,363 - DEBUG - websocket - Checking 1 users with BUY_LIMIT orders for symbol AUDCAD
2025-07-08 09:37:53,364 - DEBUG - websocket - Checking 1 users with SELL_LIMIT orders for symbol AUDCAD
2025-07-08 09:37:53,406 - DEBUG - websocket - Checking 1 users with BUY_LIMIT orders for symbol CADJPY
2025-07-08 09:37:53,408 - DEBUG - websocket - Checking 1 users with BUY_LIMIT orders for symbol AUDCAD
2025-07-08 09:37:53,409 - DEBUG - websocket - Checking 1 users with SELL_LIMIT orders for symbol AUDCAD
2025-07-08 09:37:53,528 - DEBUG - websocket - Checking 1 users with BUY_LIMIT orders for symbol CADJPY
2025-07-08 09:37:53,535 - DEBUG - websocket - Checking 1 users with BUY_LIMIT orders for symbol AUDCAD
2025-07-08 09:37:53,536 - DEBUG - websocket - Checking 1 users with SELL_LIMIT orders for symbol AUDCAD
2025-07-08 09:37:53,554 - INFO - websocket - User 5O42G: WebSocket disconnected by client.
2025-07-08 09:37:53,554 - INFO - websocket - User 5O42G: Cleaning up WebSocket connection.
2025-07-08 09:37:53,555 - INFO - websocket - User 5O42G: Listener task successfully cancelled.
2025-07-08 09:37:53,556 - INFO - websocket - User 5O42G: WebSocket connection fully closed.
2025-07-08 09:37:53,694 - DEBUG - websocket - Checking 1 users with BUY_LIMIT orders for symbol CADJPY
2025-07-08 09:37:53,699 - DEBUG - websocket - Checking 1 users with BUY_LIMIT orders for symbol AUDCAD
2025-07-08 09:37:53,700 - DEBUG - websocket - Checking 1 users with SELL_LIMIT orders for symbol AUDCAD
2025-07-08 09:37:53,809 - DEBUG - websocket - Checking 1 users with BUY_LIMIT orders for symbol CADJPY
2025-07-08 09:37:53,815 - DEBUG - websocket - Checking 1 users with BUY_LIMIT orders for symbol AUDCAD
2025-07-08 09:37:53,816 - DEBUG - websocket - Checking 1 users with SELL_LIMIT orders for symbol AUDCAD
2025-07-08 09:37:53,960 - DEBUG - websocket - Checking 1 users with BUY_LIMIT orders for symbol CADJPY
2025-07-08 09:37:53,967 - DEBUG - websocket - Checking 1 users with BUY_LIMIT orders for symbol AUDCAD
2025-07-08 09:37:53,970 - DEBUG - websocket - Checking 1 users with SELL_LIMIT orders for symbol AUDCAD
2025-07-08 09:37:54,752 - INFO - websocket - --- MINIMAL TEST: ENTERED websocket_endpoint --- Connection ID: 127.0.0.1:61349-1751992674752
2025-07-08 09:37:54,754 - INFO - websocket - WebSocket connection accepted (early) for 127.0.0.1:61349 in 0.002s
2025-07-08 09:37:54,758 - DEBUG - websocket - User 0: Successfully sent loading message
2025-07-08 09:37:54,761 - INFO - websocket - WebSocket auth: token payload={'sub': '1', 'user_type': 'demo', 'account_number': '5O42G', 'exp': 1751994438, 'iat': 1751992638}, account_number=5O42G, user_type=demo
2025-07-08 09:37:54,761 - INFO - websocket - WebSocket auth: About to call get_demo_user_by_account_number with account_number=5O42G, user_type=demo
2025-07-08 09:37:54,772 - INFO - websocket - WebSocket auth: get_demo_user_by_account_number(5O42G, demo) returned: <app.database.models.DemoUser object at 0x000001DC9896BCE0>
2025-07-08 09:37:56,808 - INFO - websocket - [WS] Using order model: DemoUserOrder for user_type=demo, account_number=5O42G
2025-07-08 09:37:56,827 - INFO - websocket - [WS] Open positions from DB for user_id=1: [<app.database.models.DemoUserOrder object at 0x000001DC9907B610>, <app.database.models.DemoUserOrder object at 0x000001DC99079310>]
2025-07-08 09:37:57,580 - DEBUG - websocket - Cached/updated group-symbol settings for group 'Group B'.
2025-07-08 09:37:57,586 - INFO - websocket - User 1: Fetched 2 open orders directly from database
2025-07-08 09:37:57,594 - INFO - websocket - User 1: Fetched 1 pending orders directly from database
2025-07-08 09:37:57,596 - INFO - websocket - User 1: Updated static orders cache with 2 open orders and 1 pending orders
2025-07-08 09:37:57,618 - INFO - websocket - User 5O42G: Fetching initial market data for 79 symbols from cache (adjusted or last known price)
2025-07-08 09:37:57,763 - DEBUG - websocket - User 5O42G: Fallback last price for USDTRY: Buy=40.0257100000, Sell=40.0214100000
2025-07-08 09:37:57,801 - DEBUG - websocket - User 1: Successfully sent initial connection data
2025-07-08 09:37:57,801 - INFO - websocket - User 5O42G: Sent initial connection data with 45 symbols (fresh from cache)
2025-07-08 09:37:58,275 - DEBUG - websocket - Checking 1 users with BUY_LIMIT orders for symbol AUDCAD
2025-07-08 09:37:58,276 - DEBUG - websocket - Checking 1 users with SELL_LIMIT orders for symbol AUDCAD
2025-07-08 09:37:58,300 - DEBUG - websocket - Checking 1 users with BUY_LIMIT orders for symbol CADJPY
2025-07-08 09:37:58,428 - DEBUG - websocket - Checking 1 users with BUY_LIMIT orders for symbol AUDCAD
2025-07-08 09:37:58,429 - DEBUG - websocket - Checking 1 users with SELL_LIMIT orders for symbol AUDCAD
2025-07-08 09:37:58,449 - DEBUG - websocket - Checking 1 users with BUY_LIMIT orders for symbol CADJPY
2025-07-08 09:37:58,585 - DEBUG - websocket - Checking 1 users with BUY_LIMIT orders for symbol AUDCAD
2025-07-08 09:37:58,586 - DEBUG - websocket - Checking 1 users with SELL_LIMIT orders for symbol AUDCAD
2025-07-08 09:37:58,611 - DEBUG - websocket - Checking 1 users with BUY_LIMIT orders for symbol CADJPY
2025-07-08 09:37:58,709 - DEBUG - websocket - Checking 1 users with BUY_LIMIT orders for symbol AUDCAD
2025-07-08 09:37:58,709 - DEBUG - websocket - Checking 1 users with SELL_LIMIT orders for symbol AUDCAD
2025-07-08 09:37:58,725 - DEBUG - websocket - Checking 1 users with BUY_LIMIT orders for symbol CADJPY
2025-07-08 09:37:58,809 - DEBUG - websocket - Checking 1 users with BUY_LIMIT orders for symbol AUDCAD
2025-07-08 09:37:58,809 - DEBUG - websocket - Checking 1 users with SELL_LIMIT orders for symbol AUDCAD
2025-07-08 09:37:58,833 - DEBUG - websocket - Checking 1 users with BUY_LIMIT orders for symbol CADJPY
2025-07-08 09:37:58,956 - DEBUG - websocket - Checking 1 users with BUY_LIMIT orders for symbol AUDCAD
2025-07-08 09:37:58,957 - DEBUG - websocket - Checking 1 users with SELL_LIMIT orders for symbol AUDCAD
2025-07-08 09:37:58,982 - DEBUG - websocket - Checking 1 users with BUY_LIMIT orders for symbol CADJPY
2025-07-08 09:37:59,121 - DEBUG - websocket - Checking 1 users with BUY_LIMIT orders for symbol AUDCAD
2025-07-08 09:37:59,122 - DEBUG - websocket - Checking 1 users with SELL_LIMIT orders for symbol AUDCAD
2025-07-08 09:37:59,136 - DEBUG - websocket - Checking 1 users with BUY_LIMIT orders for symbol CADJPY
2025-07-08 09:37:59,249 - DEBUG - websocket - Checking 1 users with BUY_LIMIT orders for symbol AUDCAD
2025-07-08 09:37:59,250 - DEBUG - websocket - Checking 1 users with SELL_LIMIT orders for symbol AUDCAD
2025-07-08 09:37:59,268 - DEBUG - websocket - Checking 1 users with BUY_LIMIT orders for symbol CADJPY
2025-07-08 09:37:59,404 - DEBUG - websocket - Checking 1 users with BUY_LIMIT orders for symbol AUDCAD
2025-07-08 09:37:59,405 - DEBUG - websocket - Checking 1 users with SELL_LIMIT orders for symbol AUDCAD
2025-07-08 09:37:59,424 - DEBUG - websocket - Checking 1 users with BUY_LIMIT orders for symbol CADJPY
2025-07-08 09:37:59,558 - DEBUG - websocket - Checking 1 users with BUY_LIMIT orders for symbol AUDCAD
2025-07-08 09:37:59,559 - DEBUG - websocket - Checking 1 users with SELL_LIMIT orders for symbol AUDCAD
2025-07-08 09:37:59,585 - DEBUG - websocket - Checking 1 users with BUY_LIMIT orders for symbol CADJPY
2025-07-08 09:37:59,682 - DEBUG - websocket - Checking 1 users with BUY_LIMIT orders for symbol AUDCAD
2025-07-08 09:37:59,683 - DEBUG - websocket - Checking 1 users with SELL_LIMIT orders for symbol AUDCAD
2025-07-08 09:37:59,701 - DEBUG - websocket - Checking 1 users with BUY_LIMIT orders for symbol CADJPY
2025-07-08 09:37:59,814 - DEBUG - websocket - Checking 1 users with BUY_LIMIT orders for symbol AUDCAD
2025-07-08 09:37:59,815 - DEBUG - websocket - Checking 1 users with SELL_LIMIT orders for symbol AUDCAD
2025-07-08 09:37:59,851 - DEBUG - websocket - Checking 1 users with BUY_LIMIT orders for symbol CADJPY
2025-07-08 09:38:00,936 - DEBUG - websocket - User 1: Successfully sent market update
2025-07-08 09:38:01,129 - DEBUG - websocket - Checking 1 users with BUY_LIMIT orders for symbol AUDCAD
2025-07-08 09:38:01,158 - DEBUG - websocket - Checking 1 users with SELL_LIMIT orders for symbol AUDCAD
2025-07-08 09:38:01,722 - DEBUG - websocket - Checking 1 users with BUY_LIMIT orders for symbol CADJPY
2025-07-08 09:38:02,378 - DEBUG - websocket - Checking 1 users with BUY_LIMIT orders for symbol AUDCAD
2025-07-08 09:38:02,378 - DEBUG - websocket - Checking 1 users with SELL_LIMIT orders for symbol AUDCAD
2025-07-08 09:38:02,406 - DEBUG - websocket - Checking 1 users with BUY_LIMIT orders for symbol CADJPY
2025-07-08 09:38:02,536 - DEBUG - websocket - Checking 1 users with BUY_LIMIT orders for symbol AUDCAD
2025-07-08 09:38:02,537 - DEBUG - websocket - Checking 1 users with SELL_LIMIT orders for symbol AUDCAD
2025-07-08 09:38:02,562 - DEBUG - websocket - Checking 1 users with BUY_LIMIT orders for symbol CADJPY
2025-07-08 09:38:02,703 - DEBUG - websocket - Checking 1 users with BUY_LIMIT orders for symbol AUDCAD
2025-07-08 09:38:02,704 - DEBUG - websocket - Checking 1 users with SELL_LIMIT orders for symbol AUDCAD
2025-07-08 09:38:02,723 - DEBUG - websocket - Checking 1 users with BUY_LIMIT orders for symbol CADJPY
2025-07-08 09:38:02,834 - DEBUG - websocket - Checking 1 users with BUY_LIMIT orders for symbol AUDCAD
2025-07-08 09:38:02,835 - DEBUG - websocket - Checking 1 users with SELL_LIMIT orders for symbol AUDCAD
2025-07-08 09:38:02,851 - DEBUG - websocket - Checking 1 users with BUY_LIMIT orders for symbol CADJPY
2025-07-08 09:38:02,969 - DEBUG - websocket - User 1: Successfully sent market update
2025-07-08 09:38:03,052 - DEBUG - websocket - Checking 1 users with BUY_LIMIT orders for symbol AUDCAD
2025-07-08 09:38:03,053 - DEBUG - websocket - Checking 1 users with SELL_LIMIT orders for symbol AUDCAD
2025-07-08 09:38:03,086 - DEBUG - websocket - Checking 1 users with BUY_LIMIT orders for symbol CADJPY
2025-07-08 09:38:03,240 - DEBUG - websocket - Checking 1 users with BUY_LIMIT orders for symbol AUDCAD
2025-07-08 09:38:03,241 - DEBUG - websocket - Checking 1 users with SELL_LIMIT orders for symbol AUDCAD
2025-07-08 09:38:03,263 - DEBUG - websocket - Checking 1 users with BUY_LIMIT orders for symbol CADJPY
2025-07-08 09:38:03,386 - DEBUG - websocket - Checking 1 users with BUY_LIMIT orders for symbol AUDCAD
2025-07-08 09:38:03,387 - DEBUG - websocket - Checking 1 users with SELL_LIMIT orders for symbol AUDCAD
2025-07-08 09:38:03,417 - DEBUG - websocket - Checking 1 users with BUY_LIMIT orders for symbol CADJPY
2025-07-08 09:38:03,563 - DEBUG - websocket - Checking 1 users with BUY_LIMIT orders for symbol AUDCAD
2025-07-08 09:38:03,565 - DEBUG - websocket - Checking 1 users with SELL_LIMIT orders for symbol AUDCAD
2025-07-08 09:38:03,595 - DEBUG - websocket - Checking 1 users with BUY_LIMIT orders for symbol CADJPY
2025-07-08 09:38:03,733 - DEBUG - websocket - Checking 1 users with BUY_LIMIT orders for symbol AUDCAD
2025-07-08 09:38:03,734 - DEBUG - websocket - Checking 1 users with SELL_LIMIT orders for symbol AUDCAD
2025-07-08 09:38:03,761 - DEBUG - websocket - Checking 1 users with BUY_LIMIT orders for symbol CADJPY
2025-07-08 09:38:03,895 - DEBUG - websocket - Checking 1 users with BUY_LIMIT orders for symbol AUDCAD
2025-07-08 09:38:03,896 - DEBUG - websocket - Checking 1 users with SELL_LIMIT orders for symbol AUDCAD
2025-07-08 09:38:03,928 - DEBUG - websocket - Checking 1 users with BUY_LIMIT orders for symbol CADJPY
2025-07-08 09:38:04,074 - DEBUG - websocket - Checking 1 users with BUY_LIMIT orders for symbol AUDCAD
2025-07-08 09:38:04,075 - DEBUG - websocket - Checking 1 users with SELL_LIMIT orders for symbol AUDCAD
2025-07-08 09:38:04,103 - DEBUG - websocket - Checking 1 users with BUY_LIMIT orders for symbol CADJPY
2025-07-08 09:38:04,229 - DEBUG - websocket - Checking 1 users with BUY_LIMIT orders for symbol AUDCAD
2025-07-08 09:38:04,230 - DEBUG - websocket - Checking 1 users with SELL_LIMIT orders for symbol AUDCAD
2025-07-08 09:38:04,256 - DEBUG - websocket - Checking 1 users with BUY_LIMIT orders for symbol CADJPY
2025-07-08 09:38:04,381 - DEBUG - websocket - Checking 1 users with BUY_LIMIT orders for symbol AUDCAD
2025-07-08 09:38:04,382 - DEBUG - websocket - Checking 1 users with SELL_LIMIT orders for symbol AUDCAD
2025-07-08 09:38:04,409 - DEBUG - websocket - Checking 1 users with BUY_LIMIT orders for symbol CADJPY
2025-07-08 09:38:04,550 - DEBUG - websocket - Checking 1 users with BUY_LIMIT orders for symbol AUDCAD
2025-07-08 09:38:04,551 - DEBUG - websocket - Checking 1 users with SELL_LIMIT orders for symbol AUDCAD
2025-07-08 09:38:04,578 - DEBUG - websocket - Checking 1 users with BUY_LIMIT orders for symbol CADJPY
2025-07-08 09:38:04,614 - DEBUG - websocket - User 1: Successfully sent market update
2025-07-08 09:38:04,820 - DEBUG - websocket - Checking 1 users with BUY_LIMIT orders for symbol AUDCAD
2025-07-08 09:38:04,821 - DEBUG - websocket - Checking 1 users with SELL_LIMIT orders for symbol AUDCAD
2025-07-08 09:38:04,854 - DEBUG - websocket - Checking 1 users with BUY_LIMIT orders for symbol CADJPY
2025-07-08 09:38:05,002 - DEBUG - websocket - Checking 1 users with BUY_LIMIT orders for symbol AUDCAD
2025-07-08 09:38:05,003 - DEBUG - websocket - Checking 1 users with SELL_LIMIT orders for symbol AUDCAD
2025-07-08 09:38:05,021 - DEBUG - websocket - Checking 1 users with BUY_LIMIT orders for symbol CADJPY
2025-07-08 09:38:05,155 - DEBUG - websocket - Checking 1 users with BUY_LIMIT orders for symbol AUDCAD
2025-07-08 09:38:05,156 - DEBUG - websocket - Checking 1 users with SELL_LIMIT orders for symbol AUDCAD
2025-07-08 09:38:05,182 - DEBUG - websocket - Checking 1 users with BUY_LIMIT orders for symbol CADJPY
2025-07-08 09:38:05,304 - DEBUG - websocket - Checking 1 users with BUY_LIMIT orders for symbol AUDCAD
2025-07-08 09:38:05,305 - DEBUG - websocket - Checking 1 users with SELL_LIMIT orders for symbol AUDCAD
2025-07-08 09:38:05,328 - DEBUG - websocket - Checking 1 users with BUY_LIMIT orders for symbol CADJPY
2025-07-08 09:38:05,457 - DEBUG - websocket - Checking 1 users with BUY_LIMIT orders for symbol AUDCAD
2025-07-08 09:38:05,458 - DEBUG - websocket - Checking 1 users with SELL_LIMIT orders for symbol AUDCAD
2025-07-08 09:38:05,482 - DEBUG - websocket - Checking 1 users with BUY_LIMIT orders for symbol CADJPY
2025-07-08 09:38:05,559 - DEBUG - websocket - Checking 1 users with BUY_LIMIT orders for symbol AUDCAD
2025-07-08 09:38:05,559 - DEBUG - websocket - Checking 1 users with SELL_LIMIT orders for symbol AUDCAD
2025-07-08 09:38:05,585 - DEBUG - websocket - Checking 1 users with BUY_LIMIT orders for symbol CADJPY
2025-07-08 09:38:05,693 - DEBUG - websocket - Checking 1 users with BUY_LIMIT orders for symbol AUDCAD
2025-07-08 09:38:05,694 - DEBUG - websocket - Checking 1 users with SELL_LIMIT orders for symbol AUDCAD
2025-07-08 09:38:05,710 - DEBUG - websocket - Checking 1 users with BUY_LIMIT orders for symbol CADJPY
2025-07-08 09:38:05,790 - DEBUG - websocket - Checking 1 users with BUY_LIMIT orders for symbol AUDCAD
2025-07-08 09:38:05,791 - DEBUG - websocket - Checking 1 users with SELL_LIMIT orders for symbol AUDCAD
2025-07-08 09:38:05,822 - DEBUG - websocket - Checking 1 users with BUY_LIMIT orders for symbol CADJPY
2025-07-08 09:38:05,904 - DEBUG - websocket - Checking 1 users with BUY_LIMIT orders for symbol AUDCAD
2025-07-08 09:38:05,905 - DEBUG - websocket - Checking 1 users with SELL_LIMIT orders for symbol AUDCAD
2025-07-08 09:38:05,915 - DEBUG - websocket - Checking 1 users with BUY_LIMIT orders for symbol CADJPY
2025-07-08 09:38:06,006 - DEBUG - websocket - Checking 1 users with BUY_LIMIT orders for symbol AUDCAD
2025-07-08 09:38:06,007 - DEBUG - websocket - Checking 1 users with SELL_LIMIT orders for symbol AUDCAD
2025-07-08 09:38:06,021 - DEBUG - websocket - Checking 1 users with BUY_LIMIT orders for symbol CADJPY
2025-07-08 09:38:06,114 - DEBUG - websocket - Checking 1 users with BUY_LIMIT orders for symbol AUDCAD
2025-07-08 09:38:06,114 - DEBUG - websocket - Checking 1 users with SELL_LIMIT orders for symbol AUDCAD
2025-07-08 09:38:06,129 - DEBUG - websocket - Checking 1 users with BUY_LIMIT orders for symbol CADJPY
2025-07-08 09:38:06,198 - DEBUG - websocket - Checking 1 users with BUY_LIMIT orders for symbol AUDCAD
2025-07-08 09:38:06,199 - DEBUG - websocket - Checking 1 users with SELL_LIMIT orders for symbol AUDCAD
2025-07-08 09:38:06,211 - DEBUG - websocket - Checking 1 users with BUY_LIMIT orders for symbol CADJPY
2025-07-08 09:38:06,278 - DEBUG - websocket - Checking 1 users with BUY_LIMIT orders for symbol AUDCAD
2025-07-08 09:38:06,278 - DEBUG - websocket - Checking 1 users with SELL_LIMIT orders for symbol AUDCAD
2025-07-08 09:38:06,291 - DEBUG - websocket - Checking 1 users with BUY_LIMIT orders for symbol CADJPY
2025-07-08 09:38:06,359 - DEBUG - websocket - Checking 1 users with BUY_LIMIT orders for symbol AUDCAD
2025-07-08 09:38:06,360 - DEBUG - websocket - Checking 1 users with SELL_LIMIT orders for symbol AUDCAD
2025-07-08 09:38:06,373 - DEBUG - websocket - Checking 1 users with BUY_LIMIT orders for symbol CADJPY
2025-07-08 09:38:06,450 - DEBUG - websocket - Checking 1 users with BUY_LIMIT orders for symbol AUDCAD
2025-07-08 09:38:06,451 - DEBUG - websocket - Checking 1 users with SELL_LIMIT orders for symbol AUDCAD
2025-07-08 09:38:06,467 - DEBUG - websocket - Checking 1 users with BUY_LIMIT orders for symbol CADJPY
2025-07-08 09:38:06,593 - DEBUG - websocket - Checking 1 users with BUY_LIMIT orders for symbol AUDCAD
2025-07-08 09:38:06,594 - DEBUG - websocket - Checking 1 users with SELL_LIMIT orders for symbol AUDCAD
2025-07-08 09:38:06,634 - DEBUG - websocket - Checking 1 users with BUY_LIMIT orders for symbol CADJPY
2025-07-08 09:38:06,824 - DEBUG - websocket - Checking 1 users with BUY_LIMIT orders for symbol AUDCAD
2025-07-08 09:38:06,826 - DEBUG - websocket - Checking 1 users with SELL_LIMIT orders for symbol AUDCAD
2025-07-08 09:38:06,926 - DEBUG - websocket - User 1: Successfully sent market update
2025-07-08 09:38:06,956 - DEBUG - websocket - Checking 1 users with BUY_LIMIT orders for symbol CADJPY
2025-07-08 09:38:07,100 - DEBUG - websocket - Checking 1 users with BUY_LIMIT orders for symbol AUDCAD
2025-07-08 09:38:07,101 - DEBUG - websocket - Checking 1 users with SELL_LIMIT orders for symbol AUDCAD
2025-07-08 09:38:07,124 - DEBUG - websocket - Checking 1 users with BUY_LIMIT orders for symbol CADJPY
2025-07-08 09:38:07,250 - DEBUG - websocket - Checking 1 users with BUY_LIMIT orders for symbol AUDCAD
2025-07-08 09:38:07,252 - DEBUG - websocket - Checking 1 users with SELL_LIMIT orders for symbol AUDCAD
2025-07-08 09:38:07,280 - DEBUG - websocket - Checking 1 users with BUY_LIMIT orders for symbol CADJPY
2025-07-08 09:38:07,434 - DEBUG - websocket - Checking 1 users with BUY_LIMIT orders for symbol AUDCAD
2025-07-08 09:38:07,435 - DEBUG - websocket - Checking 1 users with SELL_LIMIT orders for symbol AUDCAD
2025-07-08 09:38:07,497 - DEBUG - websocket - Checking 1 users with BUY_LIMIT orders for symbol CADJPY
2025-07-08 09:38:07,751 - DEBUG - websocket - Checking 1 users with BUY_LIMIT orders for symbol AUDCAD
2025-07-08 09:38:07,752 - DEBUG - websocket - Checking 1 users with SELL_LIMIT orders for symbol AUDCAD
2025-07-08 09:38:07,773 - DEBUG - websocket - Checking 1 users with BUY_LIMIT orders for symbol CADJPY
2025-07-08 09:38:07,928 - DEBUG - websocket - Checking 1 users with BUY_LIMIT orders for symbol AUDCAD
2025-07-08 09:38:07,930 - DEBUG - websocket - Checking 1 users with SELL_LIMIT orders for symbol AUDCAD
2025-07-08 09:38:07,951 - DEBUG - websocket - Checking 1 users with BUY_LIMIT orders for symbol CADJPY
2025-07-08 09:38:08,068 - DEBUG - websocket - Checking 1 users with BUY_LIMIT orders for symbol AUDCAD
2025-07-08 09:38:08,069 - DEBUG - websocket - Checking 1 users with SELL_LIMIT orders for symbol AUDCAD
2025-07-08 09:38:08,082 - DEBUG - websocket - Checking 1 users with BUY_LIMIT orders for symbol CADJPY
2025-07-08 09:38:08,201 - DEBUG - websocket - Checking 1 users with BUY_LIMIT orders for symbol AUDCAD
2025-07-08 09:38:08,202 - DEBUG - websocket - Checking 1 users with SELL_LIMIT orders for symbol AUDCAD
2025-07-08 09:38:08,226 - DEBUG - websocket - Checking 1 users with BUY_LIMIT orders for symbol CADJPY
2025-07-08 09:38:08,400 - DEBUG - websocket - Checking 1 users with BUY_LIMIT orders for symbol AUDCAD
2025-07-08 09:38:08,400 - DEBUG - websocket - Checking 1 users with SELL_LIMIT orders for symbol AUDCAD
2025-07-08 09:38:08,425 - DEBUG - websocket - Checking 1 users with BUY_LIMIT orders for symbol CADJPY
2025-07-08 09:38:08,550 - DEBUG - websocket - Checking 1 users with BUY_LIMIT orders for symbol AUDCAD
2025-07-08 09:38:08,550 - DEBUG - websocket - Checking 1 users with SELL_LIMIT orders for symbol AUDCAD
2025-07-08 09:38:08,572 - DEBUG - websocket - Checking 1 users with BUY_LIMIT orders for symbol CADJPY
2025-07-08 09:38:08,698 - DEBUG - websocket - Checking 1 users with BUY_LIMIT orders for symbol AUDCAD
2025-07-08 09:38:08,699 - DEBUG - websocket - Checking 1 users with SELL_LIMIT orders for symbol AUDCAD
2025-07-08 09:38:08,720 - DEBUG - websocket - Checking 1 users with BUY_LIMIT orders for symbol CADJPY
2025-07-08 09:38:08,865 - DEBUG - websocket - Checking 1 users with BUY_LIMIT orders for symbol AUDCAD
2025-07-08 09:38:08,867 - DEBUG - websocket - Checking 1 users with SELL_LIMIT orders for symbol AUDCAD
2025-07-08 09:38:08,897 - DEBUG - websocket - Checking 1 users with BUY_LIMIT orders for symbol CADJPY
2025-07-08 09:38:09,032 - DEBUG - websocket - Checking 1 users with BUY_LIMIT orders for symbol AUDCAD
2025-07-08 09:38:09,033 - DEBUG - websocket - Checking 1 users with SELL_LIMIT orders for symbol AUDCAD
2025-07-08 09:38:09,063 - DEBUG - websocket - Checking 1 users with BUY_LIMIT orders for symbol CADJPY
2025-07-08 09:38:09,116 - INFO - websocket - User 5O42G: WebSocket disconnected by client.
2025-07-08 09:38:09,117 - INFO - websocket - User 5O42G: Cleaning up WebSocket connection.
2025-07-08 09:38:09,138 - INFO - websocket - User 5O42G: Listener task successfully cancelled.
2025-07-08 09:38:09,139 - INFO - websocket - User 5O42G: WebSocket connection fully closed.
2025-07-08 09:38:09,221 - INFO - websocket - Redis publisher task cancelled.
2025-07-08 09:38:09,221 - INFO - websocket - Redis publisher task finished.
2025-07-08 09:44:23,686 - INFO - websocket - Redis publisher task started. Publishing to channel 'market_data_updates'.
2025-07-08 09:44:28,001 - INFO - websocket - Redis publisher task cancelled.
2025-07-08 09:44:28,002 - INFO - websocket - Redis publisher task finished.
